+++++++++++++++++++++++++
+++++++++++++++++++++++++
+++++++++++++++++++++++++
+++++++++++++++++++++++++
++++++X+XX+++++++++++++++
+++++X++++++X++++++++++++
++++XX+++X++X++++++++++++
+XX+X+++++XX+++++++++++++
+XX+X+++++XX+++++++++++++
++++XX+++X++X++++++++++++
+++++X++++++X++++++++++++
++++++X+XX+++++++++++++++
+++++++++++++++++++++++++
+++++++++++++++++++++++++
+++++++++++++++++++++++++
+++++++++++++++++++++++++
+++++++++++++++++++++++++
+++++++++++++++++++++++++
+++++++++++++++++++++++++
+++++++++++++++++++++++++
+++++++++++++++++++++++++
+++++++++++++++++++++++++
+++++++++++++++++++++++++
+++++++++++++++++++++++++
+++++++++++++++++++++++++

+++++++++++++++++++++++++
+++++++++++++++++++++++++
+++++++++++++++++++++++++
+++++++XXX+++++++++++++++
+++++XXXXX+++++++++++++++
+++++X+X++XXXX+++++++++++
+XX+XXX++X++XX+++++++++++
XXX+X+++++XX+++++++++++++
XXX+X+++++XX+++++++++++++
+XX+XXX++X++XX+++++++++++
+++++X+X++XXXX+++++++++++
+++++XXXXX+++++++++++++++
+++++++XXX+++++++++++++++
+++++++++++++++++++++++++
+++++++++++++++++++++++++
+++++++++++++++++++++++++
+++++++++++++++++++++++++
+++++++++++++++++++++++++
+++++++++++++++++++++++++
+++++++++++++++++++++++++
+++++++++++++++++++++++++
+++++++++++++++++++++++++
+++++++++++++++++++++++++
+++++++++++++++++++++++++
+++++++++++++++++++++++++

+++++++++++++++++++++++++
+++++++++++++++++++++++++
+++++++X+X+++++++++++++++
+++++++XXX+++++++++++++++
+++++XXXXX+XX++++++++++++
+XX++X+XX+XXXXX++++++++++
XXX+XXXX+XX+XXX++++++++++
XXX+X+++++XXXX+++++++++++
XXX+X+++++XXXX+++++++++++
XXX+XXXX+XX+XXX++++++++++
+XX++X+XX+XXXXX++++++++++
+++++XXXXX+XX++++++++++++
+++++++XXX+++++++++++++++
+++++++X+X+++++++++++++++
+++++++++++++++++++++++++
+++++++++++++++++++++++++
+++++++++++++++++++++++++
+++++++++++++++++++++++++
+++++++++++++++++++++++++
+++++++++++++++++++++++++
+++++++++++++++++++++++++
+++++++++++++++++++++++++
+++++++++++++++++++++++++
+++++++++++++++++++++++++
+++++++++++++++++++++++++

+++++++++++++++++++++++++
++++++++X++++++++++++++++
++++++XX+X+++++++++++++++
++++++XXXXXXX++++++++++++
+XX++XXXXXXXX+X++++++++++
+XX++X+XXXXXXXXX+++++++++
XXXXXXXX+XX+XXXX+++++++++
XXXXX+++++XXXX+++++++++++
XXXXX+++++XXXX+++++++++++
XXXXXXXX+XX+XXXX+++++++++
+XX++X+XXXXXXXXX+++++++++
+XX++XXXXXXXX+X++++++++++
++++++XXXXXXX++++++++++++
++++++XX+X+++++++++++++++
++++++++X++++++++++++++++
+++++++++++++++++++++++++
+++++++++++++++++++++++++
+++++++++++++++++++++++++
+++++++++++++++++++++++++
+++++++++++++++++++++++++
+++++++++++++++++++++++++
+++++++++++++++++++++++++
+++++++++++++++++++++++++
+++++++++++++++++++++++++
+++++++++++++++++++++++++

+++++++++++++++++++++++++
+++++++XX++++++++++++++++
+++++XXX+XX+X++++++++++++
+XX++XXXXXXXXX+++++++++++
+XXX+XXXXXXXXXXX+++++++++
+XX++XXXXXXXXXXXX++++++++
XXXXXXXX+XX+XXXXX++++++++
XXXXX+++X+XXXX+++++++++++
XXXXX+++X+XXXX+++++++++++
XXXXXXXX+XX+XXXXX++++++++
+XX++XXXXXXXXXXXX++++++++
+XXX+XXXXXXXXXXX+++++++++
+XX++XXXXXXXXX+++++++++++
+++++XXX+XX+X++++++++++++
+++++++XX++++++++++++++++
+++++++++++++++++++++++++
+++++++++++++++++++++++++
+++++++++++++++++++++++++
+++++++++++++++++++++++++
+++++++++++++++++++++++++
+++++++++++++++++++++++++
+++++++++++++++++++++++++
+++++++++++++++++++++++++
+++++++++++++++++++++++++
+++++++++++++++++++++++++

+++++++++++++++++++++++++
++++++XXXXXX+++++++++++++
+XX+XXXX+XX+X++++++++++++
XXX++XXXXXXXXX+++++++++++
XXXXXXXXXXXXXXXX+++++++++
XXX+XXXXXXXXXXXXXX+++++++
XXXXXXXX+XXXXXXXXX+++++++
XXXXXXX+X+XXXX+X+++++++++
XXXXXXX+X+XXXX+X+++++++++
XXXXXXXX+XXXXXXXXX+++++++
XXX+XXXXXXXXXXXXXX+++++++
XXXXXXXXXXXXXXXX+++++++++
XXX++XXXXXXXXX+++++++++++
+XX+XXXX+XX+X++++++++++++
++++++XXXXXX+++++++++++++
+++++++++++++++++++++++++
+++++++++++++++++++++++++
+++++++++++++++++++++++++
+++++++++++++++++++++++++
+++++++++++++++++++++++++
+++++++++++++++++++++++++
+++++++++++++++++++++++++
+++++++++++++++++++++++++
+++++++++++++++++++++++++
+++++++++++++++++++++++++

+++++++XX++X+++++++++++++
+XXX+XXXXXXXX++++++++++++
XXXXXXXX+XX+X++++++++++++
XXX++XXXXXXXXXX++++++++++
XXXXXXXXXXXXXXXXX++++++++
XXX+XXXXXXXXXXXXXXX++++++
XXXXXXXXXXXXXXXXXXX++++++
XXXXXXXXX+XXXXXX+X+++++++
XXXXXXXXX+XXXXXX+X+++++++
XXXXXXXXXXXXXXXXXXX++++++
XXX+XXXXXXXXXXXXXXX++++++
XXXXXXXXXXXXXXXXX++++++++
XXX++XXXXXXXXXX++++++++++
XXXXXXXX+XX+X++++++++++++
+XXX+XXXXXXXX++++++++++++
+++++++XX++X+++++++++++++
+++++++++++++++++++++++++
+++++++++++++++++++++++++
+++++++++++++++++++++++++
+++++++++++++++++++++++++
+++++++++++++++++++++++++
+++++++++++++++++++++++++
+++++++++++++++++++++++++
+++++++++++++++++++++++++
+++++++++++++++++++++++++

+++++++XXXXX+++++++++++++
+XXX+X++X++XX++++++++++++
XX+X+++X+++++++++++++++++
XX+++XXX+XXX+XX++++++++++
X+XXX+XXX+XXXX++X++++++++
XXX+XXXXXXXX+X+XXXX++++++
XX+XX+XXXX+X+XXXXXX++++++
+X+XXXXXX++XXXXX+X+++++++
+X+XXXXXX++XXXXX+X+++++++
XX+XX+XXXX+X+XXXXXX++++++
XXX+XXXXXXXX+X+XXXX++++++
X+XXX+XXX+XXXX++X++++++++
XX+++XXX+XXX+XX++++++++++
XX+X+++X+++++++++++++++++
+XXX+X++X++XX++++++++++++
+++++++XXXXX+++++++++++++
+++++++++++++++++++++++++
+++++++++++++++++++++++++
+++++++++++++++++++++++++
+++++++++++++++++++++++++
+++++++++++++++++++++++++
+++++++++++++++++++++++++
+++++++++++++++++++++++++
+++++++++++++++++++++++++
+++++++++++++++++++++++++

+++++++++++++++++++++++++
++++++X+XXXX+++++++++++++
+XX+X+XX+XXXXX+++++++++++
XX+XXXX++X++XXX++++++++++
XX+XX++X+XXXXXXXX++++++++
X+XXXX+++X++XXX+XX+++++++
X+XX++X++XXXXX+XXX+++++++
+X+XXXX+X+XXXX+X+++++++++
+X+XXXX+X+XXXX+X+++++++++
X+XX++X++XXXXX+XXX+++++++
X+XXXX+++X++XXX+XX+++++++
XX+XX++X+XXXXXXXX++++++++
XX+XXXX++X++XXX++++++++++
+XX+X+XX+XXXXX+++++++++++
++++++X+XXXX+++++++++++++
+++++++++++++++++++++++++
+++++++++++++++++++++++++
+++++++++++++++++++++++++
+++++++++++++++++++++++++
+++++++++++++++++++++++++
+++++++++++++++++++++++++
+++++++++++++++++++++++++
+++++++++++++++++++++++++
+++++++++++++++++++++++++
+++++++++++++++++++++++++

+++++++XX++X+++++++++++++
+XXX+XX+XXXXX++++++++++++
XXXXX+XX+XXXXX+++++++++++
XX+XXXX++X++XXX++++++++++
XX+XX++XXXXXXXXXX++++++++
X+XXXX++XX++XXXXXXX++++++
X+XXX+X+XXXXXXXXXXX++++++
+X+XXXXXX+XXXXXX+X+++++++
+X+XXXXXX+XXXXXX+X+++++++
X+XXX+X+XXXXXXXXXXX++++++
X+XXXX++XX++XXXXXXX++++++
XX+XX++XXXXXXXXXX++++++++
XX+XXXX++X++XXX++++++++++
XXXXX+XX+XXXXX+++++++++++
+XXX+XX+XXXXX++++++++++++
+++++++XX++X+++++++++++++
+++++++++++++++++++++++++
+++++++++++++++++++++++++
+++++++++++++++++++++++++
+++++++++++++++++++++++++
+++++++++++++++++++++++++
+++++++++++++++++++++++++
+++++++++++++++++++++++++
+++++++++++++++++++++++++
+++++++++++++++++++++++++

+++++++XXXXX+++++++++++++
+XXX+X+XX++XX++++++++++++
XX+X+X+X+++X+X+++++++++++
XXXXXXX+XX+++XX++++++++++
X++XXX+XX+XXXX++X++++++++
X+XXXX++XX+++X+XXXX++++++
X++XXXX+XX+X+XXXXXX++++++
XXXXXXXXX++XXXXX+X+++++++
XXXXXXXXX++XXXXX+X+++++++
X++XXXX+XX+X+XXXXXX++++++
X+XXXX++XX+++X+XXXX++++++
X++XXX+XX+XXXX++X++++++++
XXXXXXX+XX+++XX++++++++++
XX+X+X+X+++X+X+++++++++++
+XXX+X+XX++XX++++++++++++
+++++++XXXXX+++++++++++++
+++++++++++++++++++++++++
+++++++++++++++++++++++++
+++++++++++++++++++++++++
+++++++++++++++++++++++++
+++++++++++++++++++++++++
+++++++++++++++++++++++++
+++++++++++++++++++++++++
+++++++++++++++++++++++++
+++++++++++++++++++++++++

+++++++++++++++++++++++++
+++++++X+++++++++++++++++
+++++X+++XXXX++++++++++++
+XX++X+XXXX+XX+++++++++++
+XXX+XX++X+++X+X+++++++++
++XX+XXX+XXXXX+XX++++++++
XXXXXXXX+XX+XXX+X++++++++
XX++++++X+XXXX+++++++++++
XX++++++X+XXXX+++++++++++
XXXXXXXX+XX+XXX+X++++++++
++XX+XXX+XXXXX+XX++++++++
+XXX+XX++X+++X+X+++++++++
+XX++X+XXXX+XX+++++++++++
+++++X+++XXXX++++++++++++
+++++++X+++++++++++++++++
+++++++++++++++++++++++++
+++++++++++++++++++++++++
+++++++++++++++++++++++++
+++++++++++++++++++++++++
+++++++++++++++++++++++++
+++++++++++++++++++++++++
+++++++++++++++++++++++++
+++++++++++++++++++++++++
+++++++++++++++++++++++++
+++++++++++++++++++++++++

+++++++++++++++++++++++++
++++++XXXXXX+++++++++++++
+XX+XX+X+XXXX++++++++++++
XXX++X+XXXX+XX+++++++++++
XXXXXXX++XXX+X+X+++++++++
X+XXXXXX+XXXXX+XXX+++++++
XXXXXXXX+XXXXXX+XX+++++++
XX+++XX+X+XXXX+X+++++++++
XX+++XX+X+XXXX+X+++++++++
XXXXXXXX+XXXXXX+XX+++++++
X+XXXXXX+XXXXX+XXX+++++++
XXXXXXX++XXX+X+X+++++++++
XXX++X+XXXX+XX+++++++++++
+XX+XX+X+XXXX++++++++++++
++++++XXXXXX+++++++++++++
+++++++++++++++++++++++++
+++++++++++++++++++++++++
+++++++++++++++++++++++++
+++++++++++++++++++++++++
+++++++++++++++++++++++++
+++++++++++++++++++++++++
+++++++++++++++++++++++++
+++++++++++++++++++++++++
+++++++++++++++++++++++++
+++++++++++++++++++++++++

+++++++XX++X+++++++++++++
+XXX+XXXXXXXX++++++++++++
XXXXXX+X+XXXX++++++++++++
XXX++XXXXXX+XXX++++++++++
XXXXXXX+XXXX+X+XX++++++++
X+XXXXXXXXXXXX+XXXX++++++
XXXXXXXXXXXXXXXXXXX++++++
XX++XXXXX+XXXXXX+X+++++++
XX++XXXXX+XXXXXX+X+++++++
XXXXXXXXXXXXXXXXXXX++++++
X+XXXXXXXXXXXX+XXXX++++++
XXXXXXX+XXXX+X+XX++++++++
XXX++XXXXXX+XXX++++++++++
XXXXXX+X+XXXX++++++++++++
+XXX+XXXXXXXX++++++++++++
+++++++XX++X+++++++++++++
+++++++++++++++++++++++++
+++++++++++++++++++++++++
+++++++++++++++++++++++++
+++++++++++++++++++++++++
+++++++++++++++++++++++++
+++++++++++++++++++++++++
+++++++++++++++++++++++++
+++++++++++++++++++++++++
+++++++++++++++++++++++++

+++++++XXXXX+++++++++++++
+XXX+X++X++XX++++++++++++
XX+X++XX+++X+++++++++++++
XX+++XXX+XX++XX++++++++++
X+XXX+X+X+XX+XX+X++++++++
X+XXXXXXXXXX+XXXXXX++++++
XX+XX+XXXX+X+XXXXXX++++++
+XX+XXXXX++XXXXX+X+++++++
+XX+XXXXX++XXXXX+X+++++++
XX+XX+XXXX+X+XXXXXX++++++
X+XXXXXXXXXX+XXXXXX++++++
X+XXX+X+X+XX+XX+X++++++++
XX+++XXX+XX++XX++++++++++
XX+X++XX+++X+++++++++++++
+XXX+X++X++XX++++++++++++
+++++++XXXXX+++++++++++++
+++++++++++++++++++++++++
+++++++++++++++++++++++++
+++++++++++++++++++++++++
+++++++++++++++++++++++++
+++++++++++++++++++++++++
+++++++++++++++++++++++++
+++++++++++++++++++++++++
+++++++++++++++++++++++++
+++++++++++++++++++++++++

+++++++++++++++++++++++++
++++++X+XXXX+++++++++++++
+XX+X++X+XX+XX+++++++++++
XX+XXX+++X+XXXX++++++++++
XX+XX+++XXXX+X+XX++++++++
XXX+XX++XX++XX++XX+++++++
X+XX++X++XXXXX++XX+++++++
+XX++XX+X+XXXX+X+++++++++
+XX++XX+X+XXXX+X+++++++++
X+XX++X++XXXXX++XX+++++++
XXX+XX++XX++XX++XX+++++++
XX+XX+++XXXX+X+XX++++++++
XX+XXX+++X+XXXX++++++++++
+XX+X++X+XX+XX+++++++++++
++++++X+XXXX+++++++++++++
+++++++++++++++++++++++++
+++++++++++++++++++++++++
+++++++++++++++++++++++++
+++++++++++++++++++++++++
+++++++++++++++++++++++++
+++++++++++++++++++++++++
+++++++++++++++++++++++++
+++++++++++++++++++++++++
+++++++++++++++++++++++++
+++++++++++++++++++++++++

+++++++XX++X+++++++++++++
+XXX+XX+XXXXX++++++++++++
XXXXX++X+XX+XX+++++++++++
XX+XXXX++X+XXXX++++++++++
XX+XX+++XXXX+X+XX++++++++
XXX+XX++XX++XX+XXXX++++++
X+XXX+X+XXXXXXXXXXX++++++
+XX+XXXXX+XXXXXX+X+++++++
+XX+XXXXX+XXXXXX+X+++++++
X+XXX+X+XXXXXXXXXXX++++++
XXX+XX++XX++XX+XXXX++++++
XX+XX+++XXXX+X+XX++++++++
XX+XXXX++X+XXXX++++++++++
XXXXX++X+XX+XX+++++++++++
+XXX+XX+XXXXX++++++++++++
+++++++XX++X+++++++++++++
+++++++++++++++++++++++++
+++++++++++++++++++++++++
+++++++++++++++++++++++++
+++++++++++++++++++++++++
+++++++++++++++++++++++++
+++++++++++++++++++++++++
+++++++++++++++++++++++++
+++++++++++++++++++++++++
+++++++++++++++++++++++++

+++++++XXXXX+++++++++++++
+XXX+X+XX++XX++++++++++++
XX+X+XXX+++++X+++++++++++
XXXXXXX+XX+X+XX++++++++++
X++XXX++X+XX+XX+X++++++++
XXX+XX++XX+++XXXXXX++++++
X++XXXX+XX+X+XXXXXX++++++
XX++XXXXX++XXXXX+X+++++++
XX++XXXXX++XXXXX+X+++++++
X++XXXX+XX+X+XXXXXX++++++
XXX+XX++XX+++XXXXXX++++++
X++XXX++X+XX+XX+X++++++++
XXXXXXX+XX+X+XX++++++++++
XX+X+XXX+++++X+++++++++++
+XXX+X+XX++XX++++++++++++
+++++++XXXXX+++++++++++++
+++++++++++++++++++++++++
+++++++++++++++++++++++++
+++++++++++++++++++++++++
+++++++++++++++++++++++++
+++++++++++++++++++++++++
+++++++++++++++++++++++++
+++++++++++++++++++++++++
+++++++++++++++++++++++++
+++++++++++++++++++++++++

+++++++++++++++++++++++++
++++++++X++++++++++++++++
++++++X+X++++++++++++++++
++++++X++XXXX++++++++++++
+XX++X+++XXXXXX++++++++++
XXX+++XXXX+XX+XX+++++++++
X+XXXX+XXX+XX++X+++++++++
XXXXX+++++X++++++++++++++
XXXXX+++++X++++++++++++++
X+XXXX+XXX+XX++X+++++++++
XXX+++XXXX+XX+XX+++++++++
+XX++X+++XXXXXX++++++++++
++++++X++XXXX++++++++++++
++++++X+X++++++++++++++++
++++++++X++++++++++++++++
+++++++++++++++++++++++++
+++++++++++++++++++++++++
+++++++++++++++++++++++++
+++++++++++++++++++++++++
+++++++++++++++++++++++++
+++++++++++++++++++++++++
+++++++++++++++++++++++++
+++++++++++++++++++++++++
+++++++++++++++++++++++++
+++++++++++++++++++++++++

+++++++++++++++++++++++++
+++++++XX++++++++++++++++
+++++XX+XXX+X++++++++++++
+XX++XXX+XXXXX+++++++++++
+XXX+XX++XXXXXXX+++++++++
XXX+++XXXX+XX+XXX++++++++
XXXXXXXXXXXXX+XXX++++++++
XXXXX+++X+X++++++++++++++
XXXXX+++X+X++++++++++++++
XXXXXXXXXXXXX+XXX++++++++
XXX+++XXXX+XX+XXX++++++++
+XXX+XX++XXXXXXX+++++++++
+XX++XXX+XXXXX+++++++++++
+++++XX+XXX+X++++++++++++
+++++++XX++++++++++++++++
+++++++++++++++++++++++++
+++++++++++++++++++++++++
+++++++++++++++++++++++++
+++++++++++++++++++++++++
+++++++++++++++++++++++++
+++++++++++++++++++++++++
+++++++++++++++++++++++++
+++++++++++++++++++++++++
+++++++++++++++++++++++++
+++++++++++++++++++++++++

+++++++++++++++++++++++++
++++++XXXXXX+++++++++++++
+XX+XXXXXXX+X++++++++++++
XXX++XXX+XXXXX+++++++++++
XXXXXXX++XXXXXXX+++++++++
XXX+X+XXXX+XXXXXXX+++++++
XXXXXXXXXXXXX+XXXX+++++++
XXXXXXX+X+X++++X+++++++++
XXXXXXX+X+X++++X+++++++++
XXXXXXXXXXXXX+XXXX+++++++
XXX+X+XXXX+XXXXXXX+++++++
XXXXXXX++XXXXXXX+++++++++
XXX++XXX+XXXXX+++++++++++
+XX+XXXXXXX+X++++++++++++
++++++XXXXXX+++++++++++++
+++++++++++++++++++++++++
+++++++++++++++++++++++++
+++++++++++++++++++++++++
+++++++++++++++++++++++++
+++++++++++++++++++++++++
+++++++++++++++++++++++++
+++++++++++++++++++++++++
+++++++++++++++++++++++++
+++++++++++++++++++++++++
+++++++++++++++++++++++++

+++++++XX++X+++++++++++++
+XXX+XXXXXXXX++++++++++++
XXXXXXXXXXX+X++++++++++++
XXX++XXX+XXXXXX++++++++++
XXXXXXX+XXXXXXXXX++++++++
XXX+XXXXXX+XXXXXXXX++++++
XXXXXXXXXXXXXXXXXXX++++++
XXXXXXXXX+X+++XX+X+++++++
XXXXXXXXX+X+++XX+X+++++++
XXXXXXXXXXXXXXXXXXX++++++
XXX+XXXXXX+XXXXXXXX++++++
XXXXXXX+XXXXXXXXX++++++++
XXX++XXX+XXXXXX++++++++++
XXXXXXXXXXX+X++++++++++++
+XXX+XXXXXXXX++++++++++++
+++++++XX++X+++++++++++++
+++++++++++++++++++++++++
+++++++++++++++++++++++++
+++++++++++++++++++++++++
+++++++++++++++++++++++++
+++++++++++++++++++++++++
+++++++++++++++++++++++++
+++++++++++++++++++++++++
+++++++++++++++++++++++++
+++++++++++++++++++++++++

+++++++XXXXX+++++++++++++
+XXX+X++X++XX++++++++++++
XX+X+++XX++++++++++++++++
XX+++XXXXXXX+XX++++++++++
X+XXX+X+X+XXXX++X++++++++
XXX+XXXXXX+X+X+XXXX++++++
XX+XX+XXXX+X+XXXXXX++++++
+X+XXXXXX+++++XX+X+++++++
+X+XXXXXX+++++XX+X+++++++
XX+XX+XXXX+X+XXXXXX++++++
XXX+XXXXXX+X+X+XXXX++++++
X+XXX+X+X+XXXX++X++++++++
XX+++XXXXXXX+XX++++++++++
XX+X+++XX++++++++++++++++
+XXX+X++X++XX++++++++++++
+++++++XXXXX+++++++++++++
+++++++++++++++++++++++++
+++++++++++++++++++++++++
+++++++++++++++++++++++++
+++++++++++++++++++++++++
+++++++++++++++++++++++++
+++++++++++++++++++++++++
+++++++++++++++++++++++++
+++++++++++++++++++++++++
+++++++++++++++++++++++++

+++++++++++++++++++++++++
++++++X+XXXX+++++++++++++
+XX+X+XXXXXXXX+++++++++++
XX+XXXX+XX++XXX++++++++++
XX+XX+++XXXXXXXXX++++++++
X+XXX++++XX+XXX+XX+++++++
X+XX++X+XXXXX++XXX+++++++
+X+XXXX+X+X++++X+++++++++
+X+XXXX+X+X++++X+++++++++
X+XX++X+XXXXX++XXX+++++++
X+XXX++++XX+XXX+XX+++++++
XX+XX+++XXXXXXXXX++++++++
XX+XXXX+XX++XXX++++++++++
+XX+X+XXXXXXXX+++++++++++
++++++X+XXXX+++++++++++++
+++++++++++++++++++++++++
+++++++++++++++++++++++++
+++++++++++++++++++++++++
+++++++++++++++++++++++++
+++++++++++++++++++++++++
+++++++++++++++++++++++++
+++++++++++++++++++++++++
+++++++++++++++++++++++++
+++++++++++++++++++++++++
+++++++++++++++++++++++++

+++++++XX++X+++++++++++++
+XXX+XX+XXXXX++++++++++++
XXXXX+XXXXXXXX+++++++++++
XX+XXXX+XX++XXX++++++++++
XX+XX+++XXXXXXXXX++++++++
X+XXXX++XXX+XXXXXXX++++++
X+XXX+X+XXXXXXXXXXX++++++
+X+XXXXXX+X+++XX+X+++++++
+X+XXXXXX+X+++XX+X+++++++
X+XXX+X+XXXXXXXXXXX++++++
X+XXXX++XXX+XXXXXXX++++++
XX+XX+++XXXXXXXXX++++++++
XX+XXXX+XX++XXX++++++++++
XXXXX+XXXXXXXX+++++++++++
+XXX+XX+XXXXX++++++++++++
+++++++XX++X+++++++++++++
+++++++++++++++++++++++++
+++++++++++++++++++++++++
+++++++++++++++++++++++++
+++++++++++++++++++++++++
+++++++++++++++++++++++++
+++++++++++++++++++++++++
+++++++++++++++++++++++++
+++++++++++++++++++++++++
+++++++++++++++++++++++++

+++++++XXXXX+++++++++++++
+XXX+X+XX++XX++++++++++++
XX+X+X+XX++X+X+++++++++++
XXXXXXX++X+++XX++++++++++
X++XXX++X+XXXX++X++++++++
X+XXXX++XXX++X+XXXX++++++
X++XXXX+XX+X+XXXXXX++++++
XXXXXXXXX+++++XX+X+++++++
XXXXXXXXX+++++XX+X+++++++
X++XXXX+XX+X+XXXXXX++++++
X+XXXX++XXX++X+XXXX++++++
X++XXX++X+XXXX++X++++++++
XXXXXXX++X+++XX++++++++++
XX+X+X+XX++X+X+++++++++++
+XXX+X+XX++XX++++++++++++
+++++++XXXXX+++++++++++++
+++++++++++++++++++++++++
+++++++++++++++++++++++++
+++++++++++++++++++++++++
+++++++++++++++++++++++++
+++++++++++++++++++++++++
+++++++++++++++++++++++++
+++++++++++++++++++++++++
+++++++++++++++++++++++++
+++++++++++++++++++++++++

+++++++++++++++++++++++++
+++++++X+++++++++++++++++
+++++X+XXXXXX++++++++++++
+XX++X+X+XX+XX+++++++++++
+XXX+XXXXX+++X+X+++++++++
X+XX++XX+X+XX++XX++++++++
XXXXXXXXXXXXX+X+X++++++++
XX++++++X+X++++++++++++++
XX++++++X+X++++++++++++++
XXXXXXXXXXXXX+X+X++++++++
X+XX++XX+X+XX++XX++++++++
+XXX+XXXXX+++X+X+++++++++
+XX++X+X+XX+XX+++++++++++
+++++X+XXXXXX++++++++++++
+++++++X+++++++++++++++++
+++++++++++++++++++++++++
+++++++++++++++++++++++++
+++++++++++++++++++++++++
+++++++++++++++++++++++++
+++++++++++++++++++++++++
+++++++++++++++++++++++++
+++++++++++++++++++++++++
+++++++++++++++++++++++++
+++++++++++++++++++++++++
+++++++++++++++++++++++++

+++++++++++++++++++++++++
++++++XXXXXX+++++++++++++
+XX+XX+XXXXXX++++++++++++
XXX++X+X+XX+XX+++++++++++
XXXXXXXXXXXX+X+X+++++++++
X+XXX+XX+X+XXX+XXX+++++++
XXXXXXXXXXXXX+X+XX+++++++
XX+++XX+X+X++++X+++++++++
XX+++XX+X+X++++X+++++++++
XXXXXXXXXXXXX+X+XX+++++++
X+XXX+XX+X+XXX+XXX+++++++
XXXXXXXXXXXX+X+X+++++++++
XXX++X+X+XX+XX+++++++++++
+XX+XX+XXXXXX++++++++++++
++++++XXXXXX+++++++++++++
+++++++++++++++++++++++++
+++++++++++++++++++++++++
+++++++++++++++++++++++++
+++++++++++++++++++++++++
+++++++++++++++++++++++++
+++++++++++++++++++++++++
+++++++++++++++++++++++++
+++++++++++++++++++++++++
+++++++++++++++++++++++++
+++++++++++++++++++++++++

+++++++XX++X+++++++++++++
+XXX+XXXXXXXX++++++++++++
XXXXXX+XXXXXX++++++++++++
XXX++XXX+XX+XXX++++++++++
XXXXXXXXXXXX+X+XX++++++++
X+XXXXXXXX+XXX+XXXX++++++
XXXXXXXXXXXXXXXXXXX++++++
XX++XXXXX+X+++XX+X+++++++
XX++XXXXX+X+++XX+X+++++++
XXXXXXXXXXXXXXXXXXX++++++
X+XXXXXXXX+XXX+XXXX++++++
XXXXXXXXXXXX+X+XX++++++++
XXX++XXX+XX+XXX++++++++++
XXXXXX+XXXXXX++++++++++++
+XXX+XXXXXXXX++++++++++++
+++++++XX++X+++++++++++++
+++++++++++++++++++++++++
+++++++++++++++++++++++++
+++++++++++++++++++++++++
+++++++++++++++++++++++++
+++++++++++++++++++++++++
+++++++++++++++++++++++++
+++++++++++++++++++++++++
+++++++++++++++++++++++++
+++++++++++++++++++++++++

+++++++XXXXX+++++++++++++
+XXX+X++X++XX++++++++++++
XX+X++XXX++X+++++++++++++
XX+++XXXXXX++XX++++++++++
X+XXX+XXX+XX+XX+X++++++++
X+XXXXXXXX+X+XXXXXX++++++
XX+XX+XXXX+X+XXXXXX++++++
+XX+XXXXX+++++XX+X+++++++
+XX+XXXXX+++++XX+X+++++++
XX+XX+XXXX+X+XXXXXX++++++
X+XXXXXXXX+X+XXXXXX++++++
X+XXX+XXX+XX+XX+X++++++++
XX+++XXXXXX++XX++++++++++
XX+X++XXX++X+++++++++++++
+XXX+X++X++XX++++++++++++
+++++++XXXXX+++++++++++++
+++++++++++++++++++++++++
+++++++++++++++++++++++++
+++++++++++++++++++++++++
+++++++++++++++++++++++++
+++++++++++++++++++++++++
+++++++++++++++++++++++++
+++++++++++++++++++++++++
+++++++++++++++++++++++++
+++++++++++++++++++++++++

+++++++++++++++++++++++++
++++++X+XXXX+++++++++++++
+XX+X++XXXX+XX+++++++++++
XX+XXX++XX+XXXX++++++++++
XX+XX++X+XXX+X+XX++++++++
XXX+X+++XXX+XX++XX+++++++
X+XX++X+XXXXX+++XX+++++++
+XX++XX+X+X++++X+++++++++
+XX++XX+X+X++++X+++++++++
X+XX++X+XXXXX+++XX+++++++
XXX+X+++XXX+XX++XX+++++++
XX+XX++X+XXX+X+XX++++++++
XX+XXX++XX+XXXX++++++++++
+XX+X++XXXX+XX+++++++++++
++++++X+XXXX+++++++++++++
+++++++++++++++++++++++++
+++++++++++++++++++++++++
+++++++++++++++++++++++++
+++++++++++++++++++++++++
+++++++++++++++++++++++++
+++++++++++++++++++++++++
+++++++++++++++++++++++++
+++++++++++++++++++++++++
+++++++++++++++++++++++++
+++++++++++++++++++++++++

+++++++XX++X+++++++++++++
+XXX+XX+XXXXX++++++++++++
XXXXX++XXXX+XX+++++++++++
XX+XXXX+XX+XXXX++++++++++
XX+XX++XXXXX+X+XX++++++++
XXX+XX++XXX+XX+XXXX++++++
X+XXX+X+XXXXXXXXXXX++++++
+XX+XXXXX+X+++XX+X+++++++
+XX+XXXXX+X+++XX+X+++++++
X+XXX+X+XXXXXXXXXXX++++++
XXX+XX++XXX+XX+XXXX++++++
XX+XX++XXXXX+X+XX++++++++
XX+XXXX+XX+XXXX++++++++++
XXXXX++XXXX+XX+++++++++++
+XXX+XX+XXXXX++++++++++++
+++++++XX++X+++++++++++++
+++++++++++++++++++++++++
+++++++++++++++++++++++++
+++++++++++++++++++++++++
+++++++++++++++++++++++++
+++++++++++++++++++++++++
+++++++++++++++++++++++++
+++++++++++++++++++++++++
+++++++++++++++++++++++++
+++++++++++++++++++++++++

+++++++XXXXX+++++++++++++
+XXX+X+XX++XX++++++++++++
XX+X+XXXX++++X+++++++++++
XXXXXXX++X+X+XX++++++++++
X++XXX+XX+XX+XX+X++++++++
XXX+XX++XXX++XXXXXX++++++
X++XXXX+XX+X+XXXXXX++++++
XX++XXXXX+++++XX+X+++++++
XX++XXXXX+++++XX+X+++++++
X++XXXX+XX+X+XXXXXX++++++
XXX+XX++XXX++XXXXXX++++++
X++XXX+XX+XX+XX+X++++++++
XXXXXXX++X+X+XX++++++++++
XX+X+XXXX++++X+++++++++++
+XXX+X+XX++XX++++++++++++
+++++++XXXXX+++++++++++++
+++++++++++++++++++++++++
+++++++++++++++++++++++++
+++++++++++++++++++++++++
+++++++++++++++++++++++++
+++++++++++++++++++++++++
+++++++++++++++++++++++++
+++++++++++++++++++++++++
+++++++++++++++++++++++++
+++++++++++++++++++++++++

+++++++++++++++++++++++++
+++++++++++++++++++++++++
+++++++XXX+++++++++++++++
++++++XXX++++++++++++++++
++++++XXX+XXX++++++++++++
+XX++X+XX++XXXX++++++++++
XX++XX+X+XXXXXX++++++++++
XXX+X+++++XXXX+++++++++++
XXX+X+++++XXXX+++++++++++
XX++XX+X+XXXXXX++++++++++
+XX++X+XX++XXXX++++++++++
++++++XXX+XXX++++++++++++
++++++XXX++++++++++++++++
+++++++XXX+++++++++++++++
+++++++++++++++++++++++++
+++++++++++++++++++++++++
+++++++++++++++++++++++++
+++++++++++++++++++++++++
+++++++++++++++++++++++++
+++++++++++++++++++++++++
+++++++++++++++++++++++++
+++++++++++++++++++++++++
+++++++++++++++++++++++++
+++++++++++++++++++++++++
+++++++++++++++++++++++++

+++++++++++++++++++++++++
++++++++X++++++++++++++++
++++++XXXX+++++++++++++++
++++++XXX+XXX++++++++++++
+XX+++XXX+XXX+X++++++++++
+XX++X+XXX+XXXXX+++++++++
XX+XXX+X+XXXXXXX+++++++++
XXXXX+++++XXXX+++++++++++
XXXXX+++++XXXX+++++++++++
XX+XXX+X+XXXXXXX+++++++++
+XX++X+XXX+XXXXX+++++++++
+XX+++XXX+XXX+X++++++++++
++++++XXX+XXX++++++++++++
++++++XXXX+++++++++++++++
++++++++X++++++++++++++++
+++++++++++++++++++++++++
+++++++++++++++++++++++++
+++++++++++++++++++++++++
+++++++++++++++++++++++++
+++++++++++++++++++++++++
+++++++++++++++++++++++++
+++++++++++++++++++++++++
+++++++++++++++++++++++++
+++++++++++++++++++++++++
+++++++++++++++++++++++++

+++++++++++++++++++++++++
+++++++XX++++++++++++++++
+++++XXXXXX+X++++++++++++
+XX++XXXXXXXXX+++++++++++
+XXX++XXX+XXXXXX+++++++++
+XX++XXXXX+XXXXXX++++++++
XX+XXXXX+XXXXXXXX++++++++
XXXXX+++X+XXXX+++++++++++
XXXXX+++X+XXXX+++++++++++
XX+XXXXX+XXXXXXXX++++++++
+XX++XXXXX+XXXXXX++++++++
+XXX++XXX+XXXXXX+++++++++
+XX++XXXXXXXXX+++++++++++
+++++XXXXXX+X++++++++++++
+++++++XX++++++++++++++++
+++++++++++++++++++++++++
+++++++++++++++++++++++++
+++++++++++++++++++++++++
+++++++++++++++++++++++++
+++++++++++++++++++++++++
+++++++++++++++++++++++++
+++++++++++++++++++++++++
+++++++++++++++++++++++++
+++++++++++++++++++++++++
+++++++++++++++++++++++++

+++++++++++++++++++++++++
++++++XXXXXX+++++++++++++
+XX+XXXXXXX+X++++++++++++
XXX++XXXXXXXXX+++++++++++
XXXXX+XXX+XXXXXX+++++++++
XXX+XXXXXX+XXXXXXX+++++++
XXXXXXXX+XXXXXXXXX+++++++
XXXXXXX+X+XXXX+X+++++++++
XXXXXXX+X+XXXX+X+++++++++
XXXXXXXX+XXXXXXXXX+++++++
XXX+XXXXXX+XXXXXXX+++++++
XXXXX+XXX+XXXXXX+++++++++
XXX++XXXXXXXXX+++++++++++
+XX+XXXXXXX+X++++++++++++
++++++XXXXXX+++++++++++++
+++++++++++++++++++++++++
+++++++++++++++++++++++++
+++++++++++++++++++++++++
+++++++++++++++++++++++++
+++++++++++++++++++++++++
+++++++++++++++++++++++++
+++++++++++++++++++++++++
+++++++++++++++++++++++++
+++++++++++++++++++++++++
+++++++++++++++++++++++++

+++++++XX++X+++++++++++++
+XXX+XXXXXXXX++++++++++++
XXXXXXXXXXX+X++++++++++++
XXX++XXXXXXXXXX++++++++++
XXXXX+XXX+XXXXXXX++++++++
XXX+XXXXXX+XXXXXXXX++++++
XXXXXXXXXXXXXXXXXXX++++++
XXXXXXXXX+XXXXXX+X+++++++
XXXXXXXXX+XXXXXX+X+++++++
XXXXXXXXXXXXXXXXXXX++++++
XXX+XXXXXX+XXXXXXXX++++++
XXXXX+XXX+XXXXXXX++++++++
XXX++XXXXXXXXXX++++++++++
XXXXXXXXXXX+X++++++++++++
+XXX+XXXXXXXX++++++++++++
+++++++XX++X+++++++++++++
+++++++++++++++++++++++++
+++++++++++++++++++++++++
+++++++++++++++++++++++++
+++++++++++++++++++++++++
+++++++++++++++++++++++++
+++++++++++++++++++++++++
+++++++++++++++++++++++++
+++++++++++++++++++++++++
+++++++++++++++++++++++++

+++++++XXXXX+++++++++++++
+XXX+X++X++XX++++++++++++
XX+X+++XX++++++++++++++++
XX+++XXX+XXX+XX++++++++++
X+XXXXXXXXXXXX++X++++++++
XXX+XXXXXX+X+X+XXXX++++++
XX+XX+XXXX+X+XXXXXX++++++
+X+XXXXXX++XXXXX+X+++++++
+X+XXXXXX++XXXXX+X+++++++
XX+XX+XXXX+X+XXXXXX++++++
XXX+XXXXXX+X+X+XXXX++++++
X+XXXXXXXXXXXX++X++++++++
XX+++XXX+XXX+XX++++++++++
XX+X+++XX++++++++++++++++
+XXX+X++X++XX++++++++++++
+++++++XXXXX+++++++++++++
+++++++++++++++++++++++++
+++++++++++++++++++++++++
+++++++++++++++++++++++++
+++++++++++++++++++++++++
+++++++++++++++++++++++++
+++++++++++++++++++++++++
+++++++++++++++++++++++++
+++++++++++++++++++++++++
+++++++++++++++++++++++++

+++++++++++++++++++++++++
++++++X+XXXX+++++++++++++
+XX+X+XXXXXXXX+++++++++++
XX+XXXX++X++XXX++++++++++
XX+XXX+X++XXXXXXX++++++++
X+XXXX+++XX+XXX+XX+++++++
X+XX++X++XXXXX+XXX+++++++
+X+XXXX+X+XXXX+X+++++++++
+X+XXXX+X+XXXX+X+++++++++
X+XX++X++XXXXX+XXX+++++++
X+XXXX+++XX+XXX+XX+++++++
XX+XXX+X++XXXXXXX++++++++
XX+XXXX++X++XXX++++++++++
+XX+X+XXXXXXXX+++++++++++
++++++X+XXXX+++++++++++++
+++++++++++++++++++++++++
+++++++++++++++++++++++++
+++++++++++++++++++++++++
+++++++++++++++++++++++++
+++++++++++++++++++++++++
+++++++++++++++++++++++++
+++++++++++++++++++++++++
+++++++++++++++++++++++++
+++++++++++++++++++++++++
+++++++++++++++++++++++++

+++++++XX++X+++++++++++++
+XXX+XX+XXXXX++++++++++++
XXXXX+XXXXXXXX+++++++++++
XX+XXXX++X++XXX++++++++++
XX+XXX+XX+XXXXXXX++++++++
X+XXXX++XXX+XXXXXXX++++++
X+XXX+X+XXXXXXXXXXX++++++
+X+XXXXXX+XXXXXX+X+++++++
+X+XXXXXX+XXXXXX+X+++++++
X+XXX+X+XXXXXXXXXXX++++++
X+XXXX++XXX+XXXXXXX++++++
XX+XXX+XX+XXXXXXX++++++++
XX+XXXX++X++XXX++++++++++
XXXXX+XXXXXXXX+++++++++++
+XXX+XX+XXXXX++++++++++++
+++++++XX++X+++++++++++++
+++++++++++++++++++++++++
+++++++++++++++++++++++++
+++++++++++++++++++++++++
+++++++++++++++++++++++++
+++++++++++++++++++++++++
+++++++++++++++++++++++++
+++++++++++++++++++++++++
+++++++++++++++++++++++++
+++++++++++++++++++++++++

+++++++XXXXX+++++++++++++
+XXX+X+XX++XX++++++++++++
XX+X+X+XX++X+X+++++++++++
XXXXXXX+XX+++XX++++++++++
X++XX++XXXXXXX++X++++++++
X+XXXX++XXX++X+XXXX++++++
X++XXXX+XX+X+XXXXXX++++++
XXXXXXXXX++XXXXX+X+++++++
XXXXXXXXX++XXXXX+X+++++++
X++XXXX+XX+X+XXXXXX++++++
X+XXXX++XXX++X+XXXX++++++
X++XX++XXXXXXX++X++++++++
XXXXXXX+XX+++XX++++++++++
XX+X+X+XX++X+X+++++++++++
+XXX+X+XX++XX++++++++++++
+++++++XXXXX+++++++++++++
+++++++++++++++++++++++++
+++++++++++++++++++++++++
+++++++++++++++++++++++++
+++++++++++++++++++++++++
+++++++++++++++++++++++++
+++++++++++++++++++++++++
+++++++++++++++++++++++++
+++++++++++++++++++++++++
+++++++++++++++++++++++++

+++++++++++++++++++++++++
+++++++X+++++++++++++++++
+++++X++XXXXX++++++++++++
+XX++X+XXXX+XX+++++++++++
+XXX++X++++++X+X+++++++++
++XX+XXX+X+XXX+XX++++++++
XX+XXXXX+XXXXXX+X++++++++
XX++++++X+XXXX+++++++++++
XX++++++X+XXXX+++++++++++
XX+XXXXX+XXXXXX+X++++++++
++XX+XXX+X+XXX+XX++++++++
+XXX++X++++++X+X+++++++++
+XX++X+XXXX+XX+++++++++++
+++++X++XXXXX++++++++++++
+++++++X+++++++++++++++++
+++++++++++++++++++++++++
+++++++++++++++++++++++++
+++++++++++++++++++++++++
+++++++++++++++++++++++++
+++++++++++++++++++++++++
+++++++++++++++++++++++++
+++++++++++++++++++++++++
+++++++++++++++++++++++++
+++++++++++++++++++++++++
+++++++++++++++++++++++++

+++++++++++++++++++++++++
++++++XXXXXX+++++++++++++
+XX+XX+XXXXXX++++++++++++
XXX++X+XXXX+XX+++++++++++
XXXXX+X+++XX+X+X+++++++++
X+XXXXXX+X+XXX+XXX+++++++
XXXXXXXX+XXXXXX+XX+++++++
XX+++XX+X+XXXX+X+++++++++
XX+++XX+X+XXXX+X+++++++++
XXXXXXXX+XXXXXX+XX+++++++
X+XXXXXX+X+XXX+XXX+++++++
XXXXX+X+++XX+X+X+++++++++
XXX++X+XXXX+XX+++++++++++
+XX+XX+XXXXXX++++++++++++
++++++XXXXXX+++++++++++++
+++++++++++++++++++++++++
+++++++++++++++++++++++++
+++++++++++++++++++++++++
+++++++++++++++++++++++++
+++++++++++++++++++++++++
+++++++++++++++++++++++++
+++++++++++++++++++++++++
+++++++++++++++++++++++++
+++++++++++++++++++++++++
+++++++++++++++++++++++++

+++++++XX++X+++++++++++++
+XXX+XXXXXXXX++++++++++++
XXXXXX+XXXXXX++++++++++++
XXX++XXXXXX+XXX++++++++++
XXXXX+X+X+XX+X+XX++++++++
X+XXXXXXXX+XXX+XXXX++++++
XXXXXXXXXXXXXXXXXXX++++++
XX++XXXXX+XXXXXX+X+++++++
XX++XXXXX+XXXXXX+X+++++++
XXXXXXXXXXXXXXXXXXX++++++
X+XXXXXXXX+XXX+XXXX++++++
XXXXX+X+X+XX+X+XX++++++++
XXX++XXXXXX+XXX++++++++++
XXXXXX+XXXXXX++++++++++++
+XXX+XXXXXXXX++++++++++++
+++++++XX++X+++++++++++++
+++++++++++++++++++++++++
+++++++++++++++++++++++++
+++++++++++++++++++++++++
+++++++++++++++++++++++++
+++++++++++++++++++++++++
+++++++++++++++++++++++++
+++++++++++++++++++++++++
+++++++++++++++++++++++++
+++++++++++++++++++++++++

+++++++XXXXX+++++++++++++
+XXX+X++X++XX++++++++++++
XX+X++XXX++X+++++++++++++
XX+++XXX+XX++XX++++++++++
X+XXXXX+XXXX+XX+X++++++++
X+XXXXXXXX+X+XXXXXX++++++
XX+XX+XXXX+X+XXXXXX++++++
+XX+XXXXX++XXXXX+X+++++++
+XX+XXXXX++XXXXX+X+++++++
XX+XX+XXXX+X+XXXXXX++++++
X+XXXXXXXX+X+XXXXXX++++++
X+XXXXX+XXXX+XX+X++++++++
XX+++XXX+XX++XX++++++++++
XX+X++XXX++X+++++++++++++
+XXX+X++X++XX++++++++++++
+++++++XXXXX+++++++++++++
+++++++++++++++++++++++++
+++++++++++++++++++++++++
+++++++++++++++++++++++++
+++++++++++++++++++++++++
+++++++++++++++++++++++++
+++++++++++++++++++++++++
+++++++++++++++++++++++++
+++++++++++++++++++++++++
+++++++++++++++++++++++++

+++++++++++++++++++++++++
++++++X+XXXX+++++++++++++
+XX+X++XXXX+XX+++++++++++
XX+XXX+++X+XXXX++++++++++
XX+XXX++X+XX+X+XX++++++++
XXX+XX++XXX+XX++XX+++++++
X+XX++X++XXXXX++XX+++++++
+XX++XX+X+XXXX+X+++++++++
+XX++XX+X+XXXX+X+++++++++
X+XX++X++XXXXX++XX+++++++
XXX+XX++XXX+XX++XX+++++++
XX+XXX++X+XX+X+XX++++++++
XX+XXX+++X+XXXX++++++++++
+XX+X++XXXX+XX+++++++++++
++++++X+XXXX+++++++++++++
+++++++++++++++++++++++++
+++++++++++++++++++++++++
+++++++++++++++++++++++++
+++++++++++++++++++++++++
+++++++++++++++++++++++++
+++++++++++++++++++++++++
+++++++++++++++++++++++++
+++++++++++++++++++++++++
+++++++++++++++++++++++++
+++++++++++++++++++++++++

+++++++XX++X+++++++++++++
+XXX+XX+XXXXX++++++++++++
XXXXX++XXXX+XX+++++++++++
XX+XXXX++X+XXXX++++++++++
XX+XXX++X+XX+X+XX++++++++
XXX+XX++XXX+XX+XXXX++++++
X+XXX+X+XXXXXXXXXXX++++++
+XX+XXXXX+XXXXXX+X+++++++
+XX+XXXXX+XXXXXX+X+++++++
X+XXX+X+XXXXXXXXXXX++++++
XXX+XX++XXX+XX+XXXX++++++
XX+XXX++X+XX+X+XX++++++++
XX+XXXX++X+XXXX++++++++++
XXXXX++XXXX+XX+++++++++++
+XXX+XX+XXXXX++++++++++++
+++++++XX++X+++++++++++++
+++++++++++++++++++++++++
+++++++++++++++++++++++++
+++++++++++++++++++++++++
+++++++++++++++++++++++++
+++++++++++++++++++++++++
+++++++++++++++++++++++++
+++++++++++++++++++++++++
+++++++++++++++++++++++++
+++++++++++++++++++++++++

+++++++XXXXX+++++++++++++
+XXX+X+XX++XX++++++++++++
XX+X+XXXX++++X+++++++++++
XXXXXXX+XX+X+XX++++++++++
X++XX+++XXXX+XX+X++++++++
XXX+XX++XXX++XXXXXX++++++
X++XXXX+XX+X+XXXXXX++++++
XX++XXXXX++XXXXX+X+++++++
XX++XXXXX++XXXXX+X+++++++
X++XXXX+XX+X+XXXXXX++++++
XXX+XX++XXX++XXXXXX++++++
X++XX+++XXXX+XX+X++++++++
XXXXXXX+XX+X+XX++++++++++
XX+X+XXXX++++X+++++++++++
+XXX+X+XX++XX++++++++++++
+++++++XXXXX+++++++++++++
+++++++++++++++++++++++++
+++++++++++++++++++++++++
+++++++++++++++++++++++++
+++++++++++++++++++++++++
+++++++++++++++++++++++++
+++++++++++++++++++++++++
+++++++++++++++++++++++++
+++++++++++++++++++++++++
+++++++++++++++++++++++++

+++++++++++++++++++++++++
++++++++X++++++++++++++++
++++++X++++++++++++++++++
++++++X+++XXX++++++++++++
+XX+++++++XXXXX++++++++++
XXX+++XXXXXXX+XX+++++++++
X++XXXXXXX++X++X+++++++++
XXXXX+++++X++++++++++++++
XXXXX+++++X++++++++++++++
X++XXXXXXX++X++X+++++++++
XXX+++XXXXXXX+XX+++++++++
+XX+++++++XXXXX++++++++++
++++++X+++XXX++++++++++++
++++++X++++++++++++++++++
++++++++X++++++++++++++++
+++++++++++++++++++++++++
+++++++++++++++++++++++++
+++++++++++++++++++++++++
+++++++++++++++++++++++++
+++++++++++++++++++++++++
+++++++++++++++++++++++++
+++++++++++++++++++++++++
+++++++++++++++++++++++++
+++++++++++++++++++++++++
+++++++++++++++++++++++++

+++++++++++++++++++++++++
+++++++XX++++++++++++++++
+++++XX++XX+X++++++++++++
+XX++XXX+XXXXX+++++++++++
+XXX++X+++XXXXXX+++++++++
XXX+++XXXXXXX+XXX++++++++
XX+XXXXXXXX+X+XXX++++++++
XXXXX+++X+X++++++++++++++
XXXXX+++X+X++++++++++++++
XX+XXXXXXXX+X+XXX++++++++
XXX+++XXXXXXX+XXX++++++++
+XXX++X+++XXXXXX+++++++++
+XX++XXX+XXXXX+++++++++++
+++++XX++XX+X++++++++++++
+++++++XX++++++++++++++++
+++++++++++++++++++++++++
+++++++++++++++++++++++++
+++++++++++++++++++++++++
+++++++++++++++++++++++++
+++++++++++++++++++++++++
+++++++++++++++++++++++++
+++++++++++++++++++++++++
+++++++++++++++++++++++++
+++++++++++++++++++++++++
+++++++++++++++++++++++++

+++++++++++++++++++++++++
++++++XXXXXX+++++++++++++
+XX+XXXX+XX+X++++++++++++
XXX++XXX+XXXXX+++++++++++
XXXXX+X+++XXXXXX+++++++++
XXX+X+XXXXXXXXXXXX+++++++
XXXXXXXXXXXXX+XXXX+++++++
XXXXXXX+X+X++++X+++++++++
XXXXXXX+X+X++++X+++++++++
XXXXXXXXXXXXX+XXXX+++++++
XXX+X+XXXXXXXXXXXX+++++++
XXXXX+X+++XXXXXX+++++++++
XXX++XXX+XXXXX+++++++++++
+XX+XXXX+XX+X++++++++++++
++++++XXXXXX+++++++++++++
+++++++++++++++++++++++++
+++++++++++++++++++++++++
+++++++++++++++++++++++++
+++++++++++++++++++++++++
+++++++++++++++++++++++++
+++++++++++++++++++++++++
+++++++++++++++++++++++++
+++++++++++++++++++++++++
+++++++++++++++++++++++++
+++++++++++++++++++++++++

+++++++XX++X+++++++++++++
+XXX+XXXXXXXX++++++++++++
XXXXXXXX+XX+X++++++++++++
XXX++XXX+XXXXXX++++++++++
XXXXX+X+X+XXXXXXX++++++++
XXX+XXXXXXXXXXXXXXX++++++
XXXXXXXXXXXXXXXXXXX++++++
XXXXXXXXX+X+++XX+X+++++++
XXXXXXXXX+X+++XX+X+++++++
XXXXXXXXXXXXXXXXXXX++++++
XXX+XXXXXXXXXXXXXXX++++++
XXXXX+X+X+XXXXXXX++++++++
XXX++XXX+XXXXXX++++++++++
XXXXXXXX+XX+X++++++++++++
+XXX+XXXXXXXX++++++++++++
+++++++XX++X+++++++++++++
+++++++++++++++++++++++++
+++++++++++++++++++++++++
+++++++++++++++++++++++++
+++++++++++++++++++++++++
+++++++++++++++++++++++++
+++++++++++++++++++++++++
+++++++++++++++++++++++++
+++++++++++++++++++++++++
+++++++++++++++++++++++++

+++++++XXXXX+++++++++++++
+XXX+X++X++XX++++++++++++
XX+X+++X+++++++++++++++++
XX+++XXXXXXX+XX++++++++++
X+XXXXX+XXXXXX++X++++++++
XXX+XXXXXXXX+X+XXXX++++++
XX+XX+XXXX+X+XXXXXX++++++
+X+XXXXXX+++++XX+X+++++++
+X+XXXXXX+++++XX+X+++++++
XX+XX+XXXX+X+XXXXXX++++++
XXX+XXXXXXXX+X+XXXX++++++
X+XXXXX+XXXXXX++X++++++++
XX+++XXXXXXX+XX++++++++++
XX+X+++X+++++++++++++++++
+XXX+X++X++XX++++++++++++
+++++++XXXXX+++++++++++++
+++++++++++++++++++++++++
+++++++++++++++++++++++++
+++++++++++++++++++++++++
+++++++++++++++++++++++++
+++++++++++++++++++++++++
+++++++++++++++++++++++++
+++++++++++++++++++++++++
+++++++++++++++++++++++++
+++++++++++++++++++++++++

+++++++++++++++++++++++++
++++++X+XXXX+++++++++++++
+XX+X+XX+XXXXX+++++++++++
XX+XXXX+XX++XXX++++++++++
XX+XXX++X+XXXXXXX++++++++
X+XXX++++X++XXX+XX+++++++
X+XX++X+XXXXX++XXX+++++++
+X+XXXX+X+X++++X+++++++++
+X+XXXX+X+X++++X+++++++++
X+XX++X+XXXXX++XXX+++++++
X+XXX++++X++XXX+XX+++++++
XX+XXX++X+XXXXXXX++++++++
XX+XXXX+XX++XXX++++++++++
+XX+X+XX+XXXXX+++++++++++
++++++X+XXXX+++++++++++++
+++++++++++++++++++++++++
+++++++++++++++++++++++++
+++++++++++++++++++++++++
+++++++++++++++++++++++++
+++++++++++++++++++++++++
+++++++++++++++++++++++++
+++++++++++++++++++++++++
+++++++++++++++++++++++++
+++++++++++++++++++++++++
+++++++++++++++++++++++++

+++++++XX++X+++++++++++++
+XXX+XX+XXXXX++++++++++++
XXXXX+XX+XXXXX+++++++++++
XX+XXXX+XX++XXX++++++++++
XX+XXX++X+XXXXXXX++++++++
X+XXXX++XX++XXXXXXX++++++
X+XXX+X+XXXXXXXXXXX++++++
+X+XXXXXX+X+++XX+X+++++++
+X+XXXXXX+X+++XX+X+++++++
X+XXX+X+XXXXXXXXXXX++++++
X+XXXX++XX++XXXXXXX++++++
XX+XXX++X+XXXXXXX++++++++
XX+XXXX+XX++XXX++++++++++
XXXXX+XX+XXXXX+++++++++++
+XXX+XX+XXXXX++++++++++++
+++++++XX++X+++++++++++++
+++++++++++++++++++++++++
+++++++++++++++++++++++++
+++++++++++++++++++++++++
+++++++++++++++++++++++++
+++++++++++++++++++++++++
+++++++++++++++++++++++++
+++++++++++++++++++++++++
+++++++++++++++++++++++++
+++++++++++++++++++++++++

+++++++XXXXX+++++++++++++
+XXX+X+XX++XX++++++++++++
XX+X+X+X+++X+X+++++++++++
XXXXXXX++X+++XX++++++++++
X++XX+++XXXXXX++X++++++++
X+XXXX++XX+++X+XXXX++++++
X++XXXX+XX+X+XXXXXX++++++
XXXXXXXXX+++++XX+X+++++++
XXXXXXXXX+++++XX+X+++++++
X++XXXX+XX+X+XXXXXX++++++
X+XXXX++XX+++X+XXXX++++++
X++XX+++XXXXXX++X++++++++
XXXXXXX++X+++XX++++++++++
XX+X+X+X+++X+X+++++++++++
+XXX+X+XX++XX++++++++++++
+++++++XXXXX+++++++++++++
+++++++++++++++++++++++++
+++++++++++++++++++++++++
+++++++++++++++++++++++++
+++++++++++++++++++++++++
+++++++++++++++++++++++++
+++++++++++++++++++++++++
+++++++++++++++++++++++++
+++++++++++++++++++++++++
+++++++++++++++++++++++++

+++++++++++++++++++++++++
+++++++X+++++++++++++++++
+++++X+X+XXXX++++++++++++
+XX++X+X+XX+XX+++++++++++
+XXX++XXX++++X+X+++++++++
X+XX++XX+XXXX++XX++++++++
XX+XXXXXXXX+X+X+X++++++++
XX++++++X+X++++++++++++++
XX++++++X+X++++++++++++++
XX+XXXXXXXX+X+X+X++++++++
X+XX++XX+XXXX++XX++++++++
+XXX++XXX++++X+X+++++++++
+XX++X+X+XX+XX+++++++++++
+++++X+X+XXXX++++++++++++
+++++++X+++++++++++++++++
+++++++++++++++++++++++++
+++++++++++++++++++++++++
+++++++++++++++++++++++++
+++++++++++++++++++++++++
+++++++++++++++++++++++++
+++++++++++++++++++++++++
+++++++++++++++++++++++++
+++++++++++++++++++++++++
+++++++++++++++++++++++++
+++++++++++++++++++++++++

+++++++++++++++++++++++++
++++++XXXXXX+++++++++++++
+XX+XX+X+XXXX++++++++++++
XXX++X+X+XX+XX+++++++++++
XXXXX+XXX+XX+X+X+++++++++
X+XXX+XX+XXXXX+XXX+++++++
XXXXXXXXXXXXX+X+XX+++++++
XX+++XX+X+X++++X+++++++++
XX+++XX+X+X++++X+++++++++
XXXXXXXXXXXXX+X+XX+++++++
X+XXX+XX+XXXXX+XXX+++++++
XXXXX+XXX+XX+X+X+++++++++
XXX++X+X+XX+XX+++++++++++
+XX+XX+X+XXXX++++++++++++
++++++XXXXXX+++++++++++++
+++++++++++++++++++++++++
+++++++++++++++++++++++++
+++++++++++++++++++++++++
+++++++++++++++++++++++++
+++++++++++++++++++++++++
+++++++++++++++++++++++++
+++++++++++++++++++++++++
+++++++++++++++++++++++++
+++++++++++++++++++++++++
+++++++++++++++++++++++++

+++++++XX++X+++++++++++++
+XXX+XXXXXXXX++++++++++++
XXXXXX+X+XXXX++++++++++++
XXX++XXX+XX+XXX++++++++++
XXXXX+XXX+XX+X+XX++++++++
X+XXXXXXXXXXXX+XXXX++++++
XXXXXXXXXXXXXXXXXXX++++++
XX++XXXXX+X+++XX+X+++++++
XX++XXXXX+X+++XX+X+++++++
XXXXXXXXXXXXXXXXXXX++++++
X+XXXXXXXXXXXX+XXXX++++++
XXXXX+XXX+XX+X+XX++++++++
XXX++XXX+XX+XXX++++++++++
XXXXXX+X+XXXX++++++++++++
+XXX+XXXXXXXX++++++++++++
+++++++XX++X+++++++++++++
+++++++++++++++++++++++++
+++++++++++++++++++++++++
+++++++++++++++++++++++++
+++++++++++++++++++++++++
+++++++++++++++++++++++++
+++++++++++++++++++++++++
+++++++++++++++++++++++++
+++++++++++++++++++++++++
+++++++++++++++++++++++++

+++++++XXXXX+++++++++++++
+XXX+X++X++XX++++++++++++
XX+X++XX+++X+++++++++++++
XX+++XXXXXX++XX++++++++++
X+XXXXXXXXXX+XX+X++++++++
X+XXXXXXXXXX+XXXXXX++++++
XX+XX+XXXX+X+XXXXXX++++++
+XX+XXXXX+++++XX+X+++++++
+XX+XXXXX+++++XX+X+++++++
XX+XX+XXXX+X+XXXXXX++++++
X+XXXXXXXXXX+XXXXXX++++++
X+XXXXXXXXXX+XX+X++++++++
XX+++XXXXXX++XX++++++++++
XX+X++XX+++X+++++++++++++
+XXX+X++X++XX++++++++++++
+++++++XXXXX+++++++++++++
+++++++++++++++++++++++++
+++++++++++++++++++++++++
+++++++++++++++++++++++++
+++++++++++++++++++++++++
+++++++++++++++++++++++++
+++++++++++++++++++++++++
+++++++++++++++++++++++++
+++++++++++++++++++++++++
+++++++++++++++++++++++++

+++++++++++++++++++++++++
++++++X+XXXX+++++++++++++
+XX+X++X+XX+XX+++++++++++
XX+XXX++XX+XXXX++++++++++
XX+XXX+X++XX+X+XX++++++++
XXX+X+++XX++XX++XX+++++++
X+XX++X+XXXXX+++XX+++++++
+XX++XX+X+X++++X+++++++++
+XX++XX+X+X++++X+++++++++
X+XX++X+XXXXX+++XX+++++++
XXX+X+++XX++XX++XX+++++++
XX+XXX+X++XX+X+XX++++++++
XX+XXX++XX+XXXX++++++++++
+XX+X++X+XX+XX+++++++++++
++++++X+XXXX+++++++++++++
+++++++++++++++++++++++++
+++++++++++++++++++++++++
+++++++++++++++++++++++++
+++++++++++++++++++++++++
+++++++++++++++++++++++++
+++++++++++++++++++++++++
+++++++++++++++++++++++++
+++++++++++++++++++++++++
+++++++++++++++++++++++++
+++++++++++++++++++++++++

+++++++XX++X+++++++++++++
+XXX+XX+XXXXX++++++++++++
XXXXX++X+XX+XX+++++++++++
XX+XXXX+XX+XXXX++++++++++
XX+XXX+XX+XX+X+XX++++++++
XXX+XX++XX++XX+XXXX++++++
X+XXX+X+XXXXXXXXXXX++++++
+XX+XXXXX+X+++XX+X+++++++
+XX+XXXXX+X+++XX+X+++++++
X+XXX+X+XXXXXXXXXXX++++++
XXX+XX++XX++XX+XXXX++++++
XX+XXX+XX+XX+X+XX++++++++
XX+XXXX+XX+XXXX++++++++++
XXXXX++X+XX+XX+++++++++++
+XXX+XX+XXXXX++++++++++++
+++++++XX++X+++++++++++++
+++++++++++++++++++++++++
+++++++++++++++++++++++++
+++++++++++++++++++++++++
+++++++++++++++++++++++++
+++++++++++++++++++++++++
+++++++++++++++++++++++++
+++++++++++++++++++++++++
+++++++++++++++++++++++++
+++++++++++++++++++++++++

+++++++XXXXX+++++++++++++
+XXX+X+XX++XX++++++++++++
XX+X+XXX+++++X+++++++++++
XXXXXXX++X+X+XX++++++++++
X++XX++XXXXX+XX+X++++++++
XXX+XX++XX+++XXXXXX++++++
X++XXXX+XX+X+XXXXXX++++++
XX++XXXXX+++++XX+X+++++++
XX++XXXXX+++++XX+X+++++++
X++XXXX+XX+X+XXXXXX++++++
XXX+XX++XX+++XXXXXX++++++
X++XX++XXXXX+XX+X++++++++
XXXXXXX++X+X+XX++++++++++
XX+X+XXX+++++X+++++++++++
+XXX+X+XX++XX++++++++++++
+++++++XXXXX+++++++++++++
+++++++++++++++++++++++++
+++++++++++++++++++++++++
+++++++++++++++++++++++++
+++++++++++++++++++++++++
+++++++++++++++++++++++++
+++++++++++++++++++++++++
+++++++++++++++++++++++++
+++++++++++++++++++++++++
+++++++++++++++++++++++++

+++++++++++++++++++++++++
+++++++++++++++++++++++++
+++++++++++++++++++++++++
+++++++XXX+++++++++++++++
+++++X+X+++++++++++++++++
++++XXXXXXXX+X+++++++++++
+XXXXXX+++X+XX+++++++++++
XXX+X++++X++X++++++++++++
XXX+X++++X++X++++++++++++
+XXXXXX+++X+XX+++++++++++
++++XXXXXXXX+X+++++++++++
+++++X+X+++++++++++++++++
+++++++XXX+++++++++++++++
+++++++++++++++++++++++++
+++++++++++++++++++++++++
+++++++++++++++++++++++++
+++++++++++++++++++++++++
+++++++++++++++++++++++++
+++++++++++++++++++++++++
+++++++++++++++++++++++++
+++++++++++++++++++++++++
+++++++++++++++++++++++++
+++++++++++++++++++++++++
+++++++++++++++++++++++++
+++++++++++++++++++++++++

+++++++++++++++++++++++++
+++++++++++++++++++++++++
+++++++X+X+++++++++++++++
+++++++XXX+++++++++++++++
+++++X+X+++XX++++++++++++
+XX+XXXXXXXX+XX++++++++++
XXXXXXXX++X+XXX++++++++++
XXX+X++++X++XX+++++++++++
XXX+X++++X++XX+++++++++++
XXXXXXXX++X+XXX++++++++++
+XX+XXXXXXXX+XX++++++++++
+++++X+X+++XX++++++++++++
+++++++XXX+++++++++++++++
+++++++X+X+++++++++++++++
+++++++++++++++++++++++++
+++++++++++++++++++++++++
+++++++++++++++++++++++++
+++++++++++++++++++++++++
+++++++++++++++++++++++++
+++++++++++++++++++++++++
+++++++++++++++++++++++++
+++++++++++++++++++++++++
+++++++++++++++++++++++++
+++++++++++++++++++++++++
+++++++++++++++++++++++++

+++++++++++++++++++++++++
++++++++X++++++++++++++++
++++++XX+X+++++++++++++++
++++++XXXXXXX++++++++++++
+XX++X+X++XXX+X++++++++++
+XX+XXXXXXXX+XXX+++++++++
XXXXXXXX+XX+XXXX+++++++++
XXXXX++++X++XX+++++++++++
XXXXX++++X++XX+++++++++++
XXXXXXXX+XX+XXXX+++++++++
+XX+XXXXXXXX+XXX+++++++++
+XX++X+X++XXX+X++++++++++
++++++XXXXXXX++++++++++++
++++++XX+X+++++++++++++++
++++++++X++++++++++++++++
+++++++++++++++++++++++++
+++++++++++++++++++++++++
+++++++++++++++++++++++++
+++++++++++++++++++++++++
+++++++++++++++++++++++++
+++++++++++++++++++++++++
+++++++++++++++++++++++++
+++++++++++++++++++++++++
+++++++++++++++++++++++++
+++++++++++++++++++++++++

+++++++++++++++++++++++++
+++++++XX++++++++++++++++
+++++XXX+XX+X++++++++++++
+XX++XXXXXXXXX+++++++++++
+XXX+XXX++XXXXXX+++++++++
+XX+XXXXXXXX+XXXX++++++++
XXXXXXXX+XX+XXXXX++++++++
XXXXX+++XX++XX+++++++++++
XXXXX+++XX++XX+++++++++++
XXXXXXXX+XX+XXXXX++++++++
+XX+XXXXXXXX+XXXX++++++++
+XXX+XXX++XXXXXX+++++++++
+XX++XXXXXXXXX+++++++++++
+++++XXX+XX+X++++++++++++
+++++++XX++++++++++++++++
+++++++++++++++++++++++++
+++++++++++++++++++++++++
+++++++++++++++++++++++++
+++++++++++++++++++++++++
+++++++++++++++++++++++++
+++++++++++++++++++++++++
+++++++++++++++++++++++++
+++++++++++++++++++++++++
+++++++++++++++++++++++++
+++++++++++++++++++++++++

+++++++++++++++++++++++++
++++++XXXXXX+++++++++++++
+XX+XXXX+XX+X++++++++++++
XXX++XXXXXXXXX+++++++++++
XXXXXXXX++XXXXXX+++++++++
XXX+XXXXXXXXXXXXXX+++++++
XXXXXXXX+XXXXXXXXX+++++++
XXXXXXX+XXX+XX+X+++++++++
XXXXXXX+XXX+XX+X+++++++++
XXXXXXXX+XXXXXXXXX+++++++
XXX+XXXXXXXXXXXXXX+++++++
XXXXXXXX++XXXXXX+++++++++
XXX++XXXXXXXXX+++++++++++
+XX+XXXX+XX+X++++++++++++
++++++XXXXXX+++++++++++++
+++++++++++++++++++++++++
+++++++++++++++++++++++++
+++++++++++++++++++++++++
+++++++++++++++++++++++++
+++++++++++++++++++++++++
+++++++++++++++++++++++++
+++++++++++++++++++++++++
+++++++++++++++++++++++++
+++++++++++++++++++++++++
+++++++++++++++++++++++++

+++++++XX++X+++++++++++++
+XXX+XXXXXXXX++++++++++++
XXXXXXXX+XX+X++++++++++++
XXX++XXXXXXXXXX++++++++++
XXXXXXXXX+XXXXXXX++++++++
XXX+XXXXXXXXXXXXXXX++++++
XXXXXXXXXXXXXXXXXXX++++++
XXXXXXXXXXX+XXXX+X+++++++
XXXXXXXXXXX+XXXX+X+++++++
XXXXXXXXXXXXXXXXXXX++++++
XXX+XXXXXXXXXXXXXXX++++++
XXXXXXXXX+XXXXXXX++++++++
XXX++XXXXXXXXXX++++++++++
XXXXXXXX+XX+X++++++++++++
+XXX+XXXXXXXX++++++++++++
+++++++XX++X+++++++++++++
+++++++++++++++++++++++++
+++++++++++++++++++++++++
+++++++++++++++++++++++++
+++++++++++++++++++++++++
+++++++++++++++++++++++++
+++++++++++++++++++++++++
+++++++++++++++++++++++++
+++++++++++++++++++++++++
+++++++++++++++++++++++++

+++++++XXXXX+++++++++++++
+XXX+X++X++XX++++++++++++
XX+X+++X+++++++++++++++++
XX+++XXX+XXX+XX++++++++++
X+XXX+XXXXXXXX++X++++++++
XXX+XXXXXXXX+X+XXXX++++++
XX+XX+XXXX+X+XXXXXX++++++
+X+XXXXXXX++XXXX+X+++++++
+X+XXXXXXX++XXXX+X+++++++
XX+XX+XXXX+X+XXXXXX++++++
XXX+XXXXXXXX+X+XXXX++++++
X+XXX+XXXXXXXX++X++++++++
XX+++XXX+XXX+XX++++++++++
XX+X+++X+++++++++++++++++
+XXX+X++X++XX++++++++++++
+++++++XXXXX+++++++++++++
+++++++++++++++++++++++++
+++++++++++++++++++++++++
+++++++++++++++++++++++++
+++++++++++++++++++++++++
+++++++++++++++++++++++++
+++++++++++++++++++++++++
+++++++++++++++++++++++++
+++++++++++++++++++++++++
+++++++++++++++++++++++++

+++++++++++++++++++++++++
++++++X+XXXX+++++++++++++
+XX+X+XX+XXXXX+++++++++++
XX+XXXX++X++XXX++++++++++
XX+XX++XX+XXXXXXX++++++++
X+XXXX+++X++XXX+XX+++++++
X+XX++X++XXXXX+XXX+++++++
+X+XXXX+XXX+XX+X+++++++++
+X+XXXX+XXX+XX+X+++++++++
X+XX++X++XXXXX+XXX+++++++
X+XXXX+++X++XXX+XX+++++++
XX+XX++XX+XXXXXXX++++++++
XX+XXXX++X++XXX++++++++++
+XX+X+XX+XXXXX+++++++++++
++++++X+XXXX+++++++++++++
+++++++++++++++++++++++++
+++++++++++++++++++++++++
+++++++++++++++++++++++++
+++++++++++++++++++++++++
+++++++++++++++++++++++++
+++++++++++++++++++++++++
+++++++++++++++++++++++++
+++++++++++++++++++++++++
+++++++++++++++++++++++++
+++++++++++++++++++++++++

+++++++XX++X+++++++++++++
+XXX+XX+XXXXX++++++++++++
XXXXX+XX+XXXXX+++++++++++
XX+XXXX++X++XXX++++++++++
XX+XX++XX+XXXXXXX++++++++
X+XXXX++XX++XXXXXXX++++++
X+XXX+X+XXXXXXXXXXX++++++
+X+XXXXXXXX+XXXX+X+++++++
+X+XXXXXXXX+XXXX+X+++++++
X+XXX+X+XXXXXXXXXXX++++++
X+XXXX++XX++XXXXXXX++++++
XX+XX++XX+XXXXXXX++++++++
XX+XXXX++X++XXX++++++++++
XXXXX+XX+XXXXX+++++++++++
+XXX+XX+XXXXX++++++++++++
+++++++XX++X+++++++++++++
+++++++++++++++++++++++++
+++++++++++++++++++++++++
+++++++++++++++++++++++++
+++++++++++++++++++++++++
+++++++++++++++++++++++++
+++++++++++++++++++++++++
+++++++++++++++++++++++++
+++++++++++++++++++++++++
+++++++++++++++++++++++++

+++++++XXXXX+++++++++++++
+XXX+X+XX++XX++++++++++++
XX+X+X+X+++X+X+++++++++++
XXXXXXX+XX+++XX++++++++++
X++XXX+XXXXXXX++X++++++++
X+XXXX++XX+++X+XXXX++++++
X++XXXX+XX+X+XXXXXX++++++
XXXXXXXXXX++XXXX+X+++++++
XXXXXXXXXX++XXXX+X+++++++
X++XXXX+XX+X+XXXXXX++++++
X+XXXX++XX+++X+XXXX++++++
X++XXX+XXXXXXX++X++++++++
XXXXXXX+XX+++XX++++++++++
XX+X+X+X+++X+X+++++++++++
+XXX+X+XX++XX++++++++++++
+++++++XXXXX+++++++++++++
+++++++++++++++++++++++++
+++++++++++++++++++++++++
+++++++++++++++++++++++++
+++++++++++++++++++++++++
+++++++++++++++++++++++++
+++++++++++++++++++++++++
+++++++++++++++++++++++++
+++++++++++++++++++++++++
+++++++++++++++++++++++++

+++++++++++++++++++++++++
+++++++X+++++++++++++++++
+++++X+++XXXX++++++++++++
+XX++X+XXXX+XX+++++++++++
+XXX+XX+X++++X+X+++++++++
++XXXXXX+XXX+X+XX++++++++
XXXXXXXX+XX+XXX+X++++++++
XX++++++XX++XX+++++++++++
XX++++++XX++XX+++++++++++
XXXXXXXX+XX+XXX+X++++++++
++XXXXXX+XXX+X+XX++++++++
+XXX+XX+X++++X+X+++++++++
+XX++X+XXXX+XX+++++++++++
+++++X+++XXXX++++++++++++
+++++++X+++++++++++++++++
+++++++++++++++++++++++++
+++++++++++++++++++++++++
+++++++++++++++++++++++++
+++++++++++++++++++++++++
+++++++++++++++++++++++++
+++++++++++++++++++++++++
+++++++++++++++++++++++++
+++++++++++++++++++++++++
+++++++++++++++++++++++++
+++++++++++++++++++++++++

+++++++++++++++++++++++++
++++++XXXXXX+++++++++++++
+XX+XX+X+XXXX++++++++++++
XXX++X+XXXX+XX+++++++++++
XXXXXXX+X+XX+X+X+++++++++
X+XXXXXX+XXXXX+XXX+++++++
XXXXXXXX+XXXXXX+XX+++++++
XX+++XX+XXX+XX+X+++++++++
XX+++XX+XXX+XX+X+++++++++
XXXXXXXX+XXXXXX+XX+++++++
X+XXXXXX+XXXXX+XXX+++++++
XXXXXXX+X+XX+X+X+++++++++
XXX++X+XXXX+XX+++++++++++
+XX+XX+X+XXXX++++++++++++
++++++XXXXXX+++++++++++++
+++++++++++++++++++++++++
+++++++++++++++++++++++++
+++++++++++++++++++++++++
+++++++++++++++++++++++++
+++++++++++++++++++++++++
+++++++++++++++++++++++++
+++++++++++++++++++++++++
+++++++++++++++++++++++++
+++++++++++++++++++++++++
+++++++++++++++++++++++++

+++++++XX++X+++++++++++++
+XXX+XXXXXXXX++++++++++++
XXXXXX+X+XXXX++++++++++++
XXX++XXXXXX+XXX++++++++++
XXXXXXX+X+XX+X+XX++++++++
X+XXXXXXXXXXXX+XXXX++++++
XXXXXXXXXXXXXXXXXXX++++++
XX++XXXXXXX+XXXX+X+++++++
XX++XXXXXXX+XXXX+X+++++++
XXXXXXXXXXXXXXXXXXX++++++
X+XXXXXXXXXXXX+XXXX++++++
XXXXXXX+X+XX+X+XX++++++++
XXX++XXXXXX+XXX++++++++++
XXXXXX+X+XXXX++++++++++++
+XXX+XXXXXXXX++++++++++++
+++++++XX++X+++++++++++++
+++++++++++++++++++++++++
+++++++++++++++++++++++++
+++++++++++++++++++++++++
+++++++++++++++++++++++++
+++++++++++++++++++++++++
+++++++++++++++++++++++++
+++++++++++++++++++++++++
+++++++++++++++++++++++++
+++++++++++++++++++++++++

+++++++XXXXX+++++++++++++
+XXX+X++X++XX++++++++++++
XX+X++XX+++X+++++++++++++
XX+++XXX+XX++XX++++++++++
X+XXX+X+XXXX+XX+X++++++++
X+XXXXXXXXXX+XXXXXX++++++
XX+XX+XXXX+X+XXXXXX++++++
+XX+XXXXXX++XXXX+X+++++++
+XX+XXXXXX++XXXX+X+++++++
XX+XX+XXXX+X+XXXXXX++++++
X+XXXXXXXXXX+XXXXXX++++++
X+XXX+X+XXXX+XX+X++++++++
XX+++XXX+XX++XX++++++++++
XX+X++XX+++X+++++++++++++
+XXX+X++X++XX++++++++++++
+++++++XXXXX+++++++++++++
+++++++++++++++++++++++++
+++++++++++++++++++++++++
+++++++++++++++++++++++++
+++++++++++++++++++++++++
+++++++++++++++++++++++++
+++++++++++++++++++++++++
+++++++++++++++++++++++++
+++++++++++++++++++++++++
+++++++++++++++++++++++++

+++++++++++++++++++++++++
++++++X+XXXX+++++++++++++
+XX+X++X+XX+XX+++++++++++
XX+XXX+++X+XXXX++++++++++
XX+XX+++++XX+X+XX++++++++
XXX+XX++XX++XX++XX+++++++
X+XX++X++XXXXX++XX+++++++
+XX++XX+XXX+XX+X+++++++++
+XX++XX+XXX+XX+X+++++++++
X+XX++X++XXXXX++XX+++++++
XXX+XX++XX++XX++XX+++++++
XX+XX+++++XX+X+XX++++++++
XX+XXX+++X+XXXX++++++++++
+XX+X++X+XX+XX+++++++++++
++++++X+XXXX+++++++++++++
+++++++++++++++++++++++++
+++++++++++++++++++++++++
+++++++++++++++++++++++++
+++++++++++++++++++++++++
+++++++++++++++++++++++++
+++++++++++++++++++++++++
+++++++++++++++++++++++++
+++++++++++++++++++++++++
+++++++++++++++++++++++++
+++++++++++++++++++++++++

+++++++XX++X+++++++++++++
+XXX+XX+XXXXX++++++++++++
XXXXX++X+XX+XX+++++++++++
XX+XXXX++X+XXXX++++++++++
XX+XX+++X+XX+X+XX++++++++
XXX+XX++XX++XX+XXXX++++++
X+XXX+X+XXXXXXXXXXX++++++
+XX+XXXXXXX+XXXX+X+++++++
+XX+XXXXXXX+XXXX+X+++++++
X+XXX+X+XXXXXXXXXXX++++++
XXX+XX++XX++XX+XXXX++++++
XX+XX+++X+XX+X+XX++++++++
XX+XXXX++X+XXXX++++++++++
XXXXX++X+XX+XX+++++++++++
+XXX+XX+XXXXX++++++++++++
+++++++XX++X+++++++++++++
+++++++++++++++++++++++++
+++++++++++++++++++++++++
+++++++++++++++++++++++++
+++++++++++++++++++++++++
+++++++++++++++++++++++++
+++++++++++++++++++++++++
+++++++++++++++++++++++++
+++++++++++++++++++++++++
+++++++++++++++++++++++++

+++++++XXXXX+++++++++++++
+XXX+X+XX++XX++++++++++++
XX+X+XXX+++++X+++++++++++
XXXXXXX+XX+X+XX++++++++++
X++XXX++XXXX+XX+X++++++++
XXX+XX++XX+++XXXXXX++++++
X++XXXX+XX+X+XXXXXX++++++
XX++XXXXXX++XXXX+X+++++++
XX++XXXXXX++XXXX+X+++++++
X++XXXX+XX+X+XXXXXX++++++
XXX+XX++XX+++XXXXXX++++++
X++XXX++XXXX+XX+X++++++++
XXXXXXX+XX+X+XX++++++++++
XX+X+XXX+++++X+++++++++++
+XXX+X+XX++XX++++++++++++
+++++++XXXXX+++++++++++++
+++++++++++++++++++++++++
+++++++++++++++++++++++++
+++++++++++++++++++++++++
+++++++++++++++++++++++++
+++++++++++++++++++++++++
+++++++++++++++++++++++++
+++++++++++++++++++++++++
+++++++++++++++++++++++++
+++++++++++++++++++++++++

+++++++++++++++++++++++++
++++++++X++++++++++++++++
++++++X+X++++++++++++++++
++++++X++XXXX++++++++++++
+XX++XX+X+XXXXX++++++++++
XXX+X++XXX+X++XX+++++++++
X+XXXX+XXX+XX++X+++++++++
XXXXX++++X+X+++++++++++++
XXXXX++++X+X+++++++++++++
X+XXXX+XXX+XX++X+++++++++
XXX+X++XXX+X++XX+++++++++
+XX++XX+X+XXXXX++++++++++
++++++X++XXXX++++++++++++
++++++X+X++++++++++++++++
++++++++X++++++++++++++++
+++++++++++++++++++++++++
+++++++++++++++++++++++++
+++++++++++++++++++++++++
+++++++++++++++++++++++++
+++++++++++++++++++++++++
+++++++++++++++++++++++++
+++++++++++++++++++++++++
+++++++++++++++++++++++++
+++++++++++++++++++++++++
+++++++++++++++++++++++++

+++++++++++++++++++++++++
+++++++XX++++++++++++++++
+++++XX+XXX+X++++++++++++
+XX++XXX+XXXXX+++++++++++
+XXX+XX+X+XXXXXX+++++++++
XXX+X+XXXX+X++XXX++++++++
XXXXXXXXXXXXX+XXX++++++++
XXXXX+++XX+X+++++++++++++
XXXXX+++XX+X+++++++++++++
XXXXXXXXXXXXX+XXX++++++++
XXX+X+XXXX+X++XXX++++++++
+XXX+XX+X+XXXXXX+++++++++
+XX++XXX+XXXXX+++++++++++
+++++XX+XXX+X++++++++++++
+++++++XX++++++++++++++++
+++++++++++++++++++++++++
+++++++++++++++++++++++++
+++++++++++++++++++++++++
+++++++++++++++++++++++++
+++++++++++++++++++++++++
+++++++++++++++++++++++++
+++++++++++++++++++++++++
+++++++++++++++++++++++++
+++++++++++++++++++++++++
+++++++++++++++++++++++++

+++++++++++++++++++++++++
++++++XXXXXX+++++++++++++
+XX+XXXXXXX+X++++++++++++
XXX++XXX+XXXXX+++++++++++
XXXXXXX+X+XXXXXX+++++++++
XXX+X+XXXX+XXXXXXX+++++++
XXXXXXXXXXXXX+XXXX+++++++
XXXXXXX+XXXX+++X+++++++++
XXXXXXX+XXXX+++X+++++++++
XXXXXXXXXXXXX+XXXX+++++++
XXX+X+XXXX+XXXXXXX+++++++
XXXXXXX+X+XXXXXX+++++++++
XXX++XXX+XXXXX+++++++++++
+XX+XXXXXXX+X++++++++++++
++++++XXXXXX+++++++++++++
+++++++++++++++++++++++++
+++++++++++++++++++++++++
+++++++++++++++++++++++++
+++++++++++++++++++++++++
+++++++++++++++++++++++++
+++++++++++++++++++++++++
+++++++++++++++++++++++++
+++++++++++++++++++++++++
+++++++++++++++++++++++++
+++++++++++++++++++++++++

+++++++XX++X+++++++++++++
+XXX+XXXXXXXX++++++++++++
XXXXXXXXXXX+X++++++++++++
XXX++XXX+XXXXXX++++++++++
XXXXXXX+X+XXXXXXX++++++++
XXX+XXXXXX+XXXXXXXX++++++
XXXXXXXXXXXXXXXXXXX++++++
XXXXXXXXXXXX++XX+X+++++++
XXXXXXXXXXXX++XX+X+++++++
XXXXXXXXXXXXXXXXXXX++++++
XXX+XXXXXX+XXXXXXXX++++++
XXXXXXX+X+XXXXXXX++++++++
XXX++XXX+XXXXXX++++++++++
XXXXXXXXXXX+X++++++++++++
+XXX+XXXXXXXX++++++++++++
+++++++XX++X+++++++++++++
+++++++++++++++++++++++++
+++++++++++++++++++++++++
+++++++++++++++++++++++++
+++++++++++++++++++++++++
+++++++++++++++++++++++++
+++++++++++++++++++++++++
+++++++++++++++++++++++++
+++++++++++++++++++++++++
+++++++++++++++++++++++++

+++++++XXXXX+++++++++++++
+XXX+X++X++XX++++++++++++
XX+X+++XX++++++++++++++++
XX+++XXXXXXX+XX++++++++++
X+XXX+X+XXXXXX++X++++++++
XXX+XXXXXX+X+X+XXXX++++++
XX+XX+XXXX+X+XXXXXX++++++
+X+XXXXXXX+X++XX+X+++++++
+X+XXXXXXX+X++XX+X+++++++
XX+XX+XXXX+X+XXXXXX++++++
XXX+XXXXXX+X+X+XXXX++++++
X+XXX+X+XXXXXX++X++++++++
XX+++XXXXXXX+XX++++++++++
XX+X+++XX++++++++++++++++
+XXX+X++X++XX++++++++++++
+++++++XXXXX+++++++++++++
+++++++++++++++++++++++++
+++++++++++++++++++++++++
+++++++++++++++++++++++++
+++++++++++++++++++++++++
+++++++++++++++++++++++++
+++++++++++++++++++++++++
+++++++++++++++++++++++++
+++++++++++++++++++++++++
+++++++++++++++++++++++++

+++++++++++++++++++++++++
++++++X+XXXX+++++++++++++
+XX+X+XXXXXXXX+++++++++++
XX+XXXX+XX++XXX++++++++++
XX+XX+++++XXXXXXX++++++++
X+XXX++++XX+XXX+XX+++++++
X+XX++X+XXXXX++XXX+++++++
+X+XXXX+XXXX+++X+++++++++
+X+XXXX+XXXX+++X+++++++++
X+XX++X+XXXXX++XXX+++++++
X+XXX++++XX+XXX+XX+++++++
XX+XX+++++XXXXXXX++++++++
XX+XXXX+XX++XXX++++++++++
+XX+X+XXXXXXXX+++++++++++
++++++X+XXXX+++++++++++++
+++++++++++++++++++++++++
+++++++++++++++++++++++++
+++++++++++++++++++++++++
+++++++++++++++++++++++++
+++++++++++++++++++++++++
+++++++++++++++++++++++++
+++++++++++++++++++++++++
+++++++++++++++++++++++++
+++++++++++++++++++++++++
+++++++++++++++++++++++++

+++++++XX++X+++++++++++++
+XXX+XX+XXXXX++++++++++++
XXXXX+XXXXXXXX+++++++++++
XX+XXXX+XX++XXX++++++++++
XX+XX+++X+XXXXXXX++++++++
X+XXXX++XXX+XXXXXXX++++++
X+XXX+X+XXXXXXXXXXX++++++
+X+XXXXXXXXX++XX+X+++++++
+X+XXXXXXXXX++XX+X+++++++
X+XXX+X+XXXXXXXXXXX++++++
X+XXXX++XXX+XXXXXXX++++++
XX+XX+++X+XXXXXXX++++++++
XX+XXXX+XX++XXX++++++++++
XXXXX+XXXXXXXX+++++++++++
+XXX+XX+XXXXX++++++++++++
+++++++XX++X+++++++++++++
+++++++++++++++++++++++++
+++++++++++++++++++++++++
+++++++++++++++++++++++++
+++++++++++++++++++++++++
+++++++++++++++++++++++++
+++++++++++++++++++++++++
+++++++++++++++++++++++++
+++++++++++++++++++++++++
+++++++++++++++++++++++++

+++++++XXXXX+++++++++++++
+XXX+X+XX++XX++++++++++++
XX+X+X+XX++X+X+++++++++++
XXXXXXX++X+++XX++++++++++
X++XXX++XXXXXX++X++++++++
X+XXXX++XXX++X+XXXX++++++
X++XXXX+XX+X+XXXXXX++++++
XXXXXXXXXX+X++XX+X+++++++
XXXXXXXXXX+X++XX+X+++++++
X++XXXX+XX+X+XXXXXX++++++
X+XXXX++XXX++X+XXXX++++++
X++XXX++XXXXXX++X++++++++
XXXXXXX++X+++XX++++++++++
XX+X+X+XX++X+X+++++++++++
+XXX+X+XX++XX++++++++++++
+++++++XXXXX+++++++++++++
+++++++++++++++++++++++++
+++++++++++++++++++++++++
+++++++++++++++++++++++++
+++++++++++++++++++++++++
+++++++++++++++++++++++++
+++++++++++++++++++++++++
+++++++++++++++++++++++++
+++++++++++++++++++++++++
+++++++++++++++++++++++++

+++++++++++++++++++++++++
+++++++X+++++++++++++++++
+++++X+XXXXXX++++++++++++
+XX++X+X+XX+XX+++++++++++
+XXX+XXX+++++X+X+++++++++
X+XXX+XX+X+X+++XX++++++++
XXXXXXXXXXXXX+X+X++++++++
XX++++++XX+X+++++++++++++
XX++++++XX+X+++++++++++++
XXXXXXXXXXXXX+X+X++++++++
X+XXX+XX+X+X+++XX++++++++
+XXX+XXX+++++X+X+++++++++
+XX++X+X+XX+XX+++++++++++
+++++X+XXXXXX++++++++++++
+++++++X+++++++++++++++++
+++++++++++++++++++++++++
+++++++++++++++++++++++++
+++++++++++++++++++++++++
+++++++++++++++++++++++++
+++++++++++++++++++++++++
+++++++++++++++++++++++++
+++++++++++++++++++++++++
+++++++++++++++++++++++++
+++++++++++++++++++++++++
+++++++++++++++++++++++++

+++++++++++++++++++++++++
++++++XXXXXX+++++++++++++
+XX+XX+XXXXXX++++++++++++
XXX++X+X+XX+XX+++++++++++
XXXXXXXX++XX+X+X+++++++++
X+XXX+XX+X+XXX+XXX+++++++
XXXXXXXXXXXXX+X+XX+++++++
XX+++XX+XXXX+++X+++++++++
XX+++XX+XXXX+++X+++++++++
XXXXXXXXXXXXX+X+XX+++++++
X+XXX+XX+X+XXX+XXX+++++++
XXXXXXXX++XX+X+X+++++++++
XXX++X+X+XX+XX+++++++++++
+XX+XX+XXXXXX++++++++++++
++++++XXXXXX+++++++++++++
+++++++++++++++++++++++++
+++++++++++++++++++++++++
+++++++++++++++++++++++++
+++++++++++++++++++++++++
+++++++++++++++++++++++++
+++++++++++++++++++++++++
+++++++++++++++++++++++++
+++++++++++++++++++++++++
+++++++++++++++++++++++++
+++++++++++++++++++++++++

+++++++XX++X+++++++++++++
+XXX+XXXXXXXX++++++++++++
XXXXXX+XXXXXX++++++++++++
XXX++XXX+XX+XXX++++++++++
XXXXXXXXX+XX+X+XX++++++++
X+XXXXXXXX+XXX+XXXX++++++
XXXXXXXXXXXXXXXXXXX++++++
XX++XXXXXXXX++XX+X+++++++
XX++XXXXXXXX++XX+X+++++++
XXXXXXXXXXXXXXXXXXX++++++
X+XXXXXXXX+XXX+XXXX++++++
XXXXXXXXX+XX+X+XX++++++++
XXX++XXX+XX+XXX++++++++++
XXXXXX+XXXXXX++++++++++++
+XXX+XXXXXXXX++++++++++++
+++++++XX++X+++++++++++++
+++++++++++++++++++++++++
+++++++++++++++++++++++++
+++++++++++++++++++++++++
+++++++++++++++++++++++++
+++++++++++++++++++++++++
+++++++++++++++++++++++++
+++++++++++++++++++++++++
+++++++++++++++++++++++++
+++++++++++++++++++++++++

+++++++XXXXX+++++++++++++
+XXX+X++X++XX++++++++++++
XX+X++XXX++X+++++++++++++
XX+++XXXXXX++XX++++++++++
X+XXX+XXXXXX+XX+X++++++++
X+XXXXXXXX+X+XXXXXX++++++
XX+XX+XXXX+X+XXXXXX++++++
+XX+XXXXXX+X++XX+X+++++++
+XX+XXXXXX+X++XX+X+++++++
XX+XX+XXXX+X+XXXXXX++++++
X+XXXXXXXX+X+XXXXXX++++++
X+XXX+XXXXXX+XX+X++++++++
XX+++XXXXXX++XX++++++++++
XX+X++XXX++X+++++++++++++
+XXX+X++X++XX++++++++++++
+++++++XXXXX+++++++++++++
+++++++++++++++++++++++++
+++++++++++++++++++++++++
+++++++++++++++++++++++++
+++++++++++++++++++++++++
+++++++++++++++++++++++++
+++++++++++++++++++++++++
+++++++++++++++++++++++++
+++++++++++++++++++++++++
+++++++++++++++++++++++++

+++++++++++++++++++++++++
++++++X+XXXX+++++++++++++
+XX+X++XXXX+XX+++++++++++
XX+XXX++XX+XXXX++++++++++
XX+XX++XX+XX+X+XX++++++++
XXX+X+++XXX+XX++XX+++++++
X+XX++X+XXXXX+++XX+++++++
+XX++XX+XXXX+++X+++++++++
+XX++XX+XXXX+++X+++++++++
X+XX++X+XXXXX+++XX+++++++
XXX+X+++XXX+XX++XX+++++++
XX+XX++XX+XX+X+XX++++++++
XX+XXX++XX+XXXX++++++++++
+XX+X++XXXX+XX+++++++++++
++++++X+XXXX+++++++++++++
+++++++++++++++++++++++++
+++++++++++++++++++++++++
+++++++++++++++++++++++++
+++++++++++++++++++++++++
+++++++++++++++++++++++++
+++++++++++++++++++++++++
+++++++++++++++++++++++++
+++++++++++++++++++++++++
+++++++++++++++++++++++++
+++++++++++++++++++++++++

+++++++XX++X+++++++++++++
+XXX+XX+XXXXX++++++++++++
XXXXX++XXXX+XX+++++++++++
XX+XXXX+XX+XXXX++++++++++
XX+XX++XX+XX+X+XX++++++++
XXX+XX++XXX+XX+XXXX++++++
X+XXX+X+XXXXXXXXXXX++++++
+XX+XXXXXXXX++XX+X+++++++
+XX+XXXXXXXX++XX+X+++++++
X+XXX+X+XXXXXXXXXXX++++++
XXX+XX++XXX+XX+XXXX++++++
XX+XX++XX+XX+X+XX++++++++
XX+XXXX+XX+XXXX++++++++++
XXXXX++XXXX+XX+++++++++++
+XXX+XX+XXXXX++++++++++++
+++++++XX++X+++++++++++++
+++++++++++++++++++++++++
+++++++++++++++++++++++++
+++++++++++++++++++++++++
+++++++++++++++++++++++++
+++++++++++++++++++++++++
+++++++++++++++++++++++++
+++++++++++++++++++++++++
+++++++++++++++++++++++++
+++++++++++++++++++++++++

+++++++XXXXX+++++++++++++
+XXX+X+XX++XX++++++++++++
XX+X+XXXX++++X+++++++++++
XXXXXXX++X+X+XX++++++++++
X++XXX+XXXXX+XX+X++++++++
XXX+XX++XXX++XXXXXX++++++
X++XXXX+XX+X+XXXXXX++++++
XX++XXXXXX+X++XX+X+++++++
XX++XXXXXX+X++XX+X+++++++
X++XXXX+XX+X+XXXXXX++++++
XXX+XX++XXX++XXXXXX++++++
X++XXX+XXXXX+XX+X++++++++
XXXXXXX++X+X+XX++++++++++
XX+X+XXXX++++X+++++++++++
+XXX+X+XX++XX++++++++++++
+++++++XXXXX+++++++++++++
+++++++++++++++++++++++++
+++++++++++++++++++++++++
+++++++++++++++++++++++++
+++++++++++++++++++++++++
+++++++++++++++++++++++++
+++++++++++++++++++++++++
+++++++++++++++++++++++++
+++++++++++++++++++++++++
+++++++++++++++++++++++++

+++++++++++++++++++++++++
+++++++++++++++++++++++++
+++++++XXX+++++++++++++++
++++++XXX++++++++++++++++
+++++++X+XXXX++++++++++++
+XX+XXXXXX+X+XX++++++++++
XX+XXX+X++XXXXX++++++++++
XXX+X++++X++XX+++++++++++
XXX+X++++X++XX+++++++++++
XX+XXX+X++XXXXX++++++++++
+XX+XXXXXX+X+XX++++++++++
+++++++X+XXXX++++++++++++
++++++XXX++++++++++++++++
+++++++XXX+++++++++++++++
+++++++++++++++++++++++++
+++++++++++++++++++++++++
+++++++++++++++++++++++++
+++++++++++++++++++++++++
+++++++++++++++++++++++++
+++++++++++++++++++++++++
+++++++++++++++++++++++++
+++++++++++++++++++++++++
+++++++++++++++++++++++++
+++++++++++++++++++++++++
+++++++++++++++++++++++++

+++++++++++++++++++++++++
++++++++X++++++++++++++++
++++++XXXX+++++++++++++++
++++++XXX+XXX++++++++++++
+XX++++X+XXXX+X++++++++++
+XX+XXXXXX+X+XXX+++++++++
XX+XXX+X+XXXXXXX+++++++++
XXXXX++++X++XX+++++++++++
XXXXX++++X++XX+++++++++++
XX+XXX+X+XXXXXXX+++++++++
+XX+XXXXXX+X+XXX+++++++++
+XX++++X+XXXX+X++++++++++
++++++XXX+XXX++++++++++++
++++++XXXX+++++++++++++++
++++++++X++++++++++++++++
+++++++++++++++++++++++++
+++++++++++++++++++++++++
+++++++++++++++++++++++++
+++++++++++++++++++++++++
+++++++++++++++++++++++++
+++++++++++++++++++++++++
+++++++++++++++++++++++++
+++++++++++++++++++++++++
+++++++++++++++++++++++++
+++++++++++++++++++++++++

+++++++++++++++++++++++++
+++++++XX++++++++++++++++
+++++XXXXXX+X++++++++++++
+XX++XXXXXXXXX+++++++++++
+XXX++XX+XXXXXXX+++++++++
+XX+XXXXXX+X+XXXX++++++++
XX+XXXXX+XXXXXXXX++++++++
XXXXX+++XX++XX+++++++++++
XXXXX+++XX++XX+++++++++++
XX+XXXXX+XXXXXXXX++++++++
+XX+XXXXXX+X+XXXX++++++++
+XXX++XX+XXXXXXX+++++++++
+XX++XXXXXXXXX+++++++++++
+++++XXXXXX+X++++++++++++
+++++++XX++++++++++++++++
+++++++++++++++++++++++++
+++++++++++++++++++++++++
+++++++++++++++++++++++++
+++++++++++++++++++++++++
+++++++++++++++++++++++++
+++++++++++++++++++++++++
+++++++++++++++++++++++++
+++++++++++++++++++++++++
+++++++++++++++++++++++++
+++++++++++++++++++++++++

+++++++++++++++++++++++++
++++++XXXXXX+++++++++++++
+XX+XXXXXXX+X++++++++++++
XXX++XXXXXXXXX+++++++++++
XXXXX+XX+XXXXXXX+++++++++
XXX+XXXXXX+XXXXXXX+++++++
XXXXXXXX+XXXXXXXXX+++++++
XXXXXXX+XXX+XX+X+++++++++
XXXXXXX+XXX+XX+X+++++++++
XXXXXXXX+XXXXXXXXX+++++++
XXX+XXXXXX+XXXXXXX+++++++
XXXXX+XX+XXXXXXX+++++++++
XXX++XXXXXXXXX+++++++++++
+XX+XXXXXXX+X++++++++++++
++++++XXXXXX+++++++++++++
+++++++++++++++++++++++++
+++++++++++++++++++++++++
+++++++++++++++++++++++++
+++++++++++++++++++++++++
+++++++++++++++++++++++++
+++++++++++++++++++++++++
+++++++++++++++++++++++++
+++++++++++++++++++++++++
+++++++++++++++++++++++++
+++++++++++++++++++++++++

+++++++XX++X+++++++++++++
+XXX+XXXXXXXX++++++++++++
XXXXXXXXXXX+X++++++++++++
XXX++XXXXXXXXXX++++++++++
XXXXX+XXXXXXXXXXX++++++++
XXX+XXXXXX+XXXXXXXX++++++
XXXXXXXXXXXXXXXXXXX++++++
XXXXXXXXXXX+XXXX+X+++++++
XXXXXXXXXXX+XXXX+X+++++++
XXXXXXXXXXXXXXXXXXX++++++
XXX+XXXXXX+XXXXXXXX++++++
XXXXX+XXXXXXXXXXX++++++++
XXX++XXXXXXXXXX++++++++++
XXXXXXXXXXX+X++++++++++++
+XXX+XXXXXXXX++++++++++++
+++++++XX++X+++++++++++++
+++++++++++++++++++++++++
+++++++++++++++++++++++++
+++++++++++++++++++++++++
+++++++++++++++++++++++++
+++++++++++++++++++++++++
+++++++++++++++++++++++++
+++++++++++++++++++++++++
+++++++++++++++++++++++++
+++++++++++++++++++++++++

+++++++XXXXX+++++++++++++
+XXX+X++X++XX++++++++++++
XX+X+++XX++++++++++++++++
XX+++XXX+XXX+XX++++++++++
X+XXXXXXX+XXXX++X++++++++
XXX+XXXXXX+X+X+XXXX++++++
XX+XX+XXXX+X+XXXXXX++++++
+X+XXXXXXX++XXXX+X+++++++
+X+XXXXXXX++XXXX+X+++++++
XX+XX+XXXX+X+XXXXXX++++++
XXX+XXXXXX+X+X+XXXX++++++
X+XXXXXXX+XXXX++X++++++++
XX+++XXX+XXX+XX++++++++++
XX+X+++XX++++++++++++++++
+XXX+X++X++XX++++++++++++
+++++++XXXXX+++++++++++++
+++++++++++++++++++++++++
+++++++++++++++++++++++++
+++++++++++++++++++++++++
+++++++++++++++++++++++++
+++++++++++++++++++++++++
+++++++++++++++++++++++++
+++++++++++++++++++++++++
+++++++++++++++++++++++++
+++++++++++++++++++++++++

+++++++++++++++++++++++++
++++++X+XXXX+++++++++++++
+XX+X+XXXXXXXX+++++++++++
XX+XXXX++X++XXX++++++++++
XX+XXX+XXXXXXXXXX++++++++
X+XXXX+++XX+XXX+XX+++++++
X+XX++X++XXXXX+XXX+++++++
+X+XXXX+XXX+XX+X+++++++++
+X+XXXX+XXX+XX+X+++++++++
X+XX++X++XXXXX+XXX+++++++
X+XXXX+++XX+XXX+XX+++++++
XX+XXX+XXXXXXXXXX++++++++
XX+XXXX++X++XXX++++++++++
+XX+X+XXXXXXXX+++++++++++
++++++X+XXXX+++++++++++++
+++++++++++++++++++++++++
+++++++++++++++++++++++++
+++++++++++++++++++++++++
+++++++++++++++++++++++++
+++++++++++++++++++++++++
+++++++++++++++++++++++++
+++++++++++++++++++++++++
+++++++++++++++++++++++++
+++++++++++++++++++++++++
+++++++++++++++++++++++++

+++++++XX++X+++++++++++++
+XXX+XX+XXXXX++++++++++++
XXXXX+XXXXXXXX+++++++++++
XX+XXXX++X++XXX++++++++++
XX+XXX+XXXXXXXXXX++++++++
X+XXXX++XXX+XXXXXXX++++++
X+XXX+X+XXXXXXXXXXX++++++
+X+XXXXXXXX+XXXX+X+++++++
+X+XXXXXXXX+XXXX+X+++++++
X+XXX+X+XXXXXXXXXXX++++++
X+XXXX++XXX+XXXXXXX++++++
XX+XXX+XXXXXXXXXX++++++++
XX+XXXX++X++XXX++++++++++
XXXXX+XXXXXXXX+++++++++++
+XXX+XX+XXXXX++++++++++++
+++++++XX++X+++++++++++++
+++++++++++++++++++++++++
+++++++++++++++++++++++++
+++++++++++++++++++++++++
+++++++++++++++++++++++++
+++++++++++++++++++++++++
+++++++++++++++++++++++++
+++++++++++++++++++++++++
+++++++++++++++++++++++++
+++++++++++++++++++++++++

+++++++XXXXX+++++++++++++
+XXX+X+XX++XX++++++++++++
XX+X+X+XX++X+X+++++++++++
XXXXXXX+XX+++XX++++++++++
X++XX++XX+XXXX++X++++++++
X+XXXX++XXX++X+XXXX++++++
X++XXXX+XX+X+XXXXXX++++++
XXXXXXXXXX++XXXX+X+++++++
XXXXXXXXXX++XXXX+X+++++++
X++XXXX+XX+X+XXXXXX++++++
X+XXXX++XXX++X+XXXX++++++
X++XX++XX+XXXX++X++++++++
XXXXXXX+XX+++XX++++++++++
XX+X+X+XX++X+X+++++++++++
+XXX+X+XX++XX++++++++++++
+++++++XXXXX+++++++++++++
+++++++++++++++++++++++++
+++++++++++++++++++++++++
+++++++++++++++++++++++++
+++++++++++++++++++++++++
+++++++++++++++++++++++++
+++++++++++++++++++++++++
+++++++++++++++++++++++++
+++++++++++++++++++++++++
+++++++++++++++++++++++++

+++++++++++++++++++++++++
+++++++X+++++++++++++++++
+++++X++XXXXX++++++++++++
+XX++X+XXXX+XX+++++++++++
+XXX++X+XX+++X+X+++++++++
++XXXXXX+X+X+X+XX++++++++
XX+XXXXX+XXXXXX+X++++++++
XX++++++XX++XX+++++++++++
XX++++++XX++XX+++++++++++
XX+XXXXX+XXXXXX+X++++++++
++XXXXXX+X+X+X+XX++++++++
+XXX++X+XX+++X+X+++++++++
+XX++X+XXXX+XX+++++++++++
+++++X++XXXXX++++++++++++
+++++++X+++++++++++++++++
+++++++++++++++++++++++++
+++++++++++++++++++++++++
+++++++++++++++++++++++++
+++++++++++++++++++++++++
+++++++++++++++++++++++++
+++++++++++++++++++++++++
+++++++++++++++++++++++++
+++++++++++++++++++++++++
+++++++++++++++++++++++++
+++++++++++++++++++++++++

+++++++++++++++++++++++++
++++++XXXXXX+++++++++++++
+XX+XX+XXXXXX++++++++++++
XXX++X+XXXX+XX+++++++++++
XXXXX+X+XXXX+X+X+++++++++
X+XXXXXX+X+XXX+XXX+++++++
XXXXXXXX+XXXXXX+XX+++++++
XX+++XX+XXX+XX+X+++++++++
XX+++XX+XXX+XX+X+++++++++
XXXXXXXX+XXXXXX+XX+++++++
X+XXXXXX+X+XXX+XXX+++++++
XXXXX+X+XXXX+X+X+++++++++
XXX++X+XXXX+XX+++++++++++
+XX+XX+XXXXXX++++++++++++
++++++XXXXXX+++++++++++++
+++++++++++++++++++++++++
+++++++++++++++++++++++++
+++++++++++++++++++++++++
+++++++++++++++++++++++++
+++++++++++++++++++++++++
+++++++++++++++++++++++++
+++++++++++++++++++++++++
+++++++++++++++++++++++++
+++++++++++++++++++++++++
+++++++++++++++++++++++++

+++++++XX++X+++++++++++++
+XXX+XXXXXXXX++++++++++++
XXXXXX+XXXXXX++++++++++++
XXX++XXXXXX+XXX++++++++++
XXXXX+X+XXXX+X+XX++++++++
X+XXXXXXXX+XXX+XXXX++++++
XXXXXXXXXXXXXXXXXXX++++++
XX++XXXXXXX+XXXX+X+++++++
XX++XXXXXXX+XXXX+X+++++++
XXXXXXXXXXXXXXXXXXX++++++
X+XXXXXXXX+XXX+XXXX++++++
XXXXX+X+XXXX+X+XX++++++++
XXX++XXXXXX+XXX++++++++++
XXXXXX+XXXXXX++++++++++++
+XXX+XXXXXXXX++++++++++++
+++++++XX++X+++++++++++++
+++++++++++++++++++++++++
+++++++++++++++++++++++++
+++++++++++++++++++++++++
+++++++++++++++++++++++++
+++++++++++++++++++++++++
+++++++++++++++++++++++++
+++++++++++++++++++++++++
+++++++++++++++++++++++++
+++++++++++++++++++++++++

+++++++XXXXX+++++++++++++
+XXX+X++X++XX++++++++++++
XX+X++XXX++X+++++++++++++
XX+++XXX+XX++XX++++++++++
X+XXXXX+X+XX+XX+X++++++++
X+XXXXXXXX+X+XXXXXX++++++
XX+XX+XXXX+X+XXXXXX++++++
+XX+XXXXXX++XXXX+X+++++++
+XX+XXXXXX++XXXX+X+++++++
XX+XX+XXXX+X+XXXXXX++++++
X+XXXXXXXX+X+XXXXXX++++++
X+XXXXX+X+XX+XX+X++++++++
XX+++XXX+XX++XX++++++++++
XX+X++XXX++X+++++++++++++
+XXX+X++X++XX++++++++++++
+++++++XXXXX+++++++++++++
+++++++++++++++++++++++++
+++++++++++++++++++++++++
+++++++++++++++++++++++++
+++++++++++++++++++++++++
+++++++++++++++++++++++++
+++++++++++++++++++++++++
+++++++++++++++++++++++++
+++++++++++++++++++++++++
+++++++++++++++++++++++++

+++++++++++++++++++++++++
++++++X+XXXX+++++++++++++
+XX+X++XXXX+XX+++++++++++
XX+XXX+++X+XXXX++++++++++
XX+XXX+++XXX+X+XX++++++++
XXX+XX++XXX+XX++XX+++++++
X+XX++X++XXXXX++XX+++++++
+XX++XX+XXX+XX+X+++++++++
+XX++XX+XXX+XX+X+++++++++
X+XX++X++XXXXX++XX+++++++
XXX+XX++XXX+XX++XX+++++++
XX+XXX+++XXX+X+XX++++++++
XX+XXX+++X+XXXX++++++++++
+XX+X++XXXX+XX+++++++++++
++++++X+XXXX+++++++++++++
+++++++++++++++++++++++++
+++++++++++++++++++++++++
+++++++++++++++++++++++++
+++++++++++++++++++++++++
+++++++++++++++++++++++++
+++++++++++++++++++++++++
+++++++++++++++++++++++++
+++++++++++++++++++++++++
+++++++++++++++++++++++++
+++++++++++++++++++++++++

+++++++XX++X+++++++++++++
+XXX+XX+XXXXX++++++++++++
XXXXX++XXXX+XX+++++++++++
XX+XXXX++X+XXXX++++++++++
XX+XXX++XXXX+X+XX++++++++
XXX+XX++XXX+XX+XXXX++++++
X+XXX+X+XXXXXXXXXXX++++++
+XX+XXXXXXX+XXXX+X+++++++
+XX+XXXXXXX+XXXX+X+++++++
X+XXX+X+XXXXXXXXXXX++++++
XXX+XX++XXX+XX+XXXX++++++
XX+XXX++XXXX+X+XX++++++++
XX+XXXX++X+XXXX++++++++++
XXXXX++XXXX+XX+++++++++++
+XXX+XX+XXXXX++++++++++++
+++++++XX++X+++++++++++++
+++++++++++++++++++++++++
+++++++++++++++++++++++++
+++++++++++++++++++++++++
+++++++++++++++++++++++++
+++++++++++++++++++++++++
+++++++++++++++++++++++++
+++++++++++++++++++++++++
+++++++++++++++++++++++++
+++++++++++++++++++++++++

+++++++XXXXX+++++++++++++
+XXX+X+XX++XX++++++++++++
XX+X+XXXX++++X+++++++++++
XXXXXXX+XX+X+XX++++++++++
X++XX+++X+XX+XX+X++++++++
XXX+XX++XXX++XXXXXX++++++
X++XXXX+XX+X+XXXXXX++++++
XX++XXXXXX++XXXX+X+++++++
XX++XXXXXX++XXXX+X+++++++
X++XXXX+XX+X+XXXXXX++++++
XXX+XX++XXX++XXXXXX++++++
X++XX+++X+XX+XX+X++++++++
XXXXXXX+XX+X+XX++++++++++
XX+X+XXXX++++X+++++++++++
+XXX+X+XX++XX++++++++++++
+++++++XXXXX+++++++++++++
+++++++++++++++++++++++++
+++++++++++++++++++++++++
+++++++++++++++++++++++++
+++++++++++++++++++++++++
+++++++++++++++++++++++++
+++++++++++++++++++++++++
+++++++++++++++++++++++++
+++++++++++++++++++++++++
+++++++++++++++++++++++++

+++++++++++++++++++++++++
++++++++X++++++++++++++++
++++++X++++++++++++++++++
++++++X+++XXX++++++++++++
+XX+++X+XXXXXXX++++++++++
XXX+X++XXXXX++XX+++++++++
X++XXXXXXX++X++X+++++++++
XXXXX++++X+X+++++++++++++
XXXXX++++X+X+++++++++++++
X++XXXXXXX++X++X+++++++++
XXX+X++XXXXX++XX+++++++++
+XX+++X+XXXXXXX++++++++++
++++++X+++XXX++++++++++++
++++++X++++++++++++++++++
++++++++X++++++++++++++++
+++++++++++++++++++++++++
+++++++++++++++++++++++++
+++++++++++++++++++++++++
+++++++++++++++++++++++++
+++++++++++++++++++++++++
+++++++++++++++++++++++++
+++++++++++++++++++++++++
+++++++++++++++++++++++++
+++++++++++++++++++++++++
+++++++++++++++++++++++++

+++++++++++++++++++++++++
+++++++XX++++++++++++++++
+++++XX++XX+X++++++++++++
+XX++XXX+XXXXX+++++++++++
+XXX++X+XXXXXXXX+++++++++
XXX+X+XXXXXX++XXX++++++++
XX+XXXXXXXX+X+XXX++++++++
XXXXX+++XX+X+++++++++++++
XXXXX+++XX+X+++++++++++++
XX+XXXXXXXX+X+XXX++++++++
XXX+X+XXXXXX++XXX++++++++
+XXX++X+XXXXXXXX+++++++++
+XX++XXX+XXXXX+++++++++++
+++++XX++XX+X++++++++++++
+++++++XX++++++++++++++++
+++++++++++++++++++++++++
+++++++++++++++++++++++++
+++++++++++++++++++++++++
+++++++++++++++++++++++++
+++++++++++++++++++++++++
+++++++++++++++++++++++++
+++++++++++++++++++++++++
+++++++++++++++++++++++++
+++++++++++++++++++++++++
+++++++++++++++++++++++++

+++++++++++++++++++++++++
++++++XXXXXX+++++++++++++
+XX+XXXX+XX+X++++++++++++
XXX++XXX+XXXXX+++++++++++
XXXXX+X+XXXXXXXX+++++++++
XXX+X+XXXXXXXXXXXX+++++++
XXXXXXXXXXXXX+XXXX+++++++
XXXXXXX+XXXX+++X+++++++++
XXXXXXX+XXXX+++X+++++++++
XXXXXXXXXXXXX+XXXX+++++++
XXX+X+XXXXXXXXXXXX+++++++
XXXXX+X+XXXXXXXX+++++++++
XXX++XXX+XXXXX+++++++++++
+XX+XXXX+XX+X++++++++++++
++++++XXXXXX+++++++++++++
+++++++++++++++++++++++++
+++++++++++++++++++++++++
+++++++++++++++++++++++++
+++++++++++++++++++++++++
+++++++++++++++++++++++++
+++++++++++++++++++++++++
+++++++++++++++++++++++++
+++++++++++++++++++++++++
+++++++++++++++++++++++++
+++++++++++++++++++++++++

+++++++XX++X+++++++++++++
+XXX+XXXXXXXX++++++++++++
XXXXXXXX+XX+X++++++++++++
XXX++XXX+XXXXXX++++++++++
XXXXX+X+XXXXXXXXX++++++++
XXX+XXXXXXXXXXXXXXX++++++
XXXXXXXXXXXXXXXXXXX++++++
XXXXXXXXXXXX++XX+X+++++++
XXXXXXXXXXXX++XX+X+++++++
XXXXXXXXXXXXXXXXXXX++++++
XXX+XXXXXXXXXXXXXXX++++++
XXXXX+X+XXXXXXXXX++++++++
XXX++XXX+XXXXXX++++++++++
XXXXXXXX+XX+X++++++++++++
+XXX+XXXXXXXX++++++++++++
+++++++XX++X+++++++++++++
+++++++++++++++++++++++++
+++++++++++++++++++++++++
+++++++++++++++++++++++++
+++++++++++++++++++++++++
+++++++++++++++++++++++++
+++++++++++++++++++++++++
+++++++++++++++++++++++++
+++++++++++++++++++++++++
+++++++++++++++++++++++++

+++++++XXXXX+++++++++++++
+XXX+X++X++XX++++++++++++
XX+X+++X+++++++++++++++++
XX+++XXXXXXX+XX++++++++++
X+XXXXX+X+XXXX++X++++++++
XXX+XXXXXXXX+X+XXXX++++++
XX+XX+XXXX+X+XXXXXX++++++
+X+XXXXXXX+X++XX+X+++++++
+X+XXXXXXX+X++XX+X+++++++
XX+XX+XXXX+X+XXXXXX++++++
XXX+XXXXXXXX+X+XXXX++++++
X+XXXXX+X+XXXX++X++++++++
XX+++XXXXXXX+XX++++++++++
XX+X+++X+++++++++++++++++
+XXX+X++X++XX++++++++++++
+++++++XXXXX+++++++++++++
+++++++++++++++++++++++++
+++++++++++++++++++++++++
+++++++++++++++++++++++++
+++++++++++++++++++++++++
+++++++++++++++++++++++++
+++++++++++++++++++++++++
+++++++++++++++++++++++++
+++++++++++++++++++++++++
+++++++++++++++++++++++++

+++++++++++++++++++++++++
++++++X+XXXX+++++++++++++
+XX+X+XX+XXXXX+++++++++++
XX+XXXX+XX++XXX++++++++++
XX+XXX+++XXXXXXXX++++++++
X+XXX++++X++XXX+XX+++++++
X+XX++X+XXXXX++XXX+++++++
+X+XXXX+XXXX+++X+++++++++
+X+XXXX+XXXX+++X+++++++++
X+XX++X+XXXXX++XXX+++++++
X+XXX++++X++XXX+XX+++++++
XX+XXX+++XXXXXXXX++++++++
XX+XXXX+XX++XXX++++++++++
+XX+X+XX+XXXXX+++++++++++
++++++X+XXXX+++++++++++++
+++++++++++++++++++++++++
+++++++++++++++++++++++++
+++++++++++++++++++++++++
+++++++++++++++++++++++++
+++++++++++++++++++++++++
+++++++++++++++++++++++++
+++++++++++++++++++++++++
+++++++++++++++++++++++++
+++++++++++++++++++++++++
+++++++++++++++++++++++++

+++++++XX++X+++++++++++++
+XXX+XX+XXXXX++++++++++++
XXXXX+XX+XXXXX+++++++++++
XX+XXXX+XX++XXX++++++++++
XX+XXX++XXXXXXXXX++++++++
X+XXXX++XX++XXXXXXX++++++
X+XXX+X+XXXXXXXXXXX++++++
+X+XXXXXXXXX++XX+X+++++++
+X+XXXXXXXXX++XX+X+++++++
X+XXX+X+XXXXXXXXXXX++++++
X+XXXX++XX++XXXXXXX++++++
XX+XXX++XXXXXXXXX++++++++
XX+XXXX+XX++XXX++++++++++
XXXXX+XX+XXXXX+++++++++++
+XXX+XX+XXXXX++++++++++++
+++++++XX++X+++++++++++++
+++++++++++++++++++++++++
+++++++++++++++++++++++++
+++++++++++++++++++++++++
+++++++++++++++++++++++++
+++++++++++++++++++++++++
+++++++++++++++++++++++++
+++++++++++++++++++++++++
+++++++++++++++++++++++++
+++++++++++++++++++++++++

+++++++XXXXX+++++++++++++
+XXX+X+XX++XX++++++++++++
XX+X+X+X+++X+X+++++++++++
XXXXXXX++X+++XX++++++++++
X++XX+++X+XXXX++X++++++++
X+XXXX++XX+++X+XXXX++++++
X++XXXX+XX+X+XXXXXX++++++
XXXXXXXXXX+X++XX+X+++++++
XXXXXXXXXX+X++XX+X+++++++
X++XXXX+XX+X+XXXXXX++++++
X+XXXX++XX+++X+XXXX++++++
X++XX+++X+XXXX++X++++++++
XXXXXXX++X+++XX++++++++++
XX+X+X+X+++X+X+++++++++++
+XXX+X+XX++XX++++++++++++
+++++++XXXXX+++++++++++++
+++++++++++++++++++++++++
+++++++++++++++++++++++++
+++++++++++++++++++++++++
+++++++++++++++++++++++++
+++++++++++++++++++++++++
+++++++++++++++++++++++++
+++++++++++++++++++++++++
+++++++++++++++++++++++++
+++++++++++++++++++++++++

+++++++++++++++++++++++++
+++++++X+++++++++++++++++
+++++X+X+XXXX++++++++++++
+XX++X+X+XX+XX+++++++++++
+XXX++XX+X+++X+X+++++++++
X+XXX+XX+XXX+++XX++++++++
XX+XXXXXXXX+X+X+X++++++++
XX++++++XX+X+++++++++++++
XX++++++XX+X+++++++++++++
XX+XXXXXXXX+X+X+X++++++++
X+XXX+XX+XXX+++XX++++++++
+XXX++XX+X+++X+X+++++++++
+XX++X+X+XX+XX+++++++++++
+++++X+X+XXXX++++++++++++
+++++++X+++++++++++++++++
+++++++++++++++++++++++++
+++++++++++++++++++++++++
+++++++++++++++++++++++++
+++++++++++++++++++++++++
+++++++++++++++++++++++++
+++++++++++++++++++++++++
+++++++++++++++++++++++++
+++++++++++++++++++++++++
+++++++++++++++++++++++++
+++++++++++++++++++++++++

+++++++++++++++++++++++++
++++++XXXXXX+++++++++++++
+XX+XX+X+XXXX++++++++++++
XXX++X+X+XX+XX+++++++++++
XXXXX+XX+XXX+X+X+++++++++
X+XXX+XX+XXXXX+XXX+++++++
XXXXXXXXXXXXX+X+XX+++++++
XX+++XX+XXXX+++X+++++++++
XX+++XX+XXXX+++X+++++++++
XXXXXXXXXXXXX+X+XX+++++++
X+XXX+XX+XXXXX+XXX+++++++
XXXXX+XX+XXX+X+X+++++++++
XXX++X+X+XX+XX+++++++++++
+XX+XX+X+XXXX++++++++++++
++++++XXXXXX+++++++++++++
+++++++++++++++++++++++++
+++++++++++++++++++++++++
+++++++++++++++++++++++++
+++++++++++++++++++++++++
+++++++++++++++++++++++++
+++++++++++++++++++++++++
+++++++++++++++++++++++++
+++++++++++++++++++++++++
+++++++++++++++++++++++++
+++++++++++++++++++++++++

+++++++XX++X+++++++++++++
+XXX+XXXXXXXX++++++++++++
XXXXXX+X+XXXX++++++++++++
XXX++XXX+XX+XXX++++++++++
XXXXX+XXXXXX+X+XX++++++++
X+XXXXXXXXXXXX+XXXX++++++
XXXXXXXXXXXXXXXXXXX++++++
XX++XXXXXXXX++XX+X+++++++
XX++XXXXXXXX++XX+X+++++++
XXXXXXXXXXXXXXXXXXX++++++
X+XXXXXXXXXXXX+XXXX++++++
XXXXX+XXXXXX+X+XX++++++++
XXX++XXX+XX+XXX++++++++++
XXXXXX+X+XXXX++++++++++++
+XXX+XXXXXXXX++++++++++++
+++++++XX++X+++++++++++++
+++++++++++++++++++++++++
+++++++++++++++++++++++++
+++++++++++++++++++++++++
+++++++++++++++++++++++++
+++++++++++++++++++++++++
+++++++++++++++++++++++++
+++++++++++++++++++++++++
+++++++++++++++++++++++++
+++++++++++++++++++++++++

+++++++XXXXX+++++++++++++
+XXX+X++X++XX++++++++++++
XX+X++XX+++X+++++++++++++
XX+++XXXXXX++XX++++++++++
X+XXXXXXX+XX+XX+X++++++++
X+XXXXXXXXXX+XXXXXX++++++
XX+XX+XXXX+X+XXXXXX++++++
+XX+XXXXXX+X++XX+X+++++++
+XX+XXXXXX+X++XX+X+++++++
XX+XX+XXXX+X+XXXXXX++++++
X+XXXXXXXXXX+XXXXXX++++++
X+XXXXXXX+XX+XX+X++++++++
XX+++XXXXXX++XX++++++++++
XX+X++XX+++X+++++++++++++
+XXX+X++X++XX++++++++++++
+++++++XXXXX+++++++++++++
+++++++++++++++++++++++++
+++++++++++++++++++++++++
+++++++++++++++++++++++++
+++++++++++++++++++++++++
+++++++++++++++++++++++++
+++++++++++++++++++++++++
+++++++++++++++++++++++++
+++++++++++++++++++++++++
+++++++++++++++++++++++++

+++++++++++++++++++++++++
++++++X+XXXX+++++++++++++
+XX+X++X+XX+XX+++++++++++
XX+XXX++XX+XXXX++++++++++
XX+XXX+XXXXX+X+XX++++++++
XXX+X+++XX++XX++XX+++++++
X+XX++X+XXXXX+++XX+++++++
+XX++XX+XXXX+++X+++++++++
+XX++XX+XXXX+++X+++++++++
X+XX++X+XXXXX+++XX+++++++
XXX+X+++XX++XX++XX+++++++
XX+XXX+XXXXX+X+XX++++++++
XX+XXX++XX+XXXX++++++++++
+XX+X++X+XX+XX+++++++++++
++++++X+XXXX+++++++++++++
+++++++++++++++++++++++++
+++++++++++++++++++++++++
+++++++++++++++++++++++++
+++++++++++++++++++++++++
+++++++++++++++++++++++++
+++++++++++++++++++++++++
+++++++++++++++++++++++++
+++++++++++++++++++++++++
+++++++++++++++++++++++++
+++++++++++++++++++++++++

+++++++XX++X+++++++++++++
+XXX+XX+XXXXX++++++++++++
XXXXX++X+XX+XX+++++++++++
XX+XXXX+XX+XXXX++++++++++
XX+XXX+XXXXX+X+XX++++++++
XXX+XX++XX++XX+XXXX++++++
X+XXX+X+XXXXXXXXXXX++++++
+XX+XXXXXXXX++XX+X+++++++
+XX+XXXXXXXX++XX+X+++++++
X+XXX+X+XXXXXXXXXXX++++++
XXX+XX++XX++XX+XXXX++++++
XX+XXX+XXXXX+X+XX++++++++
XX+XXXX+XX+XXXX++++++++++
XXXXX++X+XX+XX+++++++++++
+XXX+XX+XXXXX++++++++++++
+++++++XX++X+++++++++++++
+++++++++++++++++++++++++
+++++++++++++++++++++++++
+++++++++++++++++++++++++
+++++++++++++++++++++++++
+++++++++++++++++++++++++
+++++++++++++++++++++++++
+++++++++++++++++++++++++
+++++++++++++++++++++++++
+++++++++++++++++++++++++

+++++++XXXXX+++++++++++++
+XXX+X+XX++XX++++++++++++
XX+X+XXX+++++X+++++++++++
XXXXXXX++X+X+XX++++++++++
X++XX++XX+XX+XX+X++++++++
XXX+XX++XX+++XXXXXX++++++
X++XXXX+XX+X+XXXXXX++++++
XX++XXXXXX+X++XX+X+++++++
XX++XXXXXX+X++XX+X+++++++
X++XXXX+XX+X+XXXXXX++++++
XXX+XX++XX+++XXXXXX++++++
X++XX++XX+XX+XX+X++++++++
XXXXXXX++X+X+XX++++++++++
XX+X+XXX+++++X+++++++++++
+XXX+X+XX++XX++++++++++++
+++++++XXXXX+++++++++++++
+++++++++++++++++++++++++
+++++++++++++++++++++++++
+++++++++++++++++++++++++
+++++++++++++++++++++++++
+++++++++++++++++++++++++
+++++++++++++++++++++++++
+++++++++++++++++++++++++
+++++++++++++++++++++++++
+++++++++++++++++++++++++

