+++++++++++++++++++++++++
+++++++++++++++++++++++++
+++++++++++++++++++++++++
+++++++++++++XX++++++++++
++++++X++++++++++++++++++
++++++X++++++++++++++++++
++++XX+++++++++++++++++++
+++++++++++++++++X+++++++
+++++++++++++++++++++++++
+++++++++++++++++++++++++
++++++++++++XX+++++++++++
+++++X+++++++++++++++++++
++++X+++++++++++XXX++++++
+++++++++++++++++++++++++
+++++++++++++++++++++++++
+++++++++++++++++++++++++
++++++++++++++XX+++++++++
+++++++++++++++++++++++++
+++++XXXXX+++++++++++++++
+++++++++++++++++++++++++
+++++++++++++++++++XXX+++
+++++++++++++++++++++++++
+++++++++++XXX+++++++++++
+++++++++++++++++++++++++
+++++++++++++++++++++++++

+++++++++++++++++++++++++
+++++++++++++++++++++++++
+++++++++++++XX++++++++++
+++++++++++++XX++++++++++
+++++XXX+++++XX++++++++++
++++X+XX+++++++++++++++++
++++XXX++++++++++++++++++
++++XX+++++++++++X+++++++
+++++++++++++++++++++++++
++++++++++++XX+++++++++++
++++++++++++XX+++++++++++
++++XX++++++XX++X+X++++++
++++XX++++++++++XXX++++++
++++++++++++++++X+X++++++
+++++++++++++++++++++++++
++++++++++++++XX+++++++++
++++++++++++++XX+++++++++
+++++X+++X++++XX+++++++++
+++++XXXXX+++++++++++++++
+++++X+++X+++++++++X+X+++
+++++++++++++++++++XXX+++
+++++++++++X+X+++++X+X+++
+++++++++++XXX+++++++++++
+++++++++++X+X+++++++++++
+++++++++++++++++++++++++

+++++++++++++++++++++++++
+++++++++++++XX++++++++++
+++++++++++++XX++++++++++
++++++X+++++XXXX+++++++++
++++XXXXX++++XX++++++++++
++++X+XXX++++XX++++++++++
+++XXXX++++++++++++++++++
++++XX+++++++++++X+++++++
++++XX++++++XX+++++++++++
++++++++++++XX+++++++++++
+++++++++++XXXX++X+++++++
++++XX++++++XX++X+X++++++
++++XX++++++XX+XXXXX+++++
++++++++++++++++X+X++++++
++++++++++++++X+XX+++++++
++++++++++++++XX+++++++++
+++++++++++++XXXX++++++++
+++++X+++X++++XX+++++++++
++++XXXXXXX+++XX++++X++++
+++++X+++X+++++++++X+X+++
++++++++++X+X+++++XXXXX++
+++++++++++X+X+++++X+X+++
++++++++++XXXXX+++++X++++
+++++++++++X+X+++++++++++
++++++++++++X++++++++++++

+++++++++++++XX++++++++++
+++++++++++++XX++++++++++
++++++++++++XXXX+++++++++
++++X+X+X+++XXXX+++++++++
+++XXXXXXX++XXXX+++++++++
++++X+XXXX+++XX++++++++++
+++XXXX++++++XX++++++++++
++++XX++++++XX+++X+++++++
+++XXX++++++XX+++++++++++
++++XX+++++XXXX++++++++++
+++++++++++XXXX++X+++++++
++++XX+++++XXX+XX+X++++++
++++XX++++++XXXXXXXX+++++
++++++++++++X+++XXX++++++
++++++++++++++XXXX+++++++
+++++++++++++XXX+++++++++
+++++++++++++XXXX++++++++
+++++X+++X+++XXXX++++++++
++++XXXXXXX+++XX++++X++++
+++++X+++XX++XXX+++X+X+++
++++++++++XXX+++++XXXXX++
+++++++++XXX+X+++++X+X+++
++++++++++XXXXX+++++X++++
+++++++++++X+X+++++++++++
++++++++++++X++++++++++++

+++++++++++++XX++++++++++
++++++++++++XXXX+++++++++
+++++X+X++++XXXX+++++++++
++++X+X+X++XXXXXX++++++++
+++XXXXXXXX+XXXX+++++++++
++X+X+XXXXX+XXXX+++++++++
+++XXXXXXX+++XX++++++++++
++X+XXX+++++XX+++X+++++++
+++XXXX++++XXXX++++++++++
++++XXX++++XXXX++++++++++
+++X++++++XXXXX+XX+++++++
++++XX+++++XXXXXXXX++++++
++++XX+++++XXXXXXXXX+++++
++++++++++++XXXXXXX++++++
++++++++++++X+XXXXX++++++
+++++++++++++XXX+++++++++
++++++++++++XXXXX++++++++
+++++X+++X+++XXXX++++++++
++++XXXXXXX+X+XXX+++X++++
+++++X+++XXXXXXX+++XXX+++
++++++++X+XXX++X++XXXXX++
+++++++++XXXXX+++++XXX+++
+++++++++XXXXXX+++++X++++
+++++++++++XXX+++++++++++
++++++++++++X++++++++++++

+++++++++++++XX++++++++++
++++++X+++++XXXX+++++++++
++++XXXXX+++XXXX+++++++++
++++X+X+XXXXXXXXX++++++++
++XXXXXXXXX+XXXX+++++++++
++X+X+XXXXX+XXXX+++++++++
+XXXXXXXXXX+XXXX+++++++++
++X+XXX++XXXXXXX+X+++++++
++XXXXX++++XXXX++++++++++
++XXXXXX+++XXXX+XX+++++++
+++XXXX+++XXXXX+XXX++++++
+++XXX+++++XXXXXXXX++++++
++++XX+++++XXXXXXXXX+++++
++++++++++++XXXXXXXX+++++
++++++++++++X+XXXXX++++++
+++++++++++XXXXX++X++++++
++++++++++++XXXXX++++++++
+++++X+++XX+XXXXX++++++++
++++XXXXXXX+X+XXX++XXX+++
+++++X++XXXXXXXXXXXXXXX++
++++++++X+XXX+XX++XXXXX++
++++++++XXXXXX+X++XXXXX++
+++++++++XXXXXX++++XXX+++
++++++++++XXXXX++++++++++
+++++++++++XXX+++++++++++

+++++++++++++XX++++++++++
++++++X+++++XXXX+++++++++
++++XXXXX+++XXXX+++++++++
++++X+X+XXXXXXXXX++++++++
++XXXXXXXXX+XXXX+++++++++
++X+XXXXXXX+XXXX+++++++++
+XXXXXXXXXX+XXXXX++++++++
++X+XXX++XXXXXXXXX+++++++
+XXXXXXXXX+XXXX++X+++++++
+XXXXXXX+++XXXX+XX+++++++
+++XXXXX++XXXXX+XXX++++++
+++XXX+++++XXXXXXXXX+++++
++++XX+++++XXXXXXXXX+++++
++++++++++++XXXXXXXX+++++
+++++++++++XXXXXXXXX+++++
+++++++++++XXXXXXXX++++++
+++++++++X++XXXXX++++++++
+++++X++XXX+XXXXXX++X++++
++++XXXXXXX+X+XXX++XXXX++
+++++X++XXXXXXXXXXXXXXX++
+++++++XXXXXX+XX++XXXXXX+
++++++++XXXXXXXX++XXXXX++
+++++++++XXXXXXX++XXXXX++
++++++++++XXXXX+++++X++++
++++++++++XXXXX++++++++++

+++++++++++++XX++++++++++
+++++X+X++++XXXX+++++++++
+++++++++XXX+++X+++++++++
+++XXXXX+XXXXXX+X++++++++
+++X+XX+XX++XXX++++++++++
+X+XXXX++XX+XXXX+++++++++
+++XXX+XX+++XXXXX++++++++
+X+X++XXX+++XXXXXX+++++++
+XXXXXXXXXX+XXX+XX+++++++
+XX+++XX+++X+XXXXXX++++++
++XX++XX++X+XX+XX+X++++++
++++XXX++++XXXXX++XX+++++
++++X++++++XXXXXXXXX+++++
++++++++++++XXXXXX+++++++
+++++++++++XXXXXXXXX+++++
++++++++++++X+X+XX+++++++
+++++++++XX+X+X+XX+++++++
+++++X++XXXXXXX++X++X++++
++++XXXX+X+XXX+XX+X+X+X++
+++++X+++XXXXXX+XXXXXX+++
+++++++XXXXXX+++X++XXXXX+
+++++++++XXXXXX++++XXX+++
+++++++++XXXXXXX++X+X+X++
+++++++++++XXX++++++X++++
++++++++++X+X+X++++++++++

+++++++++++++XX++++++++++
++++++X++++++XX++++++++++
++++X+X+X++XXXXXX++++++++
+++XX++X+XXXXXXX+++++++++
++XXX++XX+X+XXXXX++++++++
+++++++X+XXX+XX++++++++++
+XX+++XXXXXXX++X+++++++++
+++XXXX+XXXX++XX+X+++++++
++X+X+XX++++XX+++++++++++
++XXXX+X++XX++XXXX+++++++
++++XXX++++X++X+XXX++++++
+++X++++++XXXXXXXX+++++++
+++++X++++++X+XXXXX++++++
+++++++++++XX+XXXX+X+++++
++++++++++++++XX+X+++++++
+++++++++++XX+XX+XX++++++
+++++++++++++X+XX++++++++
+++++X+++XXXXXXXX++++++++
++++XXXXXXX+XXXX+++X+X+++
+++++X++XX++X+++XXXXXXX++
+++++++++XX+XXX++++XXX+++
++++++++X+++++XX++XXXXX++
++++++++++X+XX+++++X+X+++
++++++++++X+XXX++++++++++
+++++++++++X+X+++++++++++

+++++++++++++XX++++++++++
++++++X++++++XX++++++++++
++++X+X+X++XXXXXX++++++++
+++XX+XX+XXXXXXX+++++++++
++XXX++XX+X+XXXXX++++++++
+++++XXX+XXXXXXX+++++++++
+XXX+XXXXXXXX++XX++++++++
+++XXXX+XXXX++XXXX+++++++
+XX+X+XXXX++XX+++X+++++++
+XXXXX+X++XX++XXXX+++++++
++++XXXX+++X+XX+XXX++++++
+++X++++++XXXXXXXX+X+++++
++++XX++++++X+XXXXXX+++++
+++++++++++XX+XXXX+X+++++
+++++++++++XXXXX+XXX+++++
+++++++++++XX+XXXXX++++++
+++++++++X+++X+XX++++++++
+++++X++XXXXXXXXXX++X++++
++++XXXXXXX+XXXX+++XXXX++
+++++X++XX++XXX+XXXXXXX++
+++++++XXXX+XXX++++XXXXX+
++++++++X+++++XX++XXXXX++
+++++++++XX+XXXX++XXXXX++
++++++++++XXXXX+++++X++++
++++++++++XXXXX++++++++++

+++++++++++++XX++++++++++
+++++X+X+++++XX++++++++++
+++++X+X+XX++++XX++++++++
++++XXX+XXXXXXX++++++++++
+++X++++X+++XXX+X++++++++
+XXX+XX+XXXXXXXX+++++++++
+++X+X+XX++XX++XX++++++++
+XX+++XX++++++XXXX+++++++
+XX+X+XXXXXXXX++XX+++++++
+XX++++X++XXX+X+XXX++++++
++X+++XX+++++X+XX+X++++++
++++++X+++XXXXXX+++X+++++
++++X+++++++X+XXXXXX+++++
+++++++++++XX+XXXXX++++++
+++++++++++XXXXX+XXX+++++
++++++++++++XXX+XX+++++++
+++++++++XX+++++XX+++++++
+++++X++XXX+XXX++X++X++++
++++XXXX+X+XX++X++X+X+X++
+++++X+++X++XXXXXXXXXX+++
+++++++XXXX+XX+XX+XXXXXX+
++++++++++++++X++++XXX+++
+++++++++XX+XXXX++X+X+X++
+++++++++++XXX++++++X++++
++++++++++X+X+X++++++++++

+++++++++++++++++++++++++
++++++++++++X++X+++++++++
+++++X+X+++++XX++++++++++
+++XXX+XXX+XXXXXX++++++++
+++XXXXX++X++XX++++++++++
++XXXX++XXX+X++X+++++++++
++++X+XXXX++XXX++++++++++
++XXX+X+++++XXX++X+++++++
+++X+XX++++X++X++++++++++
+++X+XX+++++XX+++++++++++
+++XXX++++XXXXXXXX+++++++
+++++X++++++XXXX+X+++++++
++++X++++++XXX+++X+X+++++
+++++++++++++XXXX++++++++
++++++++++++XX++XXX++++++
++++++++++++++XX+++++++++
++++++++++++X++XX++++++++
+++++X+++X++++XX+++++++++
++++XXXXXXX+XXX+X+++X++++
+++++X++++XXX+X+++++X++++
++++++++X+XX+X+X++XXXXX++
++++++++++XXX+++++++X++++
+++++++++X+X+XX+++++X++++
++++++++++++X++++++++++++
++++++++++++X++++++++++++

+++++++++++++++++++++++++
++++++X+++++X++X+++++++++
++++XXXXX++++XX++++++++++
+++XXX+XXXXXXXXXX++++++++
++XXXXXX++X++XX++++++++++
++XXXX++XXX+XXXX+++++++++
+XX+X+XXXXX+XXXX+++++++++
++XXX+X++XXXXXXX+X+++++++
++XX+XX++++XXXX++++++++++
++XXXXXX++++XXX+XX+++++++
+++XXXX+++XXXXXXXXX++++++
+++X+X++++++XXXX+X+++++++
++++XX+++++XXX+++XXX+++++
+++++++++++++XXXX++X+++++
++++++++++++XX++XXX++++++
+++++++++++XX+XX++X++++++
++++++++++++XX+XX++++++++
+++++X+++XX+XXXXX++++++++
++++XXXXXXX+XXXXX++XXX+++
+++++X++X+XXX+X+XXX+X+X++
++++++++X+XX+XXX++XXXXX++
++++++++X+XXX++X++X+X+X++
+++++++++X+X+XX++++XXX+++
++++++++++X+X+X++++++++++
+++++++++++XXX+++++++++++

+++++++++++++++++++++++++
++++++X+++++X++X+++++++++
++++XXXXX++++XXX+++++++++
+++XXXXXXXXXXXXXX++++++++
++XXXXXXX+X++XX++++++++++
++XXXXX+XXX+XXXX+++++++++
+XXXXXXXXXX+XXXXX++++++++
++XXX+X++XXXXXXXXX+++++++
+XXX+XXXXX+XXXX++X+++++++
+XXXXXXX+++XXXX+XX+++++++
+++XXXXX++XXXXXXXXX++++++
+++X+X++++++XXXX+X+X+++++
++++XX+++++XXX++XXXX+++++
+++++++++++++XXXXX+X+++++
+++++++++++XXX++XXXX+++++
+++++++++++XX+XXXXX++++++
+++++++++X++XX+XX++++++++
+++++X++XXX+XXXXXX++X++++
++++XXXXXXX+XXXXX++XXXX++
+++++X++XXXXXXX+XXXXXXX++
+++++++XXXXX+XXX++XXXXXX+
++++++++X+XXX+XX++XXXXX++
+++++++++X+X+XXX++XXXXX++
++++++++++XXXXX+++++X++++
++++++++++XXXXX++++++++++

+++++++++++++++++++++++++
+++++X+X++++X++X+++++++++
+++++++++XXXX++X+++++++++
++++X+X++XXXXXX+X++++++++
+++X+XX+X++++XXX+++++++++
+X++XXXX+XX+XXXX+++++++++
+++XXX+XX+++XXXXX++++++++
+X+++XXXX+++XXXXXX+++++++
+XXX+XXXXXX+XXX+XX+++++++
+XX+++XX+++X+XXXXXX++++++
++XX++XX++X+XX++X+X++++++
+++++XX+++++XXXXX++X+++++
++++X++++++XXX++XXXX+++++
+++++++++++++XXXXXX++++++
+++++++++++XXX++XXXX+++++
++++++++++++XXX+XX+++++++
+++++++++XX+X+++XX+++++++
+++++X++XXXXXXX++X++X++++
++++XXXX+X+XX++XX+X+X+X++
+++++X+++XXXXXXXXXXXXX+++
+++++++XXXXX+X++X++XXXXX+
++++++++++XXX+X++++XXX+++
+++++++++X+X+XXX++X+X+X++
+++++++++++XXX++++++X++++
++++++++++X+X+X++++++++++

+++++++++++++++++++++++++
++++++X++++++++++++++++++
++++X+X+X++X+XX+X++++++++
++++XXX++XXXXXXX+++++++++
++XXX++X+XX++XX+X++++++++
+++X+XX++XXX+XX++++++++++
+XXX+XXXXXXXX++X+++++++++
++++X+X+XXXX++XX+X+++++++
++X+++XX++++XX+++++++++++
++XXXX+X++X+++XXXX+++++++
++++XXX++++X++XXXXX++++++
+++XX+++++X+XXXX+XX++++++
+++++X++++++X++++XX++++++
+++++++++++X++XXX+XX+++++
+++++++++++++X+++X+++++++
+++++++++++XXXXX+XX++++++
+++++++++++++XXXX++++++++
+++++X+++XXXXXXXX++++++++
++++XXXXXXX+X+XX+++X+X+++
+++++X++X+++XX+XXXX+X+X++
+++++++++XX+++X++++XXX+++
++++++++XX+++XXX++X+X+X++
+++++++++++++X+++++X+X+++
++++++++++XXX+X++++++++++
+++++++++++X+X+++++++++++

+++++++++++++++++++++++++
++++++X++++++++++++++++++
++++X+X+X++X+XXXX++++++++
++++XXX++XXXXXXX+++++++++
++XXX++XXXX++XX+X++++++++
+++X+XX++XXXXXXX+++++++++
+XXX+XXXXXXXX++XX++++++++
++++X+X+XXXX++XXXX+++++++
+XX+++XXXX++XX+++X+++++++
+XXXXX+X++XX++XXXX+++++++
++++XXXX+++X+XXXXXX++++++
+++XX+++++X+XXXX+XXX+++++
++++XX++++++X+++XXXX+++++
+++++++++++X++XXXXXX+++++
+++++++++++XXX+++XXX+++++
+++++++++++XXXXXXXX++++++
+++++++++X+++XXXX++++++++
+++++X++XXXXXXXXXX++X++++
++++XXXXXXX+X+XX+++XXXX++
+++++X++XX++XXXXXXXXXXX++
+++++++XXXX+++X++++XXXXX+
++++++++XX+++XXX++XXXXX++
+++++++++X+++XXX++XXXXX++
++++++++++XXXXX+++++X++++
++++++++++XXXXX++++++++++

+++++++++++++++++++++++++
+++++X+X+++++++++++++++++
+++++X+X+XX+X++XX++++++++
+++XX+XXXXXXXXX++++++++++
+++X++++XX+++XXXX++++++++
+XX++XXXXXXXXXXX+++++++++
+++X+X+XX++XX++XX++++++++
+XXX+XXX++++++XXXX+++++++
+XX+++XXXXXXXX++XX+++++++
+XX++++X++XXX+X+XXX++++++
++X+++XX+++++X++X+X++++++
++++X+X+++X+XXXXX+XX+++++
++++X+++++++X+++XXXX+++++
+++++++++++X++XXXX+++++++
+++++++++++XXX+++XXX+++++
++++++++++++X+X+XX+++++++
+++++++++XX+++X+XX+++++++
+++++X++XXX+XXX++X++X++++
++++XXXX+X+XXX+X++X+X+X++
+++++X+++X++XXX+XXXXXX+++
+++++++XXXX++++XX+XXXXXX+
+++++++++X+++XX++++XXX+++
+++++++++X+++XXX++X+X+X++
+++++++++++XXX++++++X++++
++++++++++X+X+X++++++++++

+++++++++++++XX++++++++++
+++++++++++++++++++++++++
++++++++++++X++X+++++++++
++++XXXXX++++XX++++++++++
+++XXX+XXX++X++X+++++++++
+++XXXX+XX+++++++++++++++
+++X+XX++++++XX++++++++++
+++XX+++++++XX+++X+++++++
+++XXX+++++++++++++++++++
++++XX+++++X++X++++++++++
++++++++++++XX+++++++++++
++++X++++++X++XXX+X++++++
+++++X++++++++X+XXX++++++
++++++++++++XXXX+XX++++++
+++++++++++++++X+++++++++
+++++++++++++XX+XX+++++++
++++++++++++++XX+++++++++
+++++X+++X+++X++X++++++++
+++++XX+XX+++++++++++++++
+++++X+++XXX+XXX+++X+X+++
+++++++++++X+++++++XXX+++
+++++++++XX++X+++++X+X+++
+++++++++++XXX+++++++++++
+++++++++++X+X+++++++++++
+++++++++++++++++++++++++

+++++++++++++XX++++++++++
++++++++++++X++X+++++++++
+++++X+X++++X++X+++++++++
++++XXXXX++XXXXXX++++++++
+++XXXXXXXX+X++X+++++++++
++XXXXX+XXX+X++X+++++++++
+++XXXXXXX+++XX++++++++++
++XXX+X+++++XX+++X+++++++
+++XXXX++++X++X++++++++++
++++XXX++++X++X++++++++++
+++X++++++XXXXX+XX+++++++
++++XX+++++X++XXXXX++++++
++++XX+++++XXXX+XXXX+++++
++++++++++++XXXXXXX++++++
++++++++++++X++XXXX++++++
+++++++++++++XXXXX+++++++
++++++++++++X+XX+++++++++
+++++X+++X+++X++X++++++++
+++++XX+XXX+X+++X+++X++++
+++++X+++XXXXXXX+++XXX+++
++++++++X++X+++X++XXXXX++
+++++++++XXXXX+++++XXX+++
+++++++++X+XXXX+++++X++++
+++++++++++XXX+++++++++++
++++++++++++X++++++++++++

+++++++++++++XX++++++++++
++++++X+++++X++X+++++++++
++++XXXXX+++X++X+++++++++
++++XXXXXXXXXXXXX++++++++
++XXXXXXXXX+X++X+++++++++
++XXXXX+XXX+XXXX+++++++++
+XXXXXXXXXX+XXXX+++++++++
++XXX+X++XXXXXXX+X+++++++
++XXXXX++++XXXX++++++++++
++XXXXXX+++X++X+XX+++++++
+++XXXX+++XXXXX+XXX++++++
+++XXX+++++X++XXXXX++++++
++++XX+++++XXXX+XXXX+++++
++++++++++++XXXXXXXX+++++
++++++++++++X++XXXX++++++
+++++++++++XXXXXXXX++++++
++++++++++++XXXXX++++++++
+++++X+++XX+XX+XX++++++++
+++++XX+XXX+X++XX++XXX+++
+++++X++XXXXXXXXXXXXXXX++
++++++++X++X++XX++XXXXX++
++++++++XXXXXX+X++XXXXX++
+++++++++X+XXXX++++XXX+++
++++++++++XXXXX++++++++++
+++++++++++XXX+++++++++++

+++++++++++++XX++++++++++
++++++X+++++X++X+++++++++
++++XXXXX+++X++X+++++++++
++++XXXXXXXXXXXXX++++++++
++XXXXXXXXX+X++X+++++++++
++XXXXX+XXX+XXXX+++++++++
+XXXXXXXXXX+XXXXX++++++++
++XXX+X++XXXXXXXXX+++++++
+XXXXXXXXX+XXXX++X+++++++
+XXXXXXX+++X++X+XX+++++++
+++XXXXX++XXXXX+XXX++++++
+++XXX+++++X++XXXXXX+++++
++++XX+++++XXXX+XXXX+++++
++++++++++++XXXXXXXX+++++
+++++++++++XXX+XXXXX+++++
+++++++++++XXXXXXXX++++++
+++++++++X++XXXXX++++++++
+++++X++XXX+XX+XXX++X++++
+++++XX+XXX+X++XX++XXXX++
+++++X++XXXXXXXXXXXXXXX++
+++++++XXX+X++XX++XXXXXX+
++++++++XXXXXXXX++XXXXX++
+++++++++X+XXXXX++XXXXX++
++++++++++XXXXX+++++X++++
++++++++++XXXXX++++++++++

+++++++++++++XX++++++++++
+++++X+X++++X++X+++++++++
+++++++++XXX+XXX+++++++++
+++XX+X++XXXXXX+X++++++++
+++X+XX+XX++X++++++++++++
+X++XXXX+XX+XXXX+++++++++
+++XXX+XX+++XXXXX++++++++
+X+++XXXX+++XXXXXX+++++++
+XXXXXXXXXX+XXX+XX+++++++
+XX+++XX+++XX+XXXXX++++++
++XX++XX++X+XX+XX+X++++++
++++XXX++++X++XX++XX+++++
++++X++++++XXXX+XXXX+++++
++++++++++++XXXXXX+++++++
+++++++++++XXX+XXXXX+++++
++++++++++++X+X+XX+++++++
+++++++++XX+X+X+XX+++++++
+++++X++XXXXXX+++X++X++++
+++++XX++X+XXXXXX+X+X+X++
+++++X+++XXXXXX+XXXXXX+++
+++++++XXX+X++++X++XXXXX+
+++++++++XXXXXX++++XXX+++
+++++++++X+XXXXX++X+X+X++
+++++++++++XXX++++++X++++
++++++++++X+X+X++++++++++

+++++++++++++XX++++++++++
++++++X++++++++++++++++++
++++X+X+X++XX++XX++++++++
+++XXX+++XXXXXXX+++++++++
++XXX++XX+X+X++XX++++++++
+++X+X+++XXX+XX++++++++++
+XX+++XXXXXXX++X+++++++++
++++X+X+XXXX++XX+X+++++++
++X+X+XX++++XX+++++++++++
++XXXX+X++XXXXXXXX+++++++
++++XXX++++X++X+XXX++++++
+++X++++++XX++XXXX+++++++
+++++X++++++X+X+XXX++++++
+++++++++++XX+XXXX+X+++++
+++++++++++++++X+X+++++++
+++++++++++XX+XXX+X++++++
+++++++++++++X+XX++++++++
+++++X+++XXXXX+XX++++++++
+++++XX+XXX+XX+X+++X+X+++
+++++X++XX++X+++XXXXXXX++
+++++++++X+++XX++++XXX+++
++++++++X+++++XX++XXXXX++
++++++++++++XX+++++X+X+++
++++++++++X+XXX++++++++++
+++++++++++X+X+++++++++++

+++++++++++++XX++++++++++
++++++X++++++++++++++++++
++++X+X+X++XX++XX++++++++
+++XXXX++XXXXXXX+++++++++
++XXX++XX+X+X++XX++++++++
+++X+XX++XXXXXXX+++++++++
+XXX+XXXXXXXX++XX++++++++
++++X+X+XXXX++XXXX+++++++
+XX+X+XXXX++XX+++X+++++++
+XXXXX+X++XXXXXXXX+++++++
++++XXXX+++X+XX+XXX++++++
+++X++++++XX++XXXX+X+++++
++++XX++++++X+X+XXXX+++++
+++++++++++XX+XXXX+X+++++
+++++++++++XXX+X+XXX+++++
+++++++++++XX+XXXXX++++++
+++++++++X+++X+XX++++++++
+++++X++XXXXXX+XXX++X++++
+++++XX+XXX+XX+X+++XXXX++
+++++X++XX++XXX+XXXXXXX++
+++++++XXX+++XX++++XXXXX+
++++++++X+++++XX++XXXXX++
+++++++++X++XXXX++XXXXX++
++++++++++XXXXX+++++X++++
++++++++++XXXXX++++++++++

+++++++++++++XX++++++++++
+++++X+X+++++++++++++++++
+++++X+X+XX++XXXX++++++++
++++X+XXXXXXXXX++++++++++
+++X++++X+++X+++X++++++++
+XX++XXXXXXXXXXX+++++++++
+++X+X+XX++XX++XX++++++++
+XXX+XXX++++++XXXX+++++++
+XX+X+XXXXXXXX++XX+++++++
+XX++++X++XX+XX+XXX++++++
++X+++XX+++++X+XX+X++++++
++++++X+++XX++XX+++X+++++
++++X+++++++X+X+XXXX+++++
+++++++++++XX+XXXXX++++++
+++++++++++XXX+X+XXX+++++
++++++++++++XXX+XX+++++++
+++++++++XX+++++XX+++++++
+++++X++XXX+XX+++X++X++++
+++++XX++X+XX+XX++X+X+X++
+++++X+++X++XXXXXXXXXX+++
+++++++XXX+++X+XX+XXXXXX+
++++++++++++++X++++XXX+++
+++++++++X++XXXX++X+X+X++
+++++++++++XXX++++++X++++
++++++++++X+X+X++++++++++

+++++++++++++++++++++++++
++++++++++++XXXX+++++++++
+++++X+X+++++++++++++++++
+++XX+++XX+XXXXXX++++++++
+++XXXXX++X++++++++++++++
++X+X++XXXX+XXXX+++++++++
++++X+XXXX++XXX++++++++++
++X+XXX+++++XXX++X+++++++
+++X+XX++++XXXX++++++++++
+++X+XX++++++++++++++++++
+++XXX++++XXXXXXXX+++++++
+++++X++++++++XX+X+++++++
++++X++++++XXX+X+X+X+++++
+++++++++++++XXXX++++++++
++++++++++++XXX+XXX++++++
++++++++++++++XXXX+++++++
++++++++++++XX+X+++++++++
+++++X+++X+++++++++++++++
+++++XX+XXX+XX+XX+++X++++
+++++X++++XXX+X+++++X++++
++++++++X++XXX+X++XXXXX++
++++++++++XXX+++++++X++++
+++++++++XXX+XX+++++X++++
++++++++++++X++++++++++++
++++++++++++X++++++++++++

+++++++++++++++++++++++++
++++++X+++++XXXX+++++++++
++++XXXXX++++++++++++++++
+++XX+++XXXXXXXXX++++++++
++XXXXXX++X++++++++++++++
++X+X++XXXX+XXXX+++++++++
+XX+X+XXXXX+XXXX+++++++++
++X+XXX++XXXXXXX+X+++++++
++XX+XX++++XXXX++++++++++
++XXXXXX++++++X+XX+++++++
+++XXXX+++XXXXXXXXX++++++
+++X+X++++++++XX+X+++++++
++++XX+++++XXX+X+XXX+++++
+++++++++++++XXXX++X+++++
++++++++++++XXX+XXX++++++
+++++++++++XX+XXXXX++++++
++++++++++++XX+XX++++++++
+++++X+++XX+XX+XX++++++++
+++++XX+XXX+XX+XX++XXX+++
+++++X++X+XXX+X+XXX+X+X++
++++++++X++XXXXX++XXXXX++
++++++++X+XXX++X++X+X+X++
+++++++++XXX+XX++++XXX+++
++++++++++X+X+X++++++++++
+++++++++++XXX+++++++++++

+++++++++++++++++++++++++
++++++X+++++XXXX+++++++++
++++XXXXX++++++X+++++++++
+++XX+X+XXXXXXXXX++++++++
++XXXXXXX+X++++++++++++++
++X+XXXXXXX+XXXX+++++++++
+XXXXXXXXXX+XXXXX++++++++
++X+XXX++XXXXXXXXX+++++++
+XXX+XXXXX+XXXX++X+++++++
+XXXXXXX+++X++X+XX+++++++
+++XXXXX++XXXXXXXXX++++++
+++X+X++++++++XX+X+X+++++
++++XX+++++XXX+XXXXX+++++
+++++++++++++XXXXX+X+++++
+++++++++++XXXX+XXXX+++++
+++++++++++XX+XXXXX++++++
+++++++++X++XX+XX++++++++
+++++X++XXX+XX+XXX++X++++
+++++XX+XXX+XX+XX++XXXX++
+++++X++XXXXXXX+XXXXXXX++
+++++++XXX+XXXXX++XXXXXX+
++++++++X+XXX+XX++XXXXX++
+++++++++XXX+XXX++XXXXX++
++++++++++XXXXX+++++X++++
++++++++++XXXXX++++++++++

+++++++++++++++++++++++++
+++++X+X++++XXXX+++++++++
+++++++++XXXXXXX+++++++++
++++XXXX+XXXXXX+X++++++++
+++X+XX+X++++++X+++++++++
+X+XXXX++XX+XXXX+++++++++
+++XXX+XX+++XXXXX++++++++
+X+X++XXX+++XXXXXX+++++++
+XXX+XXXXXX+XXX+XX+++++++
+XX+++XX+++XX+XXXXX++++++
++XX++XX++X+XX++X+X++++++
+++++XX+++++++XXX++X+++++
++++X++++++XXX+XXXXX+++++
+++++++++++++XXXXXX++++++
+++++++++++XXXX+XXXX+++++
++++++++++++XXX+XX+++++++
+++++++++XX+X+++XX+++++++
+++++X++XXXXXX+++X++X++++
+++++XX++X+XX+XXX+X+X+X++
+++++X+++XXXXXXXXXXXXX+++
+++++++XXX+XXX++X++XXXXX+
++++++++++XXX+X++++XXX+++
+++++++++XXX+XXX++X+X+X++
+++++++++++XXX++++++X++++
++++++++++X+X+X++++++++++

+++++++++++++++++++++++++
++++++X++++++XX++++++++++
++++X+X+X++X++++X++++++++
++++X+XX+XXXXXXX+++++++++
++XXX++X+XX+++++X++++++++
++++++XX+XXX+XX++++++++++
+XXX+XXXXXXXX++X+++++++++
+++XXXX+XXXX++XX+X+++++++
++X+++XX++++XX+++++++++++
++XXXX+X++X+XXXXXX+++++++
++++XXX++++X++XXXXX++++++
+++XX+++++X+++XX+XX++++++
+++++X++++++X++X+XX++++++
+++++++++++X++XXX+XX+++++
+++++++++++++XX++X+++++++
+++++++++++XXXXXX+X++++++
+++++++++++++XXXX++++++++
+++++X+++XXXXX+XX++++++++
+++++XX+XXX+X++X+++X+X+++
+++++X++X+++XX+XXXX+X+X++
+++++++++X++X+X++++XXX+++
++++++++XX+++XXX++X+X+X++
++++++++++X++X+++++X+X+++
++++++++++XXX+X++++++++++
+++++++++++X+X+++++++++++

+++++++++++++++++++++++++
++++++X++++++XX++++++++++
++++X+X+X++X+++XX++++++++
++++X+XX+XXXXXXX+++++++++
++XXX++XXXX+++++X++++++++
+++++XXX+XXXXXXX+++++++++
+XXX+XXXXXXXX++XX++++++++
+++XXXX+XXXX++XXXX+++++++
+XX+++XXXX++XX+++X+++++++
+XXXXX+X++XXXXXXXX+++++++
++++XXXX+++X+XXXXXX++++++
+++XX+++++X+++XX+XXX+++++
++++XX++++++X++XXXXX+++++
+++++++++++X++XXXXXX+++++
+++++++++++XXXX++XXX+++++
+++++++++++XXXXXXXX++++++
+++++++++X+++XXXX++++++++
+++++X++XXXXXX+XXX++X++++
+++++XX+XXX+X++X+++XXXX++
+++++X++XX++XXXXXXXXXXX++
+++++++XXX++X+X++++XXXXX+
++++++++XX+++XXX++XXXXX++
+++++++++XX++XXX++XXXXX++
++++++++++XXXXX+++++X++++
++++++++++XXXXX++++++++++

+++++++++++++++++++++++++
+++++X+X+++++XX++++++++++
+++++X+X+XX+XXXXX++++++++
+++XXXX+XXXXXXX++++++++++
+++X++++XX+++++XX++++++++
+XXX+XX+XXXXXXXX+++++++++
+++X+X+XX++XX++XX++++++++
+XX+++XX++++++XXXX+++++++
+XX+++XXXXXXXX++XX+++++++
+XX++++X++XX+XX+XXX++++++
++X+++XX+++++X++X+X++++++
++++X+X+++X+++XXX+XX+++++
++++X+++++++X++XXXXX+++++
+++++++++++X++XXXX+++++++
+++++++++++XXXX++XXX+++++
++++++++++++X+X+XX+++++++
+++++++++XX+++X+XX+++++++
+++++X++XXX+XX+++X++X++++
+++++XX++X+XXXXX++X+X+X++
+++++X+++X++XXX+XXXXXX+++
+++++++XXX++X++XX+XXXXXX+
+++++++++X+++XX++++XXX+++
+++++++++XX++XXX++X+X+X++
+++++++++++XXX++++++X++++
++++++++++X+X+X++++++++++

+++++++++++++++++++++++++
+++++++++++++XX++++++++++
+++++++++++++++++++++++++
++++++X+++++XXXX+++++++++
++++XXXXX++++++++++++++++
++++X++XX++++XX++++++++++
+++XX++X+++++++++++++++++
++++XXX++++++++++X+++++++
++++XX++++++XX+++++++++++
+++++++++++++++++++++++++
+++++++++++XXXX++X+++++++
+++++X+++++++++++X+++++++
++++X+++++++XX+X+++X+++++
+++++++++++++++++X+++++++
++++++++++++++XXXX+++++++
+++++++++++++++++++++++++
+++++++++++++XXXX++++++++
++++++XXX++++++++++++++++
++++X+XXX+X+++XX++++X++++
++++++XXX+++++++++++X++++
++++++++++X+X+++++X+++X++
++++++++++++X+++++++X++++
++++++++++X+++X+++++X++++
++++++++++++X++++++++++++
++++++++++++X++++++++++++

+++++++++++++XX++++++++++
+++++++++++++XX++++++++++
++++++++++++X++X+++++++++
++++X+X+X+++XXXX+++++++++
+++XXXXXXX++X++X+++++++++
++++X+XXXX+++XX++++++++++
+++XXX+X+++++XX++++++++++
++++XXX+++++XX+++X+++++++
+++XXX++++++XX+++++++++++
++++XX+++++X++X++++++++++
+++++++++++XXXX++X+++++++
++++XX+++++X+++XXXX++++++
++++XX++++++XXXX+++X+++++
++++++++++++X++++XX++++++
++++++++++++++XXXX+++++++
+++++++++++++XX++++++++++
+++++++++++++XXXX++++++++
++++++XXX++++X++X++++++++
++++X+XXX+X+++XX++++X++++
++++++XXXXX++XXX+++XXX+++
++++++++++XXX+++++X+++X++
+++++++++XX+XX+++++XXX+++
++++++++++X+++X+++++X++++
+++++++++++XXX+++++++++++
++++++++++++X++++++++++++

+++++++++++++XX++++++++++
++++++++++++XXXX+++++++++
+++++X+X++++X++X+++++++++
++++X+X+X++XXXXXX++++++++
+++XXXXXXXX+X++X+++++++++
++X+X+XXXXX+XXXX+++++++++
+++XXXXXXX+++XX++++++++++
++X+XXX+++++XX+++X+++++++
+++XXXX++++XXXX++++++++++
++++XXX++++X++X++++++++++
+++X++++++XXXXX+XX+++++++
++++XX+++++X++XXXXX++++++
++++XX+++++XXXXX+++X+++++
++++++++++++XXXXXXX++++++
++++++++++++X+XXXXX++++++
+++++++++++++XXX+++++++++
++++++++++++XXXXX++++++++
++++++XXX++++X++X++++++++
++++X+XXXXX+X+XXX+++X++++
++++++XXXXXXXXXX+++XXX+++
++++++++X+XXX++X++XX+XX++
+++++++++XXXXX+++++XXX+++
+++++++++XXX+XX+++++X++++
+++++++++++XXX+++++++++++
++++++++++++X++++++++++++

+++++++++++++XX++++++++++
++++++X+++++XXXX+++++++++
++++XXXXX+++X++X+++++++++
++++X+X+XXXXXXXXX++++++++
++XXXXXXXXX+X++X+++++++++
++X+X+XXXXX+XXXX+++++++++
+XXXXXXXXXX+XXXX+++++++++
++X+XXX++XXXXXXX+X+++++++
++XXXXX++++XXXX++++++++++
++XXXXXX+++X++X+XX+++++++
+++XXXX+++XXXXX+XXX++++++
+++XXX+++++X++XXXXX++++++
++++XX+++++XXXXX+XXX+++++
++++++++++++XXXXXXXX+++++
++++++++++++X+XXXXX++++++
+++++++++++XXXXX++X++++++
++++++++++++XXXXX++++++++
++++++XXXXX+XX+XX++++++++
++++X+XXXXX+X+XXX++XXX+++
++++++XXXXXXXXXXXXXXXXX++
++++++++X+XXX+XX++XX+XX++
++++++++XXXXXX+X++XXXXX++
+++++++++XXX+XX++++XXX+++
++++++++++XXXXX++++++++++
+++++++++++XXX+++++++++++

+++++++++++++XX++++++++++
++++++X+++++XXXX+++++++++
++++XXXXX+++X++X+++++++++
++++X+X+XXXXXXXXX++++++++
++XXXXXXXXX+X++X+++++++++
++X+XXXXXXX+XXXX+++++++++
+XXXXXXXXXX+XXXXX++++++++
++X+XXX++XXXXXXXXX+++++++
+XXXXXXXXX+XXXX++X+++++++
+XXXXXXX+++X++X+XX+++++++
+++XXXXX++XXXXX+XXX++++++
+++XXX+++++X++XXXXXX+++++
++++XX+++++XXXXXXXXX+++++
++++++++++++XXXXXXXX+++++
+++++++++++XXXXXXXXX+++++
+++++++++++XXXXXXXX++++++
+++++++++X++XXXXX++++++++
++++++XXXXX+XX+XXX++X++++
++++X+XXXXX+X+XXX++XXXX++
++++++XXXXXXXXXXXXXXXXX++
+++++++XXXXXX+XX++XX+XXX+
++++++++XXXXXXXX++XXXXX++
+++++++++XXX+XXX++XXXXX++
++++++++++XXXXX+++++X++++
++++++++++XXXXX++++++++++

+++++++++++++XX++++++++++
+++++X+X++++XXXX+++++++++
+++++++++XXX+XXX+++++++++
+++XXXXX+XXXXXX+X++++++++
+++X+XX+XX++X++++++++++++
+X+XXXX++XX+XXXX+++++++++
+++XXX+XX+++XXXXX++++++++
+X+X++XXX+++XXXXXX+++++++
+XXXXXXXXXX+XXX+XX+++++++
+XX+++XX+++XX+XXXXX++++++
++XX++XX++X+XX+XX+X++++++
++++XXX++++X++XX++XX+++++
++++X++++++XXXXXXXXX+++++
++++++++++++XXXXXX+++++++
+++++++++++XXXXXXXXX+++++
++++++++++++X+X+XX+++++++
+++++++++XX+X+X+XX+++++++
++++++XXXXXXXX+++X++X++++
++++X+XX+X+XXX+XX+X+X+X++
++++++XX+XXXXXX+XXXXXX+++
+++++++XXXXXX+++X++X+XXX+
+++++++++XXXXXX++++XXX+++
+++++++++XXX+XXX++X+X+X++
+++++++++++XXX++++++X++++
++++++++++X+X+X++++++++++

+++++++++++++XX++++++++++
++++++X++++++XX++++++++++
++++X+X+X++XX++XX++++++++
+++XX++X+XXXXXXX+++++++++
++XXX++XX+X+X++XX++++++++
+++++++X+XXX+XX++++++++++
+XX+++XXXXXXX++X+++++++++
+++XXXX+XXXX++XX+X+++++++
++X+X+XX++++XX+++++++++++
++XXXX+X++XXXXXXXX+++++++
++++XXX++++X++X+XXX++++++
+++X++++++XX++XXXX+++++++
+++++X++++++X+XX+XX++++++
+++++++++++XX+XXXX+X+++++
++++++++++++++XX+X+++++++
+++++++++++XX+XX+XX++++++
+++++++++++++X+XX++++++++
++++++XXXXXXXX+XX++++++++
++++X+XXXXX+XXXX+++X+X+++
++++++XXXX++X+++XXXXXXX++
+++++++++XX+XXX++++X+X+++
++++++++X+++++XX++XXXXX++
++++++++++X++X+++++X+X+++
++++++++++X+XXX++++++++++
+++++++++++X+X+++++++++++

+++++++++++++XX++++++++++
++++++X++++++XX++++++++++
++++X+X+X++XX++XX++++++++
+++XX+XX+XXXXXXX+++++++++
++XXX++XX+X+X++XX++++++++
+++++XXX+XXXXXXX+++++++++
+XXX+XXXXXXXX++XX++++++++
+++XXXX+XXXX++XXXX+++++++
+XX+X+XXXX++XX+++X+++++++
+XXXXX+X++XXXXXXXX+++++++
++++XXXX+++X+XX+XXX++++++
+++X++++++XX++XXXX+X+++++
++++XX++++++X+XXXXXX+++++
+++++++++++XX+XXXX+X+++++
+++++++++++XXXXX+XXX+++++
+++++++++++XX+XXXXX++++++
+++++++++X+++X+XX++++++++
++++++XXXXXXXX+XXX++X++++
++++X+XXXXX+XXXX+++XXXX++
++++++XXXX++XXX+XXXXXXX++
+++++++XXXX+XXX++++X+XXX+
++++++++X+++++XX++XXXXX++
+++++++++XX++XXX++XXXXX++
++++++++++XXXXX+++++X++++
++++++++++XXXXX++++++++++

+++++++++++++XX++++++++++
+++++X+X+++++XX++++++++++
+++++X+X+XX++XXXX++++++++
++++XXX+XXXXXXX++++++++++
+++X++++X+++X+++X++++++++
+XXX+XX+XXXXXXXX+++++++++
+++X+X+XX++XX++XX++++++++
+XX+++XX++++++XXXX+++++++
+XX+X+XXXXXXXX++XX+++++++
+XX++++X++XX+XX+XXX++++++
++X+++XX+++++X+XX+X++++++
++++++X+++XX++XX+++X+++++
++++X+++++++X+XXXXXX+++++
+++++++++++XX+XXXXX++++++
+++++++++++XXXXX+XXX+++++
++++++++++++XXX+XX+++++++
+++++++++XX+++++XX+++++++
++++++XXXXX+XX+++X++X++++
++++X+XX+X+XX++X++X+X+X++
++++++XX+X++XXXXXXXXXX+++
+++++++XXXX+XX+XX+XX+XXX+
++++++++++++++X++++XXX+++
+++++++++XX++XXX++X+X+X++
+++++++++++XXX++++++X++++
++++++++++X+X+X++++++++++

+++++++++++++++++++++++++
++++++++++++X++X+++++++++
+++++X+X+++++++++++++++++
+++XXX+XXX+XXXXXX++++++++
+++XXXXX++X++++++++++++++
++XXXX++XXX+X++X+++++++++
++++X+XXXX++XXX++++++++++
++XXX+X+++++XXX++X+++++++
+++X+XX++++X++X++++++++++
+++X+XX++++++++++++++++++
+++XXX++++XXXXXXXX+++++++
+++++X++++++++XX+X+++++++
++++X++++++XXX++X+XX+++++
+++++++++++++XXXX++++++++
++++++++++++XX++XXX++++++
++++++++++++++XX+++++++++
++++++++++++X++XX++++++++
++++++XXX++++++++++++++++
++++X+XXXXX+XXX+X+++X++++
++++++XXX+XXX+X+++++X++++
++++++++X+XX+X+X++XX+XX++
++++++++++XXX+++++++X++++
+++++++++X+XXXX+++++X++++
++++++++++++X++++++++++++
++++++++++++X++++++++++++

+++++++++++++++++++++++++
++++++X+++++X++X+++++++++
++++XXXXX++++++++++++++++
+++XXX+XXXXXXXXXX++++++++
++XXXXXX++X++++++++++++++
++XXXX++XXX+XXXX+++++++++
+XX+X+XXXXX+XXXX+++++++++
++XXX+X++XXXXXXX+X+++++++
++XX+XX++++XXXX++++++++++
++XXXXXX++++++X+XX+++++++
+++XXXX+++XXXXXXXXX++++++
+++X+X++++++++XX+X+++++++
++++XX+++++XXX++XXXX+++++
+++++++++++++XXXX++X+++++
++++++++++++XX++XXX++++++
+++++++++++XX+XX++X++++++
++++++++++++XX+XX++++++++
++++++XXXXX+XX+XX++++++++
++++X+XXXXX+XXXXX++XXX+++
++++++XXX+XXX+X+XXX+X+X++
++++++++X+XX+XXX++XX+XX++
++++++++X+XXX++X++X+X+X++
+++++++++X+XXXX++++XXX+++
++++++++++X+X+X++++++++++
+++++++++++XXX+++++++++++

+++++++++++++++++++++++++
++++++X+++++X++X+++++++++
++++XXXXX++++++X+++++++++
+++XXXXXXXXXXXXXX++++++++
++XXXXXXX+X++++++++++++++
++XXXXX+XXX+XXXX+++++++++
+XXXXXXXXXX+XXXXX++++++++
++XXX+X++XXXXXXXXX+++++++
+XXX+XXXXX+XXXX++X+++++++
+XXXXXXX+++X++X+XX+++++++
+++XXXXX++XXXXXXXXX++++++
+++X+X++++++++XX+X+X+++++
++++XX+++++XXX++XXXX+++++
+++++++++++++XXXXX+X+++++
+++++++++++XXX++XXXX+++++
+++++++++++XX+XXXXX++++++
+++++++++X++XX+XX++++++++
++++++XXXXX+XX+XXX++X++++
++++X+XXXXX+XXXXX++XXXX++
++++++XXXXXXXXX+XXXXXXX++
+++++++XXXXX+XXX++XX+XXX+
++++++++X+XXX+XX++XXXXX++
+++++++++X+XXXXX++XXXXX++
++++++++++XXXXX+++++X++++
++++++++++XXXXX++++++++++

+++++++++++++++++++++++++
+++++X+X++++X++X+++++++++
+++++++++XXXXXXX+++++++++
++++X+X++XXXXXX+X++++++++
+++X+XX+X++++++X+++++++++
+X++XXXX+XX+XXXX+++++++++
+++XXX+XX+++XXXXX++++++++
+X+++XXXX+++XXXXXX+++++++
+XXX+XXXXXX+XXX+XX+++++++
+XX+++XX+++XX+XXXXX++++++
++XX++XX++X+XX++X+X++++++
+++++XX+++++++XXX++X+++++
++++X++++++XXX++XXXX+++++
+++++++++++++XXXXXX++++++
+++++++++++XXX++XXXX+++++
++++++++++++XXX+XX+++++++
+++++++++XX+X+++XX+++++++
++++++XXXXXXXX+++X++X++++
++++X+XX+X+XX++XX+X+X+X++
++++++XX+XXXXXXXXXXXXX+++
+++++++XXXXX+X++X++X+XXX+
++++++++++XXX+X++++XXX+++
+++++++++X+XXXXX++X+X+X++
+++++++++++XXX++++++X++++
++++++++++X+X+X++++++++++

+++++++++++++++++++++++++
++++++X++++++++++++++++++
++++X+X+X++X++++X++++++++
++++XXX++XXXXXXX+++++++++
++XXX++X+XX+++++X++++++++
+++X+XX++XXX+XX++++++++++
+XXX+XXXXXXXX++X+++++++++
++++X+X+XXXX++XX+X+++++++
++X+++XX++++XX+++++++++++
++XXXX+X++X+XXXXXX+++++++
++++XXX++++X++XXXXX++++++
+++XX+++++X+++XX+XX++++++
+++++X++++++X+++XXX++++++
+++++++++++X++XXX+XX+++++
+++++++++++++X+++X+++++++
+++++++++++XXXXX+XX++++++
+++++++++++++XXXX++++++++
++++++XXXXXXXX+XX++++++++
++++X+XXXXX+X+XX+++X+X+++
++++++XXX+++XX+XXXX+X+X++
+++++++++XX+++X++++X+X+++
++++++++XX+++XXX++X+X+X++
++++++++++++XX+++++X+X+++
++++++++++XXX+X++++++++++
+++++++++++X+X+++++++++++

+++++++++++++++++++++++++
++++++X++++++++++++++++++
++++X+X+X++X+++XX++++++++
++++XXX++XXXXXXX+++++++++
++XXX++XXXX+++++X++++++++
+++X+XX++XXXXXXX+++++++++
+XXX+XXXXXXXX++XX++++++++
++++X+X+XXXX++XXXX+++++++
+XX+++XXXX++XX+++X+++++++
+XXXXX+X++XXXXXXXX+++++++
++++XXXX+++X+XXXXXX++++++
+++XX+++++X+++XX+XXX+++++
++++XX++++++X+++XXXX+++++
+++++++++++X++XXXXXX+++++
+++++++++++XXX+++XXX+++++
+++++++++++XXXXXXXX++++++
+++++++++X+++XXXX++++++++
++++++XXXXXXXX+XXX++X++++
++++X+XXXXX+X+XX+++XXXX++
++++++XXXX++XXXXXXXXXXX++
+++++++XXXX+++X++++X+XXX+
++++++++XX+++XXX++XXXXX++
+++++++++X++XXXX++XXXXX++
++++++++++XXXXX+++++X++++
++++++++++XXXXX++++++++++

+++++++++++++++++++++++++
+++++X+X+++++++++++++++++
+++++X+X+XX+XXXXX++++++++
+++XX+XXXXXXXXX++++++++++
+++X++++XX+++++XX++++++++
+XX++XXXXXXXXXXX+++++++++
+++X+X+XX++XX++XX++++++++
+XXX+XXX++++++XXXX+++++++
+XX+++XXXXXXXX++XX+++++++
+XX++++X++XX+XX+XXX++++++
++X+++XX+++++X++X+X++++++
++++X+X+++X+++XXX+XX+++++
++++X+++++++X+++XXXX+++++
+++++++++++X++XXXX+++++++
+++++++++++XXX+++XXX+++++
++++++++++++X+X+XX+++++++
+++++++++XX+++X+XX+++++++
++++++XXXXX+XX+++X++X++++
++++X+XX+X+XXX+X++X+X+X++
++++++XX+X++XXX+XXXXXX+++
+++++++XXXX++++XX+XX+XXX+
+++++++++X+++XX++++XXX+++
+++++++++X++XXXX++X+X+X++
+++++++++++XXX++++++X++++
++++++++++X+X+X++++++++++

+++++++++++++XX++++++++++
+++++++++++++++++++++++++
++++++++++++XXXX+++++++++
++++XXXXX++++XX++++++++++
+++XXX+XXX++XXXX+++++++++
+++XXXX+XX+++++++++++++++
+++X+X+X+++++XX++++++++++
+++XX+X+++++XX+++X+++++++
+++XXX+++++++++++++++++++
++++XX+++++XXXX++++++++++
++++++++++++XX+++++++++++
++++X++++++XXXXXXXX++++++
+++++X++++++++X++++++++++
++++++++++++XXXXXXX++++++
+++++++++++++++X+++++++++
+++++++++++++XXXXX+++++++
++++++++++++++XX+++++++++
++++++XXX++++XXXX++++++++
++++++X+X++++++++++++++++
++++++XXXXXX+XXX+++XXX+++
+++++++++++X+++++++++++++
+++++++++XXXXX+++++XXX+++
+++++++++++++++++++++++++
+++++++++++XXX+++++++++++
+++++++++++++++++++++++++

+++++++++++++XX++++++++++
++++++++++++X++X+++++++++
+++++X+X++++XXXX+++++++++
++++XXXXX++XXXXXX++++++++
+++XXXXXXXX+XXXX+++++++++
++XXXXX+XXX+X++X+++++++++
+++XXXXXXX+++XX++++++++++
++XXX+X+++++XX+++X+++++++
+++XXXX++++X++X++++++++++
++++XXX++++XXXX++++++++++
+++X++++++XXXXX+XX+++++++
++++XX+++++XXXXXXXX++++++
++++XX+++++XXXX++++X+++++
++++++++++++XXXXXXX++++++
++++++++++++X++XXXX++++++
+++++++++++++XXXXX+++++++
++++++++++++X+XX+++++++++
++++++XXX++++XXXX++++++++
++++++X+XXX+X+++X+++X++++
++++++XXXXXXXXXX+++XXX+++
++++++++X++X+++X++XX+XX++
+++++++++XXXXX+++++XXX+++
+++++++++X+X+XX+++++X++++
+++++++++++XXX+++++++++++
++++++++++++X++++++++++++

+++++++++++++XX++++++++++
++++++X+++++X++X+++++++++
++++XXXXX+++XXXX+++++++++
++++XXXXXXXXXXXXX++++++++
++XXXXXXXXX+XXXX+++++++++
++XXXXX+XXX+XXXX+++++++++
+XXXXXXXXXX+XXXX+++++++++
++XXX+X++XXXXXXX+X+++++++
++XXXXX++++XXXX++++++++++
++XXXXXX+++XXXX+XX+++++++
+++XXXX+++XXXXX+XXX++++++
+++XXX+++++XXXXXXXX++++++
++++XX+++++XXXX++XXX+++++
++++++++++++XXXXXXXX+++++
++++++++++++X++XXXX++++++
+++++++++++XXXXXXXX++++++
++++++++++++XXXXX++++++++
++++++XXXXX+XXXXX++++++++
++++++X+XXX+X++XX++XXX+++
++++++XXXXXXXXXXXXXXXXX++
++++++++X++X++XX++XX+XX++
++++++++XXXXXX+X++XXXXX++
+++++++++X+X+XX++++XXX+++
++++++++++XXXXX++++++++++
+++++++++++XXX+++++++++++

+++++++++++++XX++++++++++
++++++X+++++X++X+++++++++
++++XXXXX+++XXXX+++++++++
++++XXXXXXXXXXXXX++++++++
++XXXXXXXXX+XXXX+++++++++
++XXXXX+XXX+XXXX+++++++++
+XXXXXXXXXX+XXXXX++++++++
++XXX+X++XXXXXXXXX+++++++
+XXXXXXXXX+XXXX++X+++++++
+XXXXXXX+++XXXX+XX+++++++
+++XXXXX++XXXXX+XXX++++++
+++XXX+++++XXXXXXXXX+++++
++++XX+++++XXXX+XXXX+++++
++++++++++++XXXXXXXX+++++
+++++++++++XXX+XXXXX+++++
+++++++++++XXXXXXXX++++++
+++++++++X++XXXXX++++++++
++++++XXXXX+XXXXXX++X++++
++++++X+XXX+X++XX++XXXX++
++++++XXXXXXXXXXXXXXXXX++
+++++++XXX+X++XX++XX+XXX+
++++++++XXXXXXXX++XXXXX++
+++++++++X+X+XXX++XXXXX++
++++++++++XXXXX+++++X++++
++++++++++XXXXX++++++++++

+++++++++++++XX++++++++++
+++++X+X++++X++X+++++++++
+++++++++XXX+++X+++++++++
+++XX+X++XXXXXX+X++++++++
+++X+XX+XX++XXX++++++++++
+X++XXXX+XX+XXXX+++++++++
+++XXX+XX+++XXXXX++++++++
+X+++XXXX+++XXXXXX+++++++
+XXXXXXXXXX+XXX+XX+++++++
+XX+++XX+++X+XXXXXX++++++
++XX++XX++X+XX+XX+X++++++
++++XXX++++XXXXX++XX+++++
++++X++++++XXXX+XXXX+++++
++++++++++++XXXXXX+++++++
+++++++++++XXX+XXXXX+++++
++++++++++++X+X+XX+++++++
+++++++++XX+X+X+XX+++++++
++++++XXXXXXXXX++X++X++++
++++++X++X+XXXXXX+X+X+X++
++++++XX+XXXXXX+XXXXXX+++
+++++++XXX+X++++X++X+XXX+
+++++++++XXXXXX++++XXX+++
+++++++++X+X+XXX++X+X+X++
+++++++++++XXX++++++X++++
++++++++++X+X+X++++++++++

+++++++++++++XX++++++++++
++++++X++++++++++++++++++
++++X+X+X++XXXXXX++++++++
+++XXX+++XXXXXXX+++++++++
++XXX++XX+X+XXXXX++++++++
+++X+X+++XXX+XX++++++++++
+XX+++XXXXXXX++X+++++++++
++++X+X+XXXX++XX+X+++++++
++X+X+XX++++XX+++++++++++
++XXXX+X++XX++XXXX+++++++
++++XXX++++X++X+XXX++++++
+++X++++++XXXXXXXX+++++++
+++++X++++++X+X++XX++++++
+++++++++++XX+XXXX+X+++++
+++++++++++++++X+X+++++++
+++++++++++XX+XXX+X++++++
+++++++++++++X+XX++++++++
++++++XXXXXXXXXXX++++++++
++++++X+XXX+XX+X+++X+X+++
++++++XXXX++X+++XXXXXXX++
+++++++++X+++XX++++X+X+++
++++++++X+++++XX++XXXXX++
+++++++++++++X+++++X+X+++
++++++++++X+XXX++++++++++
+++++++++++X+X+++++++++++

+++++++++++++XX++++++++++
++++++X++++++++++++++++++
++++X+X+X++XXXXXX++++++++
+++XXXX++XXXXXXX+++++++++
++XXX++XX+X+XXXXX++++++++
+++X+XX++XXXXXXX+++++++++
+XXX+XXXXXXXX++XX++++++++
++++X+X+XXXX++XXXX+++++++
+XX+X+XXXX++XX+++X+++++++
+XXXXX+X++XX++XXXX+++++++
++++XXXX+++X+XX+XXX++++++
+++X++++++XXXXXXXX+X+++++
++++XX++++++X+X+XXXX+++++
+++++++++++XX+XXXX+X+++++
+++++++++++XXX+X+XXX+++++
+++++++++++XX+XXXXX++++++
+++++++++X+++X+XX++++++++
++++++XXXXXXXXXXXX++X++++
++++++X+XXX+XX+X+++XXXX++
++++++XXXX++XXX+XXXXXXX++
+++++++XXX+++XX++++X+XXX+
++++++++X+++++XX++XXXXX++
+++++++++X+++XXX++XXXXX++
++++++++++XXXXX+++++X++++
++++++++++XXXXX++++++++++

+++++++++++++XX++++++++++
+++++X+X+++++++++++++++++
+++++X+X+XX++++XX++++++++
++++X+XXXXXXXXX++++++++++
+++X++++X+++XXX+X++++++++
+XX++XXXXXXXXXXX+++++++++
+++X+X+XX++XX++XX++++++++
+XXX+XXX++++++XXXX+++++++
+XX+X+XXXXXXXX++XX+++++++
+XX++++X++XXX+X+XXX++++++
++X+++XX+++++X+XX+X++++++
++++++X+++XXXXXX+++X+++++
++++X+++++++X+X+XXXX+++++
+++++++++++XX+XXXXX++++++
+++++++++++XXX+X+XXX+++++
++++++++++++XXX+XX+++++++
+++++++++XX+++++XX+++++++
++++++XXXXX+XXX++X++X++++
++++++X++X+XX+XX++X+X+X++
++++++XX+X++XXXXXXXXXX+++
+++++++XXX+++X+XX+XX+XXX+
++++++++++++++X++++XXX+++
+++++++++X+++XXX++X+X+X++
+++++++++++XXX++++++X++++
++++++++++X+X+X++++++++++

+++++++++++++++++++++++++
++++++++++++XXXX+++++++++
+++++X+X+++++XX++++++++++
+++XX+++XX+XXXXXX++++++++
+++XXXXX++X++XX++++++++++
++X+X++XXXX+XXXX+++++++++
++++X+XXXX++XXX++++++++++
++X+XXX+++++XXX++X+++++++
+++X+XX++++XXXX++++++++++
+++X+XX+++++XX+++++++++++
+++XXX++++XXXXXXXX+++++++
+++++X++++++XXXX+X+++++++
++++X++++++XXX+XX+XX+++++
+++++++++++++XXXX++++++++
++++++++++++XXX+XXX++++++
++++++++++++++XXXX+++++++
++++++++++++XX+X+++++++++
++++++XXX+++++XX+++++++++
++++++X+XXX+XX+XX+++X++++
++++++XXX+XXX+X+++++X++++
++++++++X++XXX+X++XX+XX++
++++++++++XXX+++++++X++++
+++++++++XXXXXX+++++X++++
++++++++++++X++++++++++++
++++++++++++X++++++++++++

+++++++++++++++++++++++++
++++++X+++++XXXX+++++++++
++++XXXXX++++XX++++++++++
+++XX+++XXXXXXXXX++++++++
++XXXXXX++X++XX++++++++++
++X+X++XXXX+XXXX+++++++++
+XX+X+XXXXX+XXXX+++++++++
++X+XXX++XXXXXXX+X+++++++
++XX+XX++++XXXX++++++++++
++XXXXXX++++XXX+XX+++++++
+++XXXX+++XXXXXXXXX++++++
+++X+X++++++XXXX+X+++++++
++++XX+++++XXX+XXXXX+++++
+++++++++++++XXXX++X+++++
++++++++++++XXX+XXX++++++
+++++++++++XX+XXXXX++++++
++++++++++++XX+XX++++++++
++++++XXXXX+XXXXX++++++++
++++++X+XXX+XX+XX++XXX+++
++++++XXX+XXX+X+XXX+X+X++
++++++++X++XXXXX++XX+XX++
++++++++X+XXX++X++X+X+X++
+++++++++XXXXXX++++XXX+++
++++++++++X+X+X++++++++++
+++++++++++XXX+++++++++++

+++++++++++++++++++++++++
++++++X+++++XXXX+++++++++
++++XXXXX++++XXX+++++++++
+++XX+X+XXXXXXXXX++++++++
++XXXXXXX+X++XX++++++++++
++X+XXXXXXX+XXXX+++++++++
+XXXXXXXXXX+XXXXX++++++++
++X+XXX++XXXXXXXXX+++++++
+XXX+XXXXX+XXXX++X+++++++
+XXXXXXX+++XXXX+XX+++++++
+++XXXXX++XXXXXXXXX++++++
+++X+X++++++XXXX+X+X+++++
++++XX+++++XXX+XXXXX+++++
+++++++++++++XXXXX+X+++++
+++++++++++XXXX+XXXX+++++
+++++++++++XX+XXXXX++++++
+++++++++X++XX+XX++++++++
++++++XXXXX+XXXXXX++X++++
++++++X+XXX+XX+XX++XXXX++
++++++XXXXXXXXX+XXXXXXX++
+++++++XXX+XXXXX++XX+XXX+
++++++++X+XXX+XX++XXXXX++
+++++++++XXXXXXX++XXXXX++
++++++++++XXXXX+++++X++++
++++++++++XXXXX++++++++++

+++++++++++++++++++++++++
+++++X+X++++XXXX+++++++++
+++++++++XXXX++X+++++++++
++++XXXX+XXXXXX+X++++++++
+++X+XX+X++++XXX+++++++++
+X+XXXX++XX+XXXX+++++++++
+++XXX+XX+++XXXXX++++++++
+X+X++XXX+++XXXXXX+++++++
+XXX+XXXXXX+XXX+XX+++++++
+XX+++XX+++X+XXXXXX++++++
++XX++XX++X+XX++X+X++++++
+++++XX+++++XXXXX++X+++++
++++X++++++XXX+XXXXX+++++
+++++++++++++XXXXXX++++++
+++++++++++XXXX+XXXX+++++
++++++++++++XXX+XX+++++++
+++++++++XX+X+++XX+++++++
++++++XXXXXXXXX++X++X++++
++++++X++X+XX+XXX+X+X+X++
++++++XX+XXXXXXXXXXXXX+++
+++++++XXX+XXX++X++X+XXX+
++++++++++XXX+X++++XXX+++
+++++++++XXXXXXX++X+X+X++
+++++++++++XXX++++++X++++
++++++++++X+X+X++++++++++

+++++++++++++++++++++++++
++++++X++++++XX++++++++++
++++X+X+X++X+XX+X++++++++
++++X+XX+XXXXXXX+++++++++
++XXX++X+XX++XX+X++++++++
++++++XX+XXX+XX++++++++++
+XXX+XXXXXXXX++X+++++++++
+++XXXX+XXXX++XX+X+++++++
++X+++XX++++XX+++++++++++
++XXXX+X++X+++XXXX+++++++
++++XXX++++X++XXXXX++++++
+++XX+++++X+XXXX+XX++++++
+++++X++++++X++XXXX++++++
+++++++++++X++XXX+XX+++++
+++++++++++++XX++X+++++++
+++++++++++XXXXXX+X++++++
+++++++++++++XXXX++++++++
++++++XXXXXXXXXXX++++++++
++++++X+XXX+X++X+++X+X+++
++++++XXX+++XX+XXXX+X+X++
+++++++++X++X+X++++X+X+++
++++++++XX+++XXX++X+X+X++
++++++++++X+XX+++++X+X+++
++++++++++XXX+X++++++++++
+++++++++++X+X+++++++++++

+++++++++++++++++++++++++
++++++X++++++XX++++++++++
++++X+X+X++X+XXXX++++++++
++++X+XX+XXXXXXX+++++++++
++XXX++XXXX++XX+X++++++++
+++++XXX+XXXXXXX+++++++++
+XXX+XXXXXXXX++XX++++++++
+++XXXX+XXXX++XXXX+++++++
+XX+++XXXX++XX+++X+++++++
+XXXXX+X++XX++XXXX+++++++
++++XXXX+++X+XXXXXX++++++
+++XX+++++X+XXXX+XXX+++++
++++XX++++++X++XXXXX+++++
+++++++++++X++XXXXXX+++++
+++++++++++XXXX++XXX+++++
+++++++++++XXXXXXXX++++++
+++++++++X+++XXXX++++++++
++++++XXXXXXXXXXXX++X++++
++++++X+XXX+X++X+++XXXX++
++++++XXXX++XXXXXXXXXXX++
+++++++XXX++X+X++++X+XXX+
++++++++XX+++XXX++XXXXX++
+++++++++XX+XXXX++XXXXX++
++++++++++XXXXX+++++X++++
++++++++++XXXXX++++++++++

+++++++++++++++++++++++++
+++++X+X+++++XX++++++++++
+++++X+X+XX+X++XX++++++++
+++XXXX+XXXXXXX++++++++++
+++X++++XX+++XXXX++++++++
+XXX+XX+XXXXXXXX+++++++++
+++X+X+XX++XX++XX++++++++
+XX+++XX++++++XXXX+++++++
+XX+++XXXXXXXX++XX+++++++
+XX++++X++XXX+X+XXX++++++
++X+++XX+++++X++X+X++++++
++++X+X+++X+XXXXX+XX+++++
++++X+++++++X++XXXXX+++++
+++++++++++X++XXXX+++++++
+++++++++++XXXX++XXX+++++
++++++++++++X+X+XX+++++++
+++++++++XX+++X+XX+++++++
++++++XXXXX+XXX++X++X++++
++++++X++X+XXXXX++X+X+X++
++++++XX+X++XXX+XXXXXX+++
+++++++XXX++X++XX+XX+XXX+
+++++++++X+++XX++++XXX+++
+++++++++XX+XXXX++X+X+X++
+++++++++++XXX++++++X++++
++++++++++X+X+X++++++++++

+++++++++++++++++++++++++
+++++++++++++++++++++++++
+++++++++++++XX++++++++++
+++++++++++++++++++++++++
+++++X+X+++++XX++++++++++
++++X+XX+++++++++++++++++
+++++XX++++++++++++++++++
++++XX+++++++++++++++++++
+++++++++++++++++++++++++
++++++++++++XX+++++++++++
+++++++++++++++++++++++++
++++X+++++++XX++XXX++++++
+++++X+++++++++++X+++++++
++++++++++++++++XXX++++++
+++++++++++++++++++++++++
++++++++++++++XX+++++++++
+++++++++++++++++++++++++
+++++XXXXX++++XX+++++++++
++++++XXX++++++++++++++++
+++++XXXXX+++++++++XXX+++
++++++++++++++++++++X++++
+++++++++++XXX+++++XXX+++
++++++++++++X++++++++++++
+++++++++++XXX+++++++++++
+++++++++++++++++++++++++

+++++++++++++++++++++++++
+++++++++++++XX++++++++++
+++++++++++++XX++++++++++
++++++X+++++X++X+++++++++
++++XX+XX++++XX++++++++++
++++X+XXX++++XX++++++++++
+++X+XX++++++++++++++++++
++++XX+++++++++++++++++++
++++XX++++++XX+++++++++++
++++++++++++XX+++++++++++
+++++++++++X++X++X+++++++
++++XX++++++XX++XXX++++++
++++XX++++++XX+X+X+X+++++
++++++++++++++++XXX++++++
++++++++++++++X+XX+++++++
++++++++++++++XX+++++++++
+++++++++++++X++X++++++++
+++++XXXXX++++XX+++++++++
++++X+XXX+X+++XX++++X++++
+++++XXXXX+++++++++XXX+++
++++++++++X+X+++++X+X+X++
+++++++++++XXX+++++XXX+++
++++++++++X+X+X+++++X++++
+++++++++++XXX+++++++++++
++++++++++++X++++++++++++

+++++++++++++XX++++++++++
+++++++++++++XX++++++++++
++++++++++++XXXX+++++++++
++++X+X+X+++X++X+++++++++
+++XXX+XXX++XXXX+++++++++
++++X+XXXX+++XX++++++++++
+++X+XX++++++XX++++++++++
++++XX++++++XX+++++++++++
+++XXX++++++XX+++++++++++
++++XX+++++XXXX++++++++++
+++++++++++X++X++X+++++++
++++XX+++++XXX+XXXX++++++
++++XX++++++XXXX+X+X+++++
++++++++++++X+++XXX++++++
++++++++++++++XXXX+++++++
+++++++++++++XXX+++++++++
+++++++++++++X++X++++++++
+++++XXXXX+++XXXX++++++++
++++X+XXX+X+++XX++++X++++
+++++XXXXXX++XXX+++XXX+++
++++++++++XXX+++++X+X+X++
+++++++++XXXXX+++++XXX+++
++++++++++X+X+X+++++X++++
+++++++++++XXX+++++++++++
++++++++++++X++++++++++++

+++++++++++++XX++++++++++
++++++++++++XXXX+++++++++
+++++X+X++++XXXX+++++++++
++++X+X+X++XXXXXX++++++++
+++XXXXXXXX+XXXX+++++++++
++X+X+XXXXX+XXXX+++++++++
+++XXXXXXX+++XX++++++++++
++X+XXX+++++XX+++++++++++
+++XXXX++++XXXX++++++++++
++++XXX++++XXXX++++++++++
+++X++++++XXX+X+XX+++++++
++++XX+++++XXXXXXXX++++++
++++XX+++++XXXXX+X+X+++++
++++++++++++XXXXXXX++++++
++++++++++++X+XXXXX++++++
+++++++++++++XXX+++++++++
++++++++++++XX+XX++++++++
+++++XXXXX+++XXXX++++++++
++++X+XXXXX+X+XXX+++X++++
+++++XXXXXXXXXXX+++XXX+++
++++++++X+XXX++X++XXXXX++
+++++++++XXXXX+++++XXX+++
+++++++++XXXXXX+++++X++++
+++++++++++XXX+++++++++++
++++++++++++X++++++++++++

+++++++++++++XX++++++++++
++++++X+++++XXXX+++++++++
++++XXXXX+++XXXX+++++++++
++++X+X+XXXXXXXXX++++++++
++XXXXXXXXX+XXXX+++++++++
++X+X+XXXXX+XXXX+++++++++
+XXXXXXXXXX+XXXX+++++++++
++X+XXX++XXXXXXX+++++++++
++XXXXX++++XXXX++++++++++
++XXXXXX+++XXXX+XX+++++++
+++XXXX+++XXX+X+XXX++++++
+++XXX+++++XXXXXXXX++++++
++++XX+++++XXXXX+XXX+++++
++++++++++++XXXXXXXX+++++
++++++++++++X+XXXXX++++++
+++++++++++XXXXX++X++++++
++++++++++++XX+XX++++++++
+++++XXXXXX+XXXXX++++++++
++++X+XXXXX+X+XXX++XXX+++
+++++XXXXXXXXXXXXXXXXXX++
++++++++X+XXX+XX++XXXXX++
++++++++XXXXXX+X++XXXXX++
+++++++++XXXXXX++++XXX+++
++++++++++XXXXX++++++++++
+++++++++++XXX+++++++++++

+++++++++++++XX++++++++++
++++++X+++++XXXX+++++++++
++++XXXXX+++XXXX+++++++++
++++X+X+XXXXXXXXX++++++++
++XXXXXXXXX+XXXX+++++++++
++X+XXXXXXX+XXXX+++++++++
+XXXXXXXXXX+XXXXX++++++++
++X+XXX++XXXXXXXX++++++++
+XXXXXXXXX+XXXX++X+++++++
+XXXXXXX+++XXXX+XX+++++++
+++XXXXX++XXXXX+XXX++++++
+++XXX+++++XXXXXXXXX+++++
++++XX+++++XXXXXXXXX+++++
++++++++++++XXXXXXXX+++++
+++++++++++XXXXXXXXX+++++
+++++++++++XXXXXXXX++++++
+++++++++X++XX+XX++++++++
+++++XXXXXX+XXXXXX++X++++
++++X+XXXXX+X+XXX++XXXX++
+++++XXXXXXXXXXXXXXXXXX++
+++++++XXXXXX+XX++XXXXXX+
++++++++XXXXXXXX++XXXXX++
+++++++++XXXXXXX++XXXXX++
++++++++++XXXXX+++++X++++
++++++++++XXXXX++++++++++

+++++++++++++XX++++++++++
+++++X+X++++XXXX+++++++++
+++++++++XXX+++X+++++++++
+++XXXXX+XXXXXX+X++++++++
+++X+XX+XX++XXX++++++++++
+X+XXXX++XX+XXXX+++++++++
+++XXX+XX+++XXXXX++++++++
+X+X++XXX+++XXXXX++++++++
+XXXXXXXXXX+XXX+XX+++++++
+XX+++XX+++X+XXXXXX++++++
++XX++XX++X+XX+XX+X++++++
++++XXX++++XXXXX++XX+++++
++++X++++++XXXXXXXXX+++++
++++++++++++XXXXXX+++++++
+++++++++++XXXXXXXXX+++++
++++++++++++X+X+XX+++++++
+++++++++XX+X+++XX+++++++
+++++XXXXXXXXXX++X++X++++
++++X+XX+X+XXX+XX+X+X+X++
+++++XXX+XXXXXX+XXXXXX+++
+++++++XXXXXX+++X++XXXXX+
+++++++++XXXXXX++++XXX+++
+++++++++XXXXXXX++X+X+X++
+++++++++++XXX++++++X++++
++++++++++X+X+X++++++++++

+++++++++++++XX++++++++++
++++++X++++++XX++++++++++
++++X+X+X++XXXXXX++++++++
+++XX++X+XXXXXXX+++++++++
++XXX++XX+X+XXXXX++++++++
+++++++X+XXX+XX++++++++++
+XX+++XXXXXXX++X+++++++++
+++XXXX+XXXX++XX+++++++++
++X+X+XX++++XX+++++++++++
++XXXX+X++XX++XXXX+++++++
++++XXX++++X+XX+XXX++++++
+++X++++++XXXXXXXX+++++++
+++++X++++++X+XX+XX++++++
+++++++++++XX+XXXX+X+++++
++++++++++++++XX+X+++++++
+++++++++++XX+XX+XX++++++
+++++++++++++XXXX++++++++
+++++XXXXXXXXXXXX++++++++
++++X+XXXXX+XXXX+++X+X+++
+++++XXXXX++X+++XXXXXXX++
+++++++++XX+XXX++++XXX+++
++++++++X+++++XX++XXXXX++
++++++++++X+XX+++++X+X+++
++++++++++X+XXX++++++++++
+++++++++++X+X+++++++++++

+++++++++++++XX++++++++++
++++++X++++++XX++++++++++
++++X+X+X++XXXXXX++++++++
+++XX+XX+XXXXXXX+++++++++
++XXX++XX+X+XXXXX++++++++
+++++XXX+XXXXXXX+++++++++
+XXX+XXXXXXXX++XX++++++++
+++XXXX+XXXX++XXX++++++++
+XX+X+XXXX++XX+++X+++++++
+XXXXX+X++XX++XXXX+++++++
++++XXXX+++X+XX+XXX++++++
+++X++++++XXXXXXXX+X+++++
++++XX++++++X+XXXXXX+++++
+++++++++++XX+XXXX+X+++++
+++++++++++XXXXX+XXX+++++
+++++++++++XX+XXXXX++++++
+++++++++X+++XXXX++++++++
+++++XXXXXXXXXXXXX++X++++
++++X+XXXXX+XXXX+++XXXX++
+++++XXXXX++XXX+XXXXXXX++
+++++++XXXX+XXX++++XXXXX+
++++++++X+++++XX++XXXXX++
+++++++++XX+XXXX++XXXXX++
++++++++++XXXXX+++++X++++
++++++++++XXXXX++++++++++

+++++++++++++XX++++++++++
+++++X+X+++++XX++++++++++
+++++X+X+XX++++XX++++++++
++++XXX+XXXXXXX++++++++++
+++X++++X+++XXX+X++++++++
+XXX+XX+XXXXXXXX+++++++++
+++X+X+XX++XX++XX++++++++
+XX+++XX++++++XXX++++++++
+XX+X+XXXXXXXX++XX+++++++
+XX++++X++XXX+X+XXX++++++
++X+++XX+++++X+XX+X++++++
++++++X+++XXXXXX+++X+++++
++++X+++++++X+XXXXXX+++++
+++++++++++XX+XXXXX++++++
+++++++++++XXXXX+XXX+++++
++++++++++++XXX+XX+++++++
+++++++++XX+++X+XX+++++++
+++++XXXXXX+XXX++X++X++++
++++X+XX+X+XX++X++X+X+X++
+++++XXX+X++XXXXXXXXXX+++
+++++++XXXX+XX+XX+XXXXXX+
++++++++++++++X++++XXX+++
+++++++++XX+XXXX++X+X+X++
+++++++++++XXX++++++X++++
++++++++++X+X+X++++++++++

+++++++++++++++++++++++++
++++++++++++X++X+++++++++
+++++X+X+++++XX++++++++++
+++XXX+XXX+XXXXXX++++++++
+++XXXXX++X++XX++++++++++
++XXXX++XXX+X++X+++++++++
++++X+XXXX++XXX++++++++++
++XXX+X+++++XXX++++++++++
+++X+XX++++X++X++++++++++
+++X+XX+++++XX+++++++++++
+++XXX++++XXX+XXXX+++++++
+++++X++++++XXXX+X+++++++
++++X++++++XXX++XXXX+++++
+++++++++++++XXXX++++++++
++++++++++++XX++XXX++++++
++++++++++++++XX+++++++++
++++++++++++X+XXX++++++++
+++++XXXXX++++XX+++++++++
++++X+XXXXX+XXX+X+++X++++
+++++XXXX+XXX+X+++++X++++
++++++++X+XX+X+X++XXXXX++
++++++++++XXX+++++++X++++
+++++++++X+X+XX+++++X++++
++++++++++++X++++++++++++
++++++++++++X++++++++++++

+++++++++++++++++++++++++
++++++X+++++X++X+++++++++
++++XXXXX++++XX++++++++++
+++XXX+XXXXXXXXXX++++++++
++XXXXXX++X++XX++++++++++
++XXXX++XXX+XXXX+++++++++
+XX+X+XXXXX+XXXX+++++++++
++XXX+X++XXXXXXX+++++++++
++XX+XX++++XXXX++++++++++
++XXXXXX++++XXX+XX+++++++
+++XXXX+++XXX+XXXXX++++++
+++X+X++++++XXXX+X+++++++
++++XX+++++XXX++XXXX+++++
+++++++++++++XXXX++X+++++
++++++++++++XX++XXX++++++
+++++++++++XX+XX++X++++++
++++++++++++XXXXX++++++++
+++++XXXXXX+XXXXX++++++++
++++X+XXXXX+XXXXX++XXX+++
+++++XXXX+XXX+X+XXX+X+X++
++++++++X+XX+XXX++XXXXX++
++++++++X+XXX++X++X+X+X++
+++++++++X+X+XX++++XXX+++
++++++++++X+X+X++++++++++
+++++++++++XXX+++++++++++

+++++++++++++++++++++++++
++++++X+++++X++X+++++++++
++++XXXXX++++XXX+++++++++
+++XXXXXXXXXXXXXX++++++++
++XXXXXXX+X++XX++++++++++
++XXXXX+XXX+XXXX+++++++++
+XXXXXXXXXX+XXXXX++++++++
++XXX+X++XXXXXXXX++++++++
+XXX+XXXXX+XXXX++X+++++++
+XXXXXXX+++XXXX+XX+++++++
+++XXXXX++XXXXXXXXX++++++
+++X+X++++++XXXX+X+X+++++
++++XX+++++XXX++XXXX+++++
+++++++++++++XXXXX+X+++++
+++++++++++XXX++XXXX+++++
+++++++++++XX+XXXXX++++++
+++++++++X++XXXXX++++++++
+++++XXXXXX+XXXXXX++X++++
++++X+XXXXX+XXXXX++XXXX++
+++++XXXXXXXXXX+XXXXXXX++
+++++++XXXXX+XXX++XXXXXX+
++++++++X+XXX+XX++XXXXX++
+++++++++X+X+XXX++XXXXX++
++++++++++XXXXX+++++X++++
++++++++++XXXXX++++++++++

+++++++++++++++++++++++++
+++++X+X++++X++X+++++++++
+++++++++XXXX++X+++++++++
++++X+X++XXXXXX+X++++++++
+++X+XX+X++++XXX+++++++++
+X++XXXX+XX+XXXX+++++++++
+++XXX+XX+++XXXXX++++++++
+X+++XXXX+++XXXXX++++++++
+XXX+XXXXXX+XXX+XX+++++++
+XX+++XX+++X+XXXXXX++++++
++XX++XX++X+XX++X+X++++++
+++++XX+++++XXXXX++X+++++
++++X++++++XXX++XXXX+++++
+++++++++++++XXXXXX++++++
+++++++++++XXX++XXXX+++++
++++++++++++XXX+XX+++++++
+++++++++XX+X+X+XX+++++++
+++++XXXXXXXXXX++X++X++++
++++X+XX+X+XX++XX+X+X+X++
+++++XXX+XXXXXXXXXXXXX+++
+++++++XXXXX+X++X++XXXXX+
++++++++++XXX+X++++XXX+++
+++++++++X+X+XXX++X+X+X++
+++++++++++XXX++++++X++++
++++++++++X+X+X++++++++++

+++++++++++++++++++++++++
++++++X++++++++++++++++++
++++X+X+X++X+XX+X++++++++
++++XXX++XXXXXXX+++++++++
++XXX++X+XX++XX+X++++++++
+++X+XX++XXX+XX++++++++++
+XXX+XXXXXXXX++X+++++++++
++++X+X+XXXX++XX+++++++++
++X+++XX++++XX+++++++++++
++XXXX+X++X+++XXXX+++++++
++++XXX++++X+XXXXXX++++++
+++XX+++++X+XXXX+XX++++++
+++++X++++++X+++XXX++++++
+++++++++++X++XXX+XX+++++
+++++++++++++X+++X+++++++
+++++++++++XXXXX+XX++++++
+++++++++++++X+XX++++++++
+++++XXXXXXXXXXXX++++++++
++++X+XXXXX+X+XX+++X+X+++
+++++XXXX+++XX+XXXX+X+X++
+++++++++XX+++X++++XXX+++
++++++++XX+++XXX++X+X+X++
+++++++++++++X+++++X+X+++
++++++++++XXX+X++++++++++
+++++++++++X+X+++++++++++

+++++++++++++++++++++++++
++++++X++++++++++++++++++
++++X+X+X++X+XXXX++++++++
++++XXX++XXXXXXX+++++++++
++XXX++XXXX++XX+X++++++++
+++X+XX++XXXXXXX+++++++++
+XXX+XXXXXXXX++XX++++++++
++++X+X+XXXX++XXX++++++++
+XX+++XXXX++XX+++X+++++++
+XXXXX+X++XX++XXXX+++++++
++++XXXX+++X+XXXXXX++++++
+++XX+++++X+XXXX+XXX+++++
++++XX++++++X+++XXXX+++++
+++++++++++X++XXXXXX+++++
+++++++++++XXX+++XXX+++++
+++++++++++XXXXXXXX++++++
+++++++++X+++X+XX++++++++
+++++XXXXXXXXXXXXX++X++++
++++X+XXXXX+X+XX+++XXXX++
+++++XXXXX++XXXXXXXXXXX++
+++++++XXXX+++X++++XXXXX+
++++++++XX+++XXX++XXXXX++
+++++++++X+++XXX++XXXXX++
++++++++++XXXXX+++++X++++
++++++++++XXXXX++++++++++

+++++++++++++++++++++++++
+++++X+X+++++++++++++++++
+++++X+X+XX+X++XX++++++++
+++XX+XXXXXXXXX++++++++++
+++X++++XX+++XXXX++++++++
+XX++XXXXXXXXXXX+++++++++
+++X+X+XX++XX++XX++++++++
+XXX+XXX++++++XXX++++++++
+XX+++XXXXXXXX++XX+++++++
+XX++++X++XXX+X+XXX++++++
++X+++XX+++++X++X+X++++++
++++X+X+++X+XXXXX+XX+++++
++++X+++++++X+++XXXX+++++
+++++++++++X++XXXX+++++++
+++++++++++XXX+++XXX+++++
++++++++++++X+X+XX+++++++
+++++++++XX+++++XX+++++++
+++++XXXXXX+XXX++X++X++++
++++X+XX+X+XXX+X++X+X+X++
+++++XXX+X++XXX+XXXXXX+++
+++++++XXXX++++XX+XXXXXX+
+++++++++X+++XX++++XXX+++
+++++++++X+++XXX++X+X+X++
+++++++++++XXX++++++X++++
++++++++++X+X+X++++++++++

+++++++++++++XX++++++++++
+++++++++++++++++++++++++
++++++++++++X++X+++++++++
++++XXXXX++++++++++++++++
+++XXXXXXX++X++X+++++++++
+++XXXX+XX+++++++++++++++
+++XXXX++++++XX++++++++++
+++XX+++++++XX+++++++++++
+++XXX+++++++++++++++++++
++++XX+++++X++X++++++++++
+++++++++++++++++++++++++
++++X++++++X++XXXXX++++++
+++++X++++++++X++X+++++++
++++++++++++XXXX+XX++++++
+++++++++++++++X+++++++++
+++++++++++++XX+XX+++++++
+++++++++++++++++++++++++
+++++XXXXX+++X++X++++++++
++++++X+X++++++++++++++++
+++++XXXXXXX+XXX+++XXX+++
+++++++++++X++++++++X++++
+++++++++XX+XX+++++XXX+++
++++++++++++X++++++++++++
+++++++++++XXX+++++++++++
+++++++++++++++++++++++++

+++++++++++++XX++++++++++
++++++++++++X++X+++++++++
+++++X+X++++X++X+++++++++
++++XXXXX++XXXXXX++++++++
+++XXXXXXXX+X++X+++++++++
++XXXXX+XXX+X++X+++++++++
+++XXXXXXX+++XX++++++++++
++XXX+X+++++XX+++++++++++
+++XXXX++++X++X++++++++++
++++XXX++++X++X++++++++++
+++X++++++XXX+X+XX+++++++
++++XX+++++X++XXXXX++++++
++++XX+++++XXXX++X+X+++++
++++++++++++XXXXXXX++++++
++++++++++++X++XXXX++++++
+++++++++++++XXXXX+++++++
++++++++++++X++X+++++++++
+++++XXXXX+++X++X++++++++
++++++X+XXX+X+++X+++X++++
+++++XXXXXXXXXXX+++XXX+++
++++++++X++X+++X++XXXXX++
+++++++++XXXXX+++++XXX+++
+++++++++X+XXXX+++++X++++
+++++++++++XXX+++++++++++
++++++++++++X++++++++++++

+++++++++++++XX++++++++++
++++++X+++++X++X+++++++++
++++XXXXX+++X++X+++++++++
++++XXXXXXXXXXXXX++++++++
++XXXXXXXXX+X++X+++++++++
++XXXXX+XXX+XXXX+++++++++
+XXXXXXXXXX+XXXX+++++++++
++XXX+X++XXXXXXX+++++++++
++XXXXX++++XXXX++++++++++
++XXXXXX+++X++X+XX+++++++
+++XXXX+++XXX+X+XXX++++++
+++XXX+++++X++XXXXX++++++
++++XX+++++XXXX++XXX+++++
++++++++++++XXXXXXXX+++++
++++++++++++X++XXXX++++++
+++++++++++XXXXXXXX++++++
++++++++++++XX+XX++++++++
+++++XXXXXX+XX+XX++++++++
++++++X+XXX+X++XX++XXX+++
+++++XXXXXXXXXXXXXXXXXX++
++++++++X++X++XX++XXXXX++
++++++++XXXXXX+X++XXXXX++
+++++++++X+XXXX++++XXX+++
++++++++++XXXXX++++++++++
+++++++++++XXX+++++++++++

+++++++++++++XX++++++++++
++++++X+++++X++X+++++++++
++++XXXXX+++X++X+++++++++
++++XXXXXXXXXXXXX++++++++
++XXXXXXXXX+X++X+++++++++
++XXXXX+XXX+XXXX+++++++++
+XXXXXXXXXX+XXXXX++++++++
++XXX+X++XXXXXXXX++++++++
+XXXXXXXXX+XXXX++X+++++++
+XXXXXXX+++X++X+XX+++++++
+++XXXXX++XXXXX+XXX++++++
+++XXX+++++X++XXXXXX+++++
++++XX+++++XXXX+XXXX+++++
++++++++++++XXXXXXXX+++++
+++++++++++XXX+XXXXX+++++
+++++++++++XXXXXXXX++++++
+++++++++X++XX+XX++++++++
+++++XXXXXX+XX+XXX++X++++
++++++X+XXX+X++XX++XXXX++
+++++XXXXXXXXXXXXXXXXXX++
+++++++XXX+X++XX++XXXXXX+
++++++++XXXXXXXX++XXXXX++
+++++++++X+XXXXX++XXXXX++
++++++++++XXXXX+++++X++++
++++++++++XXXXX++++++++++

+++++++++++++XX++++++++++
+++++X+X++++X++X+++++++++
+++++++++XXX+XXX+++++++++
+++XX+X++XXXXXX+X++++++++
+++X+XX+XX++X++++++++++++
+X++XXXX+XX+XXXX+++++++++
+++XXX+XX+++XXXXX++++++++
+X+++XXXX+++XXXXX++++++++
+XXXXXXXXXX+XXX+XX+++++++
+XX+++XX+++XX+XXXXX++++++
++XX++XX++X+XX+XX+X++++++
++++XXX++++X++XX++XX+++++
++++X++++++XXXX+XXXX+++++
++++++++++++XXXXXX+++++++
+++++++++++XXX+XXXXX+++++
++++++++++++X+X+XX+++++++
+++++++++XX+X+++XX+++++++
+++++XXXXXXXXX+++X++X++++
++++++X++X+XXXXXX+X+X+X++
+++++XXX+XXXXXX+XXXXXX+++
+++++++XXX+X++++X++XXXXX+
+++++++++XXXXXX++++XXX+++
+++++++++X+XXXXX++X+X+X++
+++++++++++XXX++++++X++++
++++++++++X+X+X++++++++++

+++++++++++++XX++++++++++
++++++X++++++++++++++++++
++++X+X+X++XX++XX++++++++
+++XXX+++XXXXXXX+++++++++
++XXX++XX+X+X++XX++++++++
+++X+X+++XXX+XX++++++++++
+XX+++XXXXXXX++X+++++++++
++++X+X+XXXX++XX+++++++++
++X+X+XX++++XX+++++++++++
++XXXX+X++XXXXXXXX+++++++
++++XXX++++X+XX+XXX++++++
+++X++++++XX++XXXX+++++++
+++++X++++++X+X++XX++++++
+++++++++++XX+XXXX+X+++++
+++++++++++++++X+X+++++++
+++++++++++XX+XXX+X++++++
+++++++++++++XXXX++++++++
+++++XXXXXXXXX+XX++++++++
++++++X+XXX+XX+X+++X+X+++
+++++XXXXX++X+++XXXXXXX++
+++++++++X+++XX++++XXX+++
++++++++X+++++XX++XXXXX++
++++++++++++XX+++++X+X+++
++++++++++X+XXX++++++++++
+++++++++++X+X+++++++++++

+++++++++++++XX++++++++++
++++++X++++++++++++++++++
++++X+X+X++XX++XX++++++++
+++XXXX++XXXXXXX+++++++++
++XXX++XX+X+X++XX++++++++
+++X+XX++XXXXXXX+++++++++
+XXX+XXXXXXXX++XX++++++++
++++X+X+XXXX++XXX++++++++
+XX+X+XXXX++XX+++X+++++++
+XXXXX+X++XXXXXXXX+++++++
++++XXXX+++X+XX+XXX++++++
+++X++++++XX++XXXX+X+++++
++++XX++++++X+X+XXXX+++++
+++++++++++XX+XXXX+X+++++
+++++++++++XXX+X+XXX+++++
+++++++++++XX+XXXXX++++++
+++++++++X+++XXXX++++++++
+++++XXXXXXXXX+XXX++X++++
++++++X+XXX+XX+X+++XXXX++
+++++XXXXX++XXX+XXXXXXX++
+++++++XXX+++XX++++XXXXX+
++++++++X+++++XX++XXXXX++
+++++++++X++XXXX++XXXXX++
++++++++++XXXXX+++++X++++
++++++++++XXXXX++++++++++

+++++++++++++XX++++++++++
+++++X+X+++++++++++++++++
+++++X+X+XX++XXXX++++++++
++++X+XXXXXXXXX++++++++++
+++X++++X+++X+++X++++++++
+XX++XXXXXXXXXXX+++++++++
+++X+X+XX++XX++XX++++++++
+XXX+XXX++++++XXX++++++++
+XX+X+XXXXXXXX++XX+++++++
+XX++++X++XX+XX+XXX++++++
++X+++XX+++++X+XX+X++++++
++++++X+++XX++XX+++X+++++
++++X+++++++X+X+XXXX+++++
+++++++++++XX+XXXXX++++++
+++++++++++XXX+X+XXX+++++
++++++++++++XXX+XX+++++++
+++++++++XX+++X+XX+++++++
+++++XXXXXX+XX+++X++X++++
++++++X++X+XX+XX++X+X+X++
+++++XXX+X++XXXXXXXXXX+++
+++++++XXX+++X+XX+XXXXXX+
++++++++++++++X++++XXX+++
+++++++++X++XXXX++X+X+X++
+++++++++++XXX++++++X++++
++++++++++X+X+X++++++++++

+++++++++++++++++++++++++
++++++++++++XXXX+++++++++
+++++X+X+++++++++++++++++
+++XX+++XX+XXXXXX++++++++
+++XXXXX++X++++++++++++++
++X+X++XXXX+XXXX+++++++++
++++X+XXXX++XXX++++++++++
++X+XXX+++++XXX++++++++++
+++X+XX++++XXXX++++++++++
+++X+XX++++++++++++++++++
+++XXX++++XXX+XXXX+++++++
+++++X++++++++XX+X+++++++
++++X++++++XXX+XXXXX+++++
+++++++++++++XXXX++++++++
++++++++++++XXX+XXX++++++
++++++++++++++XXXX+++++++
++++++++++++XXXX+++++++++
+++++XXXXX+++++++++++++++
++++++X+XXX+XX+XX+++X++++
+++++XXXX+XXX+X+++++X++++
++++++++X++XXX+X++XXXXX++
++++++++++XXX+++++++X++++
+++++++++XXX+XX+++++X++++
++++++++++++X++++++++++++
++++++++++++X++++++++++++

+++++++++++++++++++++++++
++++++X+++++XXXX+++++++++
++++XXXXX++++++++++++++++
+++XX+++XXXXXXXXX++++++++
++XXXXXX++X++++++++++++++
++X+X++XXXX+XXXX+++++++++
+XX+X+XXXXX+XXXX+++++++++
++X+XXX++XXXXXXX+++++++++
++XX+XX++++XXXX++++++++++
++XXXXXX++++++X+XX+++++++
+++XXXX+++XXX+XXXXX++++++
+++X+X++++++++XX+X+++++++
++++XX+++++XXX+XXXXX+++++
+++++++++++++XXXX++X+++++
++++++++++++XXX+XXX++++++
+++++++++++XX+XXXXX++++++
++++++++++++XXXXX++++++++
+++++XXXXXX+XX+XX++++++++
++++++X+XXX+XX+XX++XXX+++
+++++XXXX+XXX+X+XXX+X+X++
++++++++X++XXXXX++XXXXX++
++++++++X+XXX++X++X+X+X++
+++++++++XXX+XX++++XXX+++
++++++++++X+X+X++++++++++
+++++++++++XXX+++++++++++

+++++++++++++++++++++++++
++++++X+++++XXXX+++++++++
++++XXXXX++++++X+++++++++
+++XX+X+XXXXXXXXX++++++++
++XXXXXXX+X++++++++++++++
++X+XXXXXXX+XXXX+++++++++
+XXXXXXXXXX+XXXXX++++++++
++X+XXX++XXXXXXXX++++++++
+XXX+XXXXX+XXXX++X+++++++
+XXXXXXX+++X++X+XX+++++++
+++XXXXX++XXXXXXXXX++++++
+++X+X++++++++XX+X+X+++++
++++XX+++++XXX+XXXXX+++++
+++++++++++++XXXXX+X+++++
+++++++++++XXXX+XXXX+++++
+++++++++++XX+XXXXX++++++
+++++++++X++XXXXX++++++++
+++++XXXXXX+XX+XXX++X++++
++++++X+XXX+XX+XX++XXXX++
+++++XXXXXXXXXX+XXXXXXX++
+++++++XXX+XXXXX++XXXXXX+
++++++++X+XXX+XX++XXXXX++
+++++++++XXX+XXX++XXXXX++
++++++++++XXXXX+++++X++++
++++++++++XXXXX++++++++++

+++++++++++++++++++++++++
+++++X+X++++XXXX+++++++++
+++++++++XXXXXXX+++++++++
++++XXXX+XXXXXX+X++++++++
+++X+XX+X++++++X+++++++++
+X+XXXX++XX+XXXX+++++++++
+++XXX+XX+++XXXXX++++++++
+X+X++XXX+++XXXXX++++++++
+XXX+XXXXXX+XXX+XX+++++++
+XX+++XX+++XX+XXXXX++++++
++XX++XX++X+XX++X+X++++++
+++++XX+++++++XXX++X+++++
++++X++++++XXX+XXXXX+++++
+++++++++++++XXXXXX++++++
+++++++++++XXXX+XXXX+++++
++++++++++++XXX+XX+++++++
+++++++++XX+X+X+XX+++++++
+++++XXXXXXXXX+++X++X++++
++++++X++X+XX+XXX+X+X+X++
+++++XXX+XXXXXXXXXXXXX+++
+++++++XXX+XXX++X++XXXXX+
++++++++++XXX+X++++XXX+++
+++++++++XXX+XXX++X+X+X++
+++++++++++XXX++++++X++++
++++++++++X+X+X++++++++++

+++++++++++++++++++++++++
++++++X++++++XX++++++++++
++++X+X+X++X++++X++++++++
++++X+XX+XXXXXXX+++++++++
++XXX++X+XX+++++X++++++++
++++++XX+XXX+XX++++++++++
+XXX+XXXXXXXX++X+++++++++
+++XXXX+XXXX++XX+++++++++
++X+++XX++++XX+++++++++++
++XXXX+X++X+XXXXXX+++++++
++++XXX++++X+XXXXXX++++++
+++XX+++++X+++XX+XX++++++
+++++X++++++X++XXXX++++++
+++++++++++X++XXX+XX+++++
+++++++++++++XX++X+++++++
+++++++++++XXXXXX+X++++++
+++++++++++++X+XX++++++++
+++++XXXXXXXXX+XX++++++++
++++++X+XXX+X++X+++X+X+++
+++++XXXX+++XX+XXXX+X+X++
+++++++++X++X+X++++XXX+++
++++++++XX+++XXX++X+X+X++
++++++++++X++X+++++X+X+++
++++++++++XXX+X++++++++++
+++++++++++X+X+++++++++++

+++++++++++++++++++++++++
++++++X++++++XX++++++++++
++++X+X+X++X+++XX++++++++
++++X+XX+XXXXXXX+++++++++
++XXX++XXXX+++++X++++++++
+++++XXX+XXXXXXX+++++++++
+XXX+XXXXXXXX++XX++++++++
+++XXXX+XXXX++XXX++++++++
+XX+++XXXX++XX+++X+++++++
+XXXXX+X++XXXXXXXX+++++++
++++XXXX+++X+XXXXXX++++++
+++XX+++++X+++XX+XXX+++++
++++XX++++++X++XXXXX+++++
+++++++++++X++XXXXXX+++++
+++++++++++XXXX++XXX+++++
+++++++++++XXXXXXXX++++++
+++++++++X+++X+XX++++++++
+++++XXXXXXXXX+XXX++X++++
++++++X+XXX+X++X+++XXXX++
+++++XXXXX++XXXXXXXXXXX++
+++++++XXX++X+X++++XXXXX+
++++++++XX+++XXX++XXXXX++
+++++++++XX++XXX++XXXXX++
++++++++++XXXXX+++++X++++
++++++++++XXXXX++++++++++

+++++++++++++++++++++++++
+++++X+X+++++XX++++++++++
+++++X+X+XX+XXXXX++++++++
+++XXXX+XXXXXXX++++++++++
+++X++++XX+++++XX++++++++
+XXX+XX+XXXXXXXX+++++++++
+++X+X+XX++XX++XX++++++++
+XX+++XX++++++XXX++++++++
+XX+++XXXXXXXX++XX+++++++
+XX++++X++XX+XX+XXX++++++
++X+++XX+++++X++X+X++++++
++++X+X+++X+++XXX+XX+++++
++++X+++++++X++XXXXX+++++
+++++++++++X++XXXX+++++++
+++++++++++XXXX++XXX+++++
++++++++++++X+X+XX+++++++
+++++++++XX+++++XX+++++++
+++++XXXXXX+XX+++X++X++++
++++++X++X+XXXXX++X+X+X++
+++++XXX+X++XXX+XXXXXX+++
+++++++XXX++X++XX+XXXXXX+
+++++++++X+++XX++++XXX+++
+++++++++XX++XXX++X+X+X++
+++++++++++XXX++++++X++++
++++++++++X+X+X++++++++++

+++++++++++++++++++++++++
+++++++++++++XX++++++++++
+++++++++++++++++++++++++
++++++X+++++X++X+++++++++
++++XX+XX++++++++++++++++
++++X++XX++++XX++++++++++
+++X+++X+++++++++++++++++
++++XXX++++++++++++++++++
++++XX++++++XX+++++++++++
+++++++++++++++++++++++++
+++++++++++X++X++X+++++++
+++++X+++++++++++++++++++
++++X+++++++XX+XX+XX+++++
+++++++++++++++++++++++++
++++++++++++++XXXX+++++++
+++++++++++++++++++++++++
+++++++++++++X++X++++++++
+++++++++++++++++++++++++
++++XXXXXXX+++XX++++X++++
+++++++++++++++++++++++++
++++++++++X+X+++++XX+XX++
+++++++++++++++++++++++++
++++++++++XX+XX+++++X++++
+++++++++++++++++++++++++
++++++++++++X++++++++++++

+++++++++++++XX++++++++++
+++++++++++++XX++++++++++
++++++++++++X++X+++++++++
++++X+X+X+++X++X+++++++++
+++XXX+XXX++X++X+++++++++
++++X+XXXX+++XX++++++++++
+++X+X+X+++++XX++++++++++
++++XXX+++++XX+++++++++++
+++XXX++++++XX+++++++++++
++++XX+++++X++X++++++++++
+++++++++++X++X++X+++++++
++++XX+++++X+++XX+X++++++
++++XX++++++XXXXX+XX+++++
++++++++++++X++++XX++++++
++++++++++++++XXXX+++++++
+++++++++++++XX++++++++++
+++++++++++++X++X++++++++
+++++++++++++X++X++++++++
++++XXXXXXX+++XX++++X++++
+++++++++XX++XXX+++X+X+++
++++++++++XXX+++++XX+XX++
+++++++++XX++X+++++X+X+++
++++++++++XX+XX+++++X++++
+++++++++++X+X+++++++++++
++++++++++++X++++++++++++

+++++++++++++XX++++++++++
++++++++++++XXXX+++++++++
+++++X+X++++X++X+++++++++
++++X+X+X++XXXXXX++++++++
+++XXXXXXXX+X++X+++++++++
++X+X+XXXXX+XXXX+++++++++
+++XXXXXXX+++XX++++++++++
++X+XXX+++++XX+++++++++++
+++XXXX++++XXXX++++++++++
++++XXX++++X++X++++++++++
+++X++++++XXX+X+XX+++++++
++++XX+++++X++XXXXX++++++
++++XX+++++XXXXXX+XX+++++
++++++++++++XXXXXXX++++++
++++++++++++X+XXXXX++++++
+++++++++++++XXX+++++++++
++++++++++++XX+XX++++++++
+++++++++++++X++X++++++++
++++XXXXXXX+X+XXX+++X++++
+++++++++XXXXXXX+++XXX+++
++++++++X+XXX++X++XX+XX++
+++++++++XXXXX+++++XXX+++
+++++++++XXX+XX+++++X++++
+++++++++++XXX+++++++++++
++++++++++++X++++++++++++

+++++++++++++XX++++++++++
++++++X+++++XXXX+++++++++
++++XXXXX+++X++X+++++++++
++++X+X+XXXXXXXXX++++++++
++XXXXXXXXX+X++X+++++++++
++X+X+XXXXX+XXXX+++++++++
+XXXXXXXXXX+XXXX+++++++++
++X+XXX++XXXXXXX+++++++++
++XXXXX++++XXXX++++++++++
++XXXXXX+++X++X+XX+++++++
+++XXXX+++XXX+X+XXX++++++
+++XXX+++++X++XXXXX++++++
++++XX+++++XXXXXXXXX+++++
++++++++++++XXXXXXXX+++++
++++++++++++X+XXXXX++++++
+++++++++++XXXXX++X++++++
++++++++++++XX+XX++++++++
+++++++++XX+XX+XX++++++++
++++XXXXXXX+X+XXX++XXX+++
++++++++XXXXXXXXXXXXXXX++
++++++++X+XXX+XX++XX+XX++
++++++++XXXXXX+X++XXXXX++
+++++++++XXX+XX++++XXX+++
++++++++++XXXXX++++++++++
+++++++++++XXX+++++++++++

+++++++++++++XX++++++++++
++++++X+++++XXXX+++++++++
++++XXXXX+++X++X+++++++++
++++X+X+XXXXXXXXX++++++++
++XXXXXXXXX+X++X+++++++++
++X+XXXXXXX+XXXX+++++++++
+XXXXXXXXXX+XXXXX++++++++
++X+XXX++XXXXXXXX++++++++
+XXXXXXXXX+XXXX++X+++++++
+XXXXXXX+++X++X+XX+++++++
+++XXXXX++XXXXX+XXX++++++
+++XXX+++++X++XXXXXX+++++
++++XX+++++XXXXXXXXX+++++
++++++++++++XXXXXXXX+++++
+++++++++++XXXXXXXXX+++++
+++++++++++XXXXXXXX++++++
+++++++++X++XX+XX++++++++
++++++++XXX+XX+XXX++X++++
++++XXXXXXX+X+XXX++XXXX++
++++++++XXXXXXXXXXXXXXX++
+++++++XXXXXX+XX++XX+XXX+
++++++++XXXXXXXX++XXXXX++
+++++++++XXX+XXX++XXXXX++
++++++++++XXXXX+++++X++++
++++++++++XXXXX++++++++++

+++++++++++++XX++++++++++
+++++X+X++++XXXX+++++++++
+++++++++XXX+XXX+++++++++
+++XXXXX+XXXXXX+X++++++++
+++X+XX+XX++X++++++++++++
+X+XXXX++XX+XXXX+++++++++
+++XXX+XX+++XXXXX++++++++
+X+X++XXX+++XXXXX++++++++
+XXXXXXXXXX+XXX+XX+++++++
+XX+++XX+++XX+XXXXX++++++
++XX++XX++X+XX+XX+X++++++
++++XXX++++X++XX++XX+++++
++++X++++++XXXXXXXXX+++++
++++++++++++XXXXXX+++++++
+++++++++++XXXXXXXXX+++++
++++++++++++X+X+XX+++++++
+++++++++XX+X+++XX+++++++
++++++++XXXXXX+++X++X++++
++++XXXX+X+XXX+XX+X+X+X++
+++++++++XXXXXX+XXXXXX+++
+++++++XXXXXX+++X++X+XXX+
+++++++++XXXXXX++++XXX+++
+++++++++XXX+XXX++X+X+X++
+++++++++++XXX++++++X++++
++++++++++X+X+X++++++++++

+++++++++++++XX++++++++++
++++++X++++++XX++++++++++
++++X+X+X++XX++XX++++++++
+++XX++X+XXXXXXX+++++++++
++XXX++XX+X+X++XX++++++++
+++++++X+XXX+XX++++++++++
+XX+++XXXXXXX++X+++++++++
+++XXXX+XXXX++XX+++++++++
++X+X+XX++++XX+++++++++++
++XXXX+X++XXXXXXXX+++++++
++++XXX++++X+XX+XXX++++++
+++X++++++XX++XXXX+++++++
+++++X++++++X+XXXXX++++++
+++++++++++XX+XXXX+X+++++
++++++++++++++XX+X+++++++
+++++++++++XX+XX+XX++++++
+++++++++++++XXXX++++++++
+++++++++XXXXX+XX++++++++
++++XXXXXXX+XXXX+++X+X+++
++++++++XX++X+++XXXXXXX++
+++++++++XX+XXX++++X+X+++
++++++++X+++++XX++XXXXX++
++++++++++X++X+++++X+X+++
++++++++++X+XXX++++++++++
+++++++++++X+X+++++++++++

+++++++++++++XX++++++++++
++++++X++++++XX++++++++++
++++X+X+X++XX++XX++++++++
+++XX+XX+XXXXXXX+++++++++
++XXX++XX+X+X++XX++++++++
+++++XXX+XXXXXXX+++++++++
+XXX+XXXXXXXX++XX++++++++
+++XXXX+XXXX++XXX++++++++
+XX+X+XXXX++XX+++X+++++++
+XXXXX+X++XXXXXXXX+++++++
++++XXXX+++X+XX+XXX++++++
+++X++++++XX++XXXX+X+++++
++++XX++++++X+XXXXXX+++++
+++++++++++XX+XXXX+X+++++
+++++++++++XXXXX+XXX+++++
+++++++++++XX+XXXXX++++++
+++++++++X+++XXXX++++++++
++++++++XXXXXX+XXX++X++++
++++XXXXXXX+XXXX+++XXXX++
++++++++XX++XXX+XXXXXXX++
+++++++XXXX+XXX++++X+XXX+
++++++++X+++++XX++XXXXX++
+++++++++XX++XXX++XXXXX++
++++++++++XXXXX+++++X++++
++++++++++XXXXX++++++++++

+++++++++++++XX++++++++++
+++++X+X+++++XX++++++++++
+++++X+X+XX++XXXX++++++++
++++XXX+XXXXXXX++++++++++
+++X++++X+++X+++X++++++++
+XXX+XX+XXXXXXXX+++++++++
+++X+X+XX++XX++XX++++++++
+XX+++XX++++++XXX++++++++
+XX+X+XXXXXXXX++XX+++++++
+XX++++X++XX+XX+XXX++++++
++X+++XX+++++X+XX+X++++++
++++++X+++XX++XX+++X+++++
++++X+++++++X+XXXXXX+++++
+++++++++++XX+XXXXX++++++
+++++++++++XXXXX+XXX+++++
++++++++++++XXX+XX+++++++
+++++++++XX+++X+XX+++++++
++++++++XXX+XX+++X++X++++
++++XXXX+X+XX++X++X+X+X++
+++++++++X++XXXXXXXXXX+++
+++++++XXXX+XX+XX+XX+XXX+
++++++++++++++X++++XXX+++
+++++++++XX++XXX++X+X+X++
+++++++++++XXX++++++X++++
++++++++++X+X+X++++++++++

+++++++++++++++++++++++++
++++++++++++X++X+++++++++
+++++X+X+++++++++++++++++
+++XXX+XXX+XXXXXX++++++++
+++XXXXX++X++++++++++++++
++XXXX++XXX+X++X+++++++++
++++X+XXXX++XXX++++++++++
++XXX+X+++++XXX++++++++++
+++X+XX++++X++X++++++++++
+++X+XX++++++++++++++++++
+++XXX++++XXX+XXXX+++++++
+++++X++++++++XX+X+++++++
++++X++++++XXX+++++X+++++
+++++++++++++XXXX++++++++
++++++++++++XX++XXX++++++
++++++++++++++XX+++++++++
++++++++++++X+XXX++++++++
+++++++++++++++++++++++++
++++XXXXXXX+XXX+X+++X++++
++++++++++XXX+X+++++X++++
++++++++X+XX+X+X++XX+XX++
++++++++++XXX+++++++X++++
+++++++++X+XXXX+++++X++++
++++++++++++X++++++++++++
++++++++++++X++++++++++++

+++++++++++++++++++++++++
++++++X+++++X++X+++++++++
++++XXXXX++++++++++++++++
+++XXX+XXXXXXXXXX++++++++
++XXXXXX++X++++++++++++++
++XXXX++XXX+XXXX+++++++++
+XX+X+XXXXX+XXXX+++++++++
++XXX+X++XXXXXXX+++++++++
++XX+XX++++XXXX++++++++++
++XXXXXX++++++X+XX+++++++
+++XXXX+++XXX+XXXXX++++++
+++X+X++++++++XX+X+++++++
++++XX+++++XXX+++XXX+++++
+++++++++++++XXXX++X+++++
++++++++++++XX++XXX++++++
+++++++++++XX+XX++X++++++
++++++++++++XXXXX++++++++
+++++++++XX+XX+XX++++++++
++++XXXXXXX+XXXXX++XXX+++
++++++++X+XXX+X+XXX+X+X++
++++++++X+XX+XXX++XX+XX++
++++++++X+XXX++X++X+X+X++
+++++++++X+XXXX++++XXX+++
++++++++++X+X+X++++++++++
+++++++++++XXX+++++++++++

+++++++++++++++++++++++++
++++++X+++++X++X+++++++++
++++XXXXX++++++X+++++++++
+++XXXXXXXXXXXXXX++++++++
++XXXXXXX+X++++++++++++++
++XXXXX+XXX+XXXX+++++++++
+XXXXXXXXXX+XXXXX++++++++
++XXX+X++XXXXXXXX++++++++
+XXX+XXXXX+XXXX++X+++++++
+XXXXXXX+++X++X+XX+++++++
+++XXXXX++XXXXXXXXX++++++
+++X+X++++++++XX+X+X+++++
++++XX+++++XXX++XXXX+++++
+++++++++++++XXXXX+X+++++
+++++++++++XXX++XXXX+++++
+++++++++++XX+XXXXX++++++
+++++++++X++XXXXX++++++++
++++++++XXX+XX+XXX++X++++
++++XXXXXXX+XXXXX++XXXX++
++++++++XXXXXXX+XXXXXXX++
+++++++XXXXX+XXX++XX+XXX+
++++++++X+XXX+XX++XXXXX++
+++++++++X+XXXXX++XXXXX++
++++++++++XXXXX+++++X++++
++++++++++XXXXX++++++++++

+++++++++++++++++++++++++
+++++X+X++++X++X+++++++++
+++++++++XXXXXXX+++++++++
++++X+X++XXXXXX+X++++++++
+++X+XX+X++++++X+++++++++
+X++XXXX+XX+XXXX+++++++++
+++XXX+XX+++XXXXX++++++++
+X+++XXXX+++XXXXX++++++++
+XXX+XXXXXX+XXX+XX+++++++
+XX+++XX+++XX+XXXXX++++++
++XX++XX++X+XX++X+X++++++
+++++XX+++++++XXX++X+++++
++++X++++++XXX++XXXX+++++
+++++++++++++XXXXXX++++++
+++++++++++XXX++XXXX+++++
++++++++++++XXX+XX+++++++
+++++++++XX+X+X+XX+++++++
++++++++XXXXXX+++X++X++++
++++XXXX+X+XX++XX+X+X+X++
+++++++++XXXXXXXXXXXXX+++
+++++++XXXXX+X++X++X+XXX+
++++++++++XXX+X++++XXX+++
+++++++++X+XXXXX++X+X+X++
+++++++++++XXX++++++X++++
++++++++++X+X+X++++++++++

+++++++++++++++++++++++++
++++++X++++++++++++++++++
++++X+X+X++X++++X++++++++
++++XXX++XXXXXXX+++++++++
++XXX++X+XX+++++X++++++++
+++X+XX++XXX+XX++++++++++
+XXX+XXXXXXXX++X+++++++++
++++X+X+XXXX++XX+++++++++
++X+++XX++++XX+++++++++++
++XXXX+X++X+XXXXXX+++++++
++++XXX++++X+XXXXXX++++++
+++XX+++++X+++XX+XX++++++
+++++X++++++X++++XX++++++
+++++++++++X++XXX+XX+++++
+++++++++++++X+++X+++++++
+++++++++++XXXXX+XX++++++
+++++++++++++X+XX++++++++
+++++++++XXXXX+XX++++++++
++++XXXXXXX+X+XX+++X+X+++
++++++++X+++XX+XXXX+X+X++
+++++++++XX+++X++++X+X+++
++++++++XX+++XXX++X+X+X++
++++++++++++XX+++++X+X+++
++++++++++XXX+X++++++++++
+++++++++++X+X+++++++++++

+++++++++++++++++++++++++
++++++X++++++++++++++++++
++++X+X+X++X+++XX++++++++
++++XXX++XXXXXXX+++++++++
++XXX++XXXX+++++X++++++++
+++X+XX++XXXXXXX+++++++++
+XXX+XXXXXXXX++XX++++++++
++++X+X+XXXX++XXX++++++++
+XX+++XXXX++XX+++X+++++++
+XXXXX+X++XXXXXXXX+++++++
++++XXXX+++X+XXXXXX++++++
+++XX+++++X+++XX+XXX+++++
++++XX++++++X+++XXXX+++++
+++++++++++X++XXXXXX+++++
+++++++++++XXX+++XXX+++++
+++++++++++XXXXXXXX++++++
+++++++++X+++X+XX++++++++
++++++++XXXXXX+XXX++X++++
++++XXXXXXX+X+XX+++XXXX++
++++++++XX++XXXXXXXXXXX++
+++++++XXXX+++X++++X+XXX+
++++++++XX+++XXX++XXXXX++
+++++++++X++XXXX++XXXXX++
++++++++++XXXXX+++++X++++
++++++++++XXXXX++++++++++

+++++++++++++++++++++++++
+++++X+X+++++++++++++++++
+++++X+X+XX+XXXXX++++++++
+++XX+XXXXXXXXX++++++++++
+++X++++XX+++++XX++++++++
+XX++XXXXXXXXXXX+++++++++
+++X+X+XX++XX++XX++++++++
+XXX+XXX++++++XXX++++++++
+XX+++XXXXXXXX++XX+++++++
+XX++++X++XX+XX+XXX++++++
++X+++XX+++++X++X+X++++++
++++X+X+++X+++XXX+XX+++++
++++X+++++++X+++XXXX+++++
+++++++++++X++XXXX+++++++
+++++++++++XXX+++XXX+++++
++++++++++++X+X+XX+++++++
+++++++++XX+++++XX+++++++
++++++++XXX+XX+++X++X++++
++++XXXX+X+XXX+X++X+X+X++
+++++++++X++XXX+XXXXXX+++
+++++++XXXX++++XX+XX+XXX+
+++++++++X+++XX++++XXX+++
+++++++++X++XXXX++X+X+X++
+++++++++++XXX++++++X++++
++++++++++X+X+X++++++++++

+++++++++++++XX++++++++++
+++++++++++++++++++++++++
++++++++++++XXXX+++++++++
++++XXXXX++++++++++++++++
+++XXXXXXX++XXXX+++++++++
+++XXXX+XX+++++++++++++++
+++XXX+X+++++XX++++++++++
+++XX+X+++++XX+++++++++++
+++XXX+++++++++++++++++++
++++XX+++++XXXX++++++++++
+++++++++++++++++++++++++
++++X++++++XXXXXX+X++++++
+++++X++++++++X+X+X++++++
++++++++++++XXXXXXX++++++
+++++++++++++++X+++++++++
+++++++++++++XXXXX+++++++
+++++++++++++++++++++++++
+++++++++++++XXXX++++++++
+++++XX+XX+++++++++++++++
+++++++++XXX+XXX+++X+X+++
+++++++++++X+++++++X+X+++
+++++++++XXX+X+++++X+X+++
+++++++++++X+X+++++++++++
+++++++++++X+X+++++++++++
+++++++++++++++++++++++++

+++++++++++++XX++++++++++
++++++++++++X++X+++++++++
+++++X+X++++XXXX+++++++++
++++XXXXX++XXXXXX++++++++
+++XXXXXXXX+XXXX+++++++++
++XXXXX+XXX+X++X+++++++++
+++XXXXXXX+++XX++++++++++
++XXX+X+++++XX+++++++++++
+++XXXX++++X++X++++++++++
++++XXX++++XXXX++++++++++
+++X++++++XXX+X+XX+++++++
++++XX+++++XXXXXXXX++++++
++++XX+++++XXXX+X+XX+++++
++++++++++++XXXXXXX++++++
++++++++++++X++XXXX++++++
+++++++++++++XXXXX+++++++
++++++++++++X++X+++++++++
+++++++++++++XXXX++++++++
+++++XX+XXX+X+++X+++X++++
+++++++++XXXXXXX+++XXX+++
++++++++X++X+++X++XX+XX++
+++++++++XXXXX+++++XXX+++
+++++++++X+X+XX+++++X++++
+++++++++++XXX+++++++++++
++++++++++++X++++++++++++

+++++++++++++XX++++++++++
++++++X+++++X++X+++++++++
++++XXXXX+++XXXX+++++++++
++++XXXXXXXXXXXXX++++++++
++XXXXXXXXX+XXXX+++++++++
++XXXXX+XXX+XXXX+++++++++
+XXXXXXXXXX+XXXX+++++++++
++XXX+X++XXXXXXX+++++++++
++XXXXX++++XXXX++++++++++
++XXXXXX+++XXXX+XX+++++++
+++XXXX+++XXX+X+XXX++++++
+++XXX+++++XXXXXXXX++++++
++++XX+++++XXXX+XXXX+++++
++++++++++++XXXXXXXX+++++
++++++++++++X++XXXX++++++
+++++++++++XXXXXXXX++++++
++++++++++++XX+XX++++++++
+++++++++XX+XXXXX++++++++
+++++XX+XXX+X++XX++XXX+++
++++++++XXXXXXXXXXXXXXX++
++++++++X++X++XX++XX+XX++
++++++++XXXXXX+X++XXXXX++
+++++++++X+X+XX++++XXX+++
++++++++++XXXXX++++++++++
+++++++++++XXX+++++++++++

+++++++++++++XX++++++++++
++++++X+++++X++X+++++++++
++++XXXXX+++XXXX+++++++++
++++XXXXXXXXXXXXX++++++++
++XXXXXXXXX+XXXX+++++++++
++XXXXX+XXX+XXXX+++++++++
+XXXXXXXXXX+XXXXX++++++++
++XXX+X++XXXXXXXX++++++++
+XXXXXXXXX+XXXX++X+++++++
+XXXXXXX+++XXXX+XX+++++++
+++XXXXX++XXXXX+XXX++++++
+++XXX+++++XXXXXXXXX+++++
++++XX+++++XXXX+XXXX+++++
++++++++++++XXXXXXXX+++++
+++++++++++XXX+XXXXX+++++
+++++++++++XXXXXXXX++++++
+++++++++X++XX+XX++++++++
++++++++XXX+XXXXXX++X++++
+++++XX+XXX+X++XX++XXXX++
++++++++XXXXXXXXXXXXXXX++
+++++++XXX+X++XX++XX+XXX+
++++++++XXXXXXXX++XXXXX++
+++++++++X+X+XXX++XXXXX++
++++++++++XXXXX+++++X++++
++++++++++XXXXX++++++++++

+++++++++++++XX++++++++++
+++++X+X++++X++X+++++++++
+++++++++XXX+++X+++++++++
+++XX+X++XXXXXX+X++++++++
+++X+XX+XX++XXX++++++++++
+X++XXXX+XX+XXXX+++++++++
+++XXX+XX+++XXXXX++++++++
+X+++XXXX+++XXXXX++++++++
+XXXXXXXXXX+XXX+XX+++++++
+XX+++XX+++X+XXXXXX++++++
++XX++XX++X+XX+XX+X++++++
++++XXX++++XXXXX++XX+++++
++++X++++++XXXX+XXXX+++++
++++++++++++XXXXXX+++++++
+++++++++++XXX+XXXXX+++++
++++++++++++X+X+XX+++++++
+++++++++XX+X+++XX+++++++
++++++++XXXXXXX++X++X++++
+++++XX++X+XXXXXX+X+X+X++
+++++++++XXXXXX+XXXXXX+++
+++++++XXX+X++++X++X+XXX+
+++++++++XXXXXX++++XXX+++
+++++++++X+X+XXX++X+X+X++
+++++++++++XXX++++++X++++
++++++++++X+X+X++++++++++

+++++++++++++XX++++++++++
++++++X++++++++++++++++++
++++X+X+X++XXXXXX++++++++
+++XXX+++XXXXXXX+++++++++
++XXX++XX+X+XXXXX++++++++
+++X+X+++XXX+XX++++++++++
+XX+++XXXXXXX++X+++++++++
++++X+X+XXXX++XX+++++++++
++X+X+XX++++XX+++++++++++
++XXXX+X++XX++XXXX+++++++
++++XXX++++X+XX+XXX++++++
+++X++++++XXXXXXXX+++++++
+++++X++++++X+X+XXX++++++
+++++++++++XX+XXXX+X+++++
+++++++++++++++X+X+++++++
+++++++++++XX+XXX+X++++++
+++++++++++++XXXX++++++++
+++++++++XXXXXXXX++++++++
+++++XX+XXX+XX+X+++X+X+++
++++++++XX++X+++XXXXXXX++
+++++++++X+++XX++++X+X+++
++++++++X+++++XX++XXXXX++
+++++++++++++X+++++X+X+++
++++++++++X+XXX++++++++++
+++++++++++X+X+++++++++++

+++++++++++++XX++++++++++
++++++X++++++++++++++++++
++++X+X+X++XXXXXX++++++++
+++XXXX++XXXXXXX+++++++++
++XXX++XX+X+XXXXX++++++++
+++X+XX++XXXXXXX+++++++++
+XXX+XXXXXXXX++XX++++++++
++++X+X+XXXX++XXX++++++++
+XX+X+XXXX++XX+++X+++++++
+XXXXX+X++XX++XXXX+++++++
++++XXXX+++X+XX+XXX++++++
+++X++++++XXXXXXXX+X+++++
++++XX++++++X+X+XXXX+++++
+++++++++++XX+XXXX+X+++++
+++++++++++XXX+X+XXX+++++
+++++++++++XX+XXXXX++++++
+++++++++X+++XXXX++++++++
++++++++XXXXXXXXXX++X++++
+++++XX+XXX+XX+X+++XXXX++
++++++++XX++XXX+XXXXXXX++
+++++++XXX+++XX++++X+XXX+
++++++++X+++++XX++XXXXX++
+++++++++X+++XXX++XXXXX++
++++++++++XXXXX+++++X++++
++++++++++XXXXX++++++++++

+++++++++++++XX++++++++++
+++++X+X+++++++++++++++++
+++++X+X+XX++++XX++++++++
++++X+XXXXXXXXX++++++++++
+++X++++X+++XXX+X++++++++
+XX++XXXXXXXXXXX+++++++++
+++X+X+XX++XX++XX++++++++
+XXX+XXX++++++XXX++++++++
+XX+X+XXXXXXXX++XX+++++++
+XX++++X++XXX+X+XXX++++++
++X+++XX+++++X+XX+X++++++
++++++X+++XXXXXX+++X+++++
++++X+++++++X+X+XXXX+++++
+++++++++++XX+XXXXX++++++
+++++++++++XXX+X+XXX+++++
++++++++++++XXX+XX+++++++
+++++++++XX+++X+XX+++++++
++++++++XXX+XXX++X++X++++
+++++XX++X+XX+XX++X+X+X++
+++++++++X++XXXXXXXXXX+++
+++++++XXX+++X+XX+XX+XXX+
++++++++++++++X++++XXX+++
+++++++++X+++XXX++X+X+X++
+++++++++++XXX++++++X++++
++++++++++X+X+X++++++++++

+++++++++++++++++++++++++
++++++++++++XXXX+++++++++
+++++X+X+++++XX++++++++++
+++XX+++XX+XXXXXX++++++++
+++XXXXX++X++XX++++++++++
++X+X++XXXX+XXXX+++++++++
++++X+XXXX++XXX++++++++++
++X+XXX+++++XXX++++++++++
+++X+XX++++XXXX++++++++++
+++X+XX+++++XX+++++++++++
+++XXX++++XXX+XXXX+++++++
+++++X++++++XXXX+X+++++++
++++X++++++XXX+X+++X+++++
+++++++++++++XXXX++++++++
++++++++++++XXX+XXX++++++
++++++++++++++XXXX+++++++
++++++++++++XXXX+++++++++
++++++++++++++XX+++++++++
+++++XX+XXX+XX+XX+++X++++
++++++++++XXX+X+++++X++++
++++++++X++XXX+X++XX+XX++
++++++++++XXX+++++++X++++
+++++++++XXXXXX+++++X++++
++++++++++++X++++++++++++
++++++++++++X++++++++++++

+++++++++++++++++++++++++
++++++X+++++XXXX+++++++++
++++XXXXX++++XX++++++++++
+++XX+++XXXXXXXXX++++++++
++XXXXXX++X++XX++++++++++
++X+X++XXXX+XXXX+++++++++
+XX+X+XXXXX+XXXX+++++++++
++X+XXX++XXXXXXX+++++++++
++XX+XX++++XXXX++++++++++
++XXXXXX++++XXX+XX+++++++
+++XXXX+++XXX+XXXXX++++++
+++X+X++++++XXXX+X+++++++
++++XX+++++XXX+X+XXX+++++
+++++++++++++XXXX++X+++++
++++++++++++XXX+XXX++++++
+++++++++++XX+XXXXX++++++
++++++++++++XXXXX++++++++
+++++++++XX+XXXXX++++++++
+++++XX+XXX+XX+XX++XXX+++
++++++++X+XXX+X+XXX+X+X++
++++++++X++XXXXX++XX+XX++
++++++++X+XXX++X++X+X+X++
+++++++++XXXXXX++++XXX+++
++++++++++X+X+X++++++++++
+++++++++++XXX+++++++++++

+++++++++++++++++++++++++
++++++X+++++XXXX+++++++++
++++XXXXX++++XXX+++++++++
+++XX+X+XXXXXXXXX++++++++
++XXXXXXX+X++XX++++++++++
++X+XXXXXXX+XXXX+++++++++
+XXXXXXXXXX+XXXXX++++++++
++X+XXX++XXXXXXXX++++++++
+XXX+XXXXX+XXXX++X+++++++
+XXXXXXX+++XXXX+XX+++++++
+++XXXXX++XXXXXXXXX++++++
+++X+X++++++XXXX+X+X+++++
++++XX+++++XXX+XXXXX+++++
+++++++++++++XXXXX+X+++++
+++++++++++XXXX+XXXX+++++
+++++++++++XX+XXXXX++++++
+++++++++X++XXXXX++++++++
++++++++XXX+XXXXXX++X++++
+++++XX+XXX+XX+XX++XXXX++
++++++++XXXXXXX+XXXXXXX++
+++++++XXX+XXXXX++XX+XXX+
++++++++X+XXX+XX++XXXXX++
+++++++++XXXXXXX++XXXXX++
++++++++++XXXXX+++++X++++
++++++++++XXXXX++++++++++

+++++++++++++++++++++++++
+++++X+X++++XXXX+++++++++
+++++++++XXXX++X+++++++++
++++XXXX+XXXXXX+X++++++++
+++X+XX+X++++XXX+++++++++
+X+XXXX++XX+XXXX+++++++++
+++XXX+XX+++XXXXX++++++++
+X+X++XXX+++XXXXX++++++++
+XXX+XXXXXX+XXX+XX+++++++
+XX+++XX+++X+XXXXXX++++++
++XX++XX++X+XX++X+X++++++
+++++XX+++++XXXXX++X+++++
++++X++++++XXX+XXXXX+++++
+++++++++++++XXXXXX++++++
+++++++++++XXXX+XXXX+++++
++++++++++++XXX+XX+++++++
+++++++++XX+X+X+XX+++++++
++++++++XXXXXXX++X++X++++
+++++XX++X+XX+XXX+X+X+X++
+++++++++XXXXXXXXXXXXX+++
+++++++XXX+XXX++X++X+XXX+
++++++++++XXX+X++++XXX+++
+++++++++XXXXXXX++X+X+X++
+++++++++++XXX++++++X++++
++++++++++X+X+X++++++++++

+++++++++++++++++++++++++
++++++X++++++XX++++++++++
++++X+X+X++X+XX+X++++++++
++++X+XX+XXXXXXX+++++++++
++XXX++X+XX++XX+X++++++++
++++++XX+XXX+XX++++++++++
+XXX+XXXXXXXX++X+++++++++
+++XXXX+XXXX++XX+++++++++
++X+++XX++++XX+++++++++++
++XXXX+X++X+++XXXX+++++++
++++XXX++++X+XXXXXX++++++
+++XX+++++X+XXXX+XX++++++
+++++X++++++X++X+XX++++++
+++++++++++X++XXX+XX+++++
+++++++++++++XX++X+++++++
+++++++++++XXXXXX+X++++++
+++++++++++++X+XX++++++++
+++++++++XXXXXXXX++++++++
+++++XX+XXX+X++X+++X+X+++
++++++++X+++XX+XXXX+X+X++
+++++++++X++X+X++++X+X+++
++++++++XX+++XXX++X+X+X++
++++++++++X+XX+++++X+X+++
++++++++++XXX+X++++++++++
+++++++++++X+X+++++++++++

+++++++++++++++++++++++++
++++++X++++++XX++++++++++
++++X+X+X++X+XXXX++++++++
++++X+XX+XXXXXXX+++++++++
++XXX++XXXX++XX+X++++++++
+++++XXX+XXXXXXX+++++++++
+XXX+XXXXXXXX++XX++++++++
+++XXXX+XXXX++XXX++++++++
+XX+++XXXX++XX+++X+++++++
+XXXXX+X++XX++XXXX+++++++
++++XXXX+++X+XXXXXX++++++
+++XX+++++X+XXXX+XXX+++++
++++XX++++++X++XXXXX+++++
+++++++++++X++XXXXXX+++++
+++++++++++XXXX++XXX+++++
+++++++++++XXXXXXXX++++++
+++++++++X+++X+XX++++++++
++++++++XXXXXXXXXX++X++++
+++++XX+XXX+X++X+++XXXX++
++++++++XX++XXXXXXXXXXX++
+++++++XXX++X+X++++X+XXX+
++++++++XX+++XXX++XXXXX++
+++++++++XX+XXXX++XXXXX++
++++++++++XXXXX+++++X++++
++++++++++XXXXX++++++++++

+++++++++++++++++++++++++
+++++X+X+++++XX++++++++++
+++++X+X+XX+X++XX++++++++
+++XXXX+XXXXXXX++++++++++
+++X++++XX+++XXXX++++++++
+XXX+XX+XXXXXXXX+++++++++
+++X+X+XX++XX++XX++++++++
+XX+++XX++++++XXX++++++++
+XX+++XXXXXXXX++XX+++++++
+XX++++X++XXX+X+XXX++++++
++X+++XX+++++X++X+X++++++
++++X+X+++X+XXXXX+XX+++++
++++X+++++++X++XXXXX+++++
+++++++++++X++XXXX+++++++
+++++++++++XXXX++XXX+++++
++++++++++++X+X+XX+++++++
+++++++++XX+++++XX+++++++
++++++++XXX+XXX++X++X++++
+++++XX++X+XXXXX++X+X+X++
+++++++++X++XXX+XXXXXX+++
+++++++XXX++X++XX+XX+XXX+
+++++++++X+++XX++++XXX+++
+++++++++XX+XXXX++X+X+X++
+++++++++++XXX++++++X++++
++++++++++X+X+X++++++++++

