+++++++++++++++++++++++++
+++++++++++++++++++++++++
+++++++++++++++++++++++++
+++++++++++++XX++++++++++
+++++++++++++XX++++++++++
+++++++++++++++++++++++++
+++++++++++XXXX++++++++++
+++++++XX+X++++X+++++++++
+++++++XX+X+XX+X+++++++++
++++++++++X+++XX+XX++++++
++++++++++X++++X+XX++++++
+++++++++++XXXX++++++++++
+++++++++++++++++++++++++
+++++++++++XX++++++++++++
+++++++++++XX++++++++++++
+++++++++++++++++++++++++
+++++++++++++++++++++++++
+++++++++++++++++++++++++
+++++++++++++++++++++++++
+++++++++++++++++++++++++
+++++++++++++++++++++++++
+++++++++++++++++++++++++
+++++++++++++++++++++++++
+++++++++++++++++++++++++
+++++++++++++++++++++++++

+++++++++++++++++++++++++
+++++++++++++++++++++++++
+++++++++++++XX++++++++++
++++++++++++XXXX+++++++++
++++++++++++XXXX+++++++++
+++++++++++X+++X+++++++++
+++++++XXXXXXXXX+++++++++
++++++XXX+X++++XX++++++++
++++++XXX+X+XX+X+XX++++++
+++++++XX+X+X+XX+XXX+++++
+++++++++XX++++X+XXX+++++
++++++++++XXXXXXXXX++++++
++++++++++X+++X++++++++++
++++++++++XXXX+++++++++++
++++++++++XXXX+++++++++++
+++++++++++XX++++++++++++
+++++++++++++++++++++++++
+++++++++++++++++++++++++
+++++++++++++++++++++++++
+++++++++++++++++++++++++
+++++++++++++++++++++++++
+++++++++++++++++++++++++
+++++++++++++++++++++++++
+++++++++++++++++++++++++
+++++++++++++++++++++++++

+++++++++++++++++++++++++
+++++++++++++XX++++++++++
++++++++++++XXXX+++++++++
+++++++++++XXXXXX++++++++
++++++++++++XXXX+++++++++
+++++++X+++X+++X+++++++++
++++++XXXXXXXXXX+++++++++
+++++XXXX+X++++XX+X++++++
+++++XXXX+X+XXXX+XXX+++++
++++++XXX+X+XXXX+XXXX++++
+++++++X+XX++++X+XXXX++++
++++++++++XXXXXXXXXX+++++
++++++++++X+++X+++X++++++
++++++++++XXXX+++++++++++
+++++++++XXXXXX++++++++++
++++++++++XXXX+++++++++++
+++++++++++XX++++++++++++
+++++++++++++++++++++++++
+++++++++++++++++++++++++
+++++++++++++++++++++++++
+++++++++++++++++++++++++
+++++++++++++++++++++++++
+++++++++++++++++++++++++
+++++++++++++++++++++++++
+++++++++++++++++++++++++

+++++++++++++XX++++++++++
+++++++++++++XX++++++++++
++++++++++++XXXX+++++++++
+++++++++++XXXXXX++++++++
++++++++++++XXXX+++++++++
+++++++X+++X+++X+++++++++
++++++XXXXXXXXXX+++++++++
++++XXXXX+XXX++XX+X++++++
++++XXXXX+XXXXXX+XXX+++++
++++++XXX+XXXXXX+XXXXX+++
+++++++X+XX+XX+X+XXXXX+++
++++++++++XXXXXXXXXX+++++
++++++++++X+++X+X+X++++++
++++++++++XXXX+++++++++++
+++++++++XXXXXX++++++++++
++++++++++XXXX+++++++++++
+++++++++++XX++++++++++++
+++++++++++XX++++++++++++
+++++++++++++++++++++++++
+++++++++++++++++++++++++
+++++++++++++++++++++++++
+++++++++++++++++++++++++
+++++++++++++++++++++++++
+++++++++++++++++++++++++
+++++++++++++++++++++++++

+++++++++++++XX++++++++++
+++++++++++++XX++++++++++
++++++++++++XXXX+++++++++
+++++++++++XXXXXX++++++++
++++++++++++XXXX+++++++++
+++++++X+++X++XX+++++++++
++++++XXXXXXXXXXX++++++++
+++XXXXXXXXXXXXXX+X++++++
+++XXXXXX+XXXXXX+XXX+++++
++++++XXX+XXXXXXXXXXXXX++
+++++++X+XX+XX+XXXXXXXX++
++++++++++XXXXXXXXXX+++++
++++++++++XX++X+X+X++++++
++++++++++XXXX+++++++++++
+++++++++XXXXXX++++++++++
++++++++++XXXX+++++++++++
+++++++++++XX++++++++++++
+++++++++++XX++++++++++++
+++++++++++XX++++++++++++
+++++++++++++++++++++++++
+++++++++++++++++++++++++
+++++++++++++++++++++++++
+++++++++++++++++++++++++
+++++++++++++++++++++++++
+++++++++++++++++++++++++

+++++++++++++XX++++++++++
+++++++++++++XX++++++++++
++++++++++++XXXX+++++++++
+++++++++++XXXXXX++++++++
++++++++++++XXXX+++++++++
+++++++X+++XX+XXX++++++++
++++X+XXXXXXXXXXX++++++++
++XXXXXXXXXXXXXXXXX++++++
++XXXXXXX+XXXXXX+XXX+X+++
++++X+XXX+XXXXXXXXXXXXXX+
+++++++X+XXXXX+XXXXXXXXX+
++++++++++XXXXXXXXXX+X+++
++++++++++XX+XX+X+X++++++
++++++++++XXXX+++++++++++
+++++++++XXXXXX++++++++++
++++++++++XXXX+++++++++++
+++++++++++XX++++++++++++
++++++++++XXXX+++++++++++
+++++++++++XX++++++++++++
+++++++++++XX++++++++++++
+++++++++++++++++++++++++
+++++++++++++++++++++++++
+++++++++++++++++++++++++
+++++++++++++++++++++++++
+++++++++++++++++++++++++

+++++++++++++XX++++++++++
+++++++++++++XXX+++++++++
++++++++++++XXXXX++++++++
+++++++++++XXXXXX++++++++
+++++++++++XXXXXX++++++++
+++++XXX+++XX+XXXX+++++++
+++XXXXXXXXXXXXXX++++++++
+XXXXXXXXXXXXXXXXXX++++++
+XXXXXXXXXXXXXXX+XXXXXX++
+++XX+XXX+XXXXXXXXXXXXXXX
+++++++X+XXXXX+XXXXXXXXXX
++++++++++XXXXXXXXXXXXX++
++++++++++XX+XX+X+X++++++
+++++++++XXXXX+++++++++++
+++++++++XXXXXX++++++++++
+++++++++XXXXX+++++++++++
+++++++++XXXX++++++++++++
++++++++++XXXX+++++++++++
++++++++++XXXX+++++++++++
+++++++++++XX++++++++++++
+++++++++++XX++++++++++++
+++++++++++++++++++++++++
+++++++++++++++++++++++++
+++++++++++++++++++++++++
+++++++++++++++++++++++++

+++++++++++++++++++++++++
+++++++++++++X+X+++++++++
++++++++++++XX++X++++++++
+++++++++++XX+XXX++++++++
+++++++++++X+XXXX++++++++
+++++XXX+++++X+X+X+++++++
+++X+X+X+XXXXXX+XX+++++++
+X++XX+XX+XXXXXXX+X++++++
+X++XXX++XXXXXXXXXXXX+X++
+++X++XXX+XX+X+XXX+++X++X
+++++++X+XXX+XXXX++++X++X
++++++++++X++X+XXXXXX+X++
++++++++++X+++X+X+X++++++
+++++++++XX+XX+++++++++++
+++++++++XXX+XX++++++++++
+++++++++X++XX+++++++++++
+++++++++XXXX++++++++++++
+++++++++++XX++++++++++++
++++++++++X++X+++++++++++
+++++++++++++++++++++++++
+++++++++++XX++++++++++++
+++++++++++++++++++++++++
+++++++++++++++++++++++++
+++++++++++++++++++++++++
+++++++++++++++++++++++++

+++++++++++++XX++++++++++
+++++++++++++++++++++++++
++++++++++++X++X+++++++++
+++++++++++XXX+XX++++++++
++++++++++++X+X++++++++++
+++++++X+++XXXXXX++++++++
++++X+XX++X++XX+X++++++++
++X+X+++XXX++XXXXXX++++++
++X+X++X++XX++++X+XX+X+++
++++X+XXX++XXXXXX+XX+X+X+
+++++++X+XXXXX+X+XXX+X+X+
++++++++++XXX+XXXXXX+X+++
++++++++++XX+XX+X+X++++++
+++++++++++X+X+++++++++++
+++++++++XX+XXX++++++++++
++++++++++X++X+++++++++++
+++++++++++++++++++++++++
++++++++++XXXX+++++++++++
+++++++++++++++++++++++++
+++++++++++XX++++++++++++
+++++++++++++++++++++++++
+++++++++++++++++++++++++
+++++++++++++++++++++++++
+++++++++++++++++++++++++
+++++++++++++++++++++++++

+++++++++++++XX++++++++++
+++++++++++++X+X+++++++++
++++++++++++X++XX++++++++
+++++++++++XXX+XX++++++++
+++++++++++XX+X+X++++++++
+++++XXX+++XXXXXXX+++++++
+++XXXXX+XXXXXX+X++++++++
+XX+XX++XXX++XXXXXX++++++
+XX+X++X+XXX+++XXXXXXXX++
+++XX+XXX++XXXXXXXXX+X+XX
+++++++X+XXXXX+X+XXX+X+XX
++++++++++XXX+XXXXXXXXX++
++++++++++XX+XX+X+X++++++
+++++++++X+X+X+++++++++++
+++++++++XX+XXX++++++++++
+++++++++XX++X+++++++++++
+++++++++XXX+++++++++++++
++++++++++XXXX+++++++++++
++++++++++X++X+++++++++++
+++++++++++XX++++++++++++
+++++++++++XX++++++++++++
+++++++++++++++++++++++++
+++++++++++++++++++++++++
+++++++++++++++++++++++++
+++++++++++++++++++++++++

+++++++++++++++++++++++++
+++++++++++++XXX+++++++++
++++++++++++X+X+X++++++++
+++++++++++XX++XX++++++++
+++++++++++X++X+X++++++++
+++++XXX+++++++X+X+++++++
+++X+X+XXXXXXXXXXX+++++++
+X+XXXX+X+X++XXXX+X++++++
+X+XX+++XXXX+++X+XXXX+X++
+++X++XXX++X+X+XXX++XXX+X
+++++++X+XXX+XXX++++XXX+X
++++++++++X++++XXXXXX+X++
++++++++++X+++X+X+X++++++
+++++++++X+++X+++++++++++
+++++++++XX++XX++++++++++
+++++++++X+X+X+++++++++++
+++++++++XXX+++++++++++++
+++++++++++XX++++++++++++
++++++++++XXXX+++++++++++
+++++++++++++++++++++++++
+++++++++++XX++++++++++++
+++++++++++++++++++++++++
+++++++++++++++++++++++++
+++++++++++++++++++++++++
+++++++++++++++++++++++++

+++++++++++++++++++++++++
+++++++++++++XX++++++++++
++++++++++++XXXX+++++++++
+++++++++++XXXXXX++++++++
++++++++++++X+X++++++++++
+++++++X+++X++XX+++++++++
++++++XX+XXXXXXXX++++++++
+++X+XXXXXXXXXXX++X++++++
+++X+XXX++++XXXX+XXX+++++
++++++XXX+XX++X+X+XXX+X++
+++++++X+XXX+XXXXXXXX+X++
++++++++++XXXXXXXXXX+++++
++++++++++XX++X+++X++++++
+++++++++++X+X+++++++++++
+++++++++XXXXXX++++++++++
++++++++++XXXX+++++++++++
+++++++++++XX++++++++++++
+++++++++++++++++++++++++
+++++++++++XX++++++++++++
+++++++++++++++++++++++++
+++++++++++++++++++++++++
+++++++++++++++++++++++++
+++++++++++++++++++++++++
+++++++++++++++++++++++++
+++++++++++++++++++++++++

+++++++++++++XX++++++++++
+++++++++++++XX++++++++++
++++++++++++XXXX+++++++++
+++++++++++XXXXXX++++++++
++++++++++++X+X++++++++++
+++++++X+++XX+XXX++++++++
++++X+XX+XXXXXXXX++++++++
++XX+XXXXXXXXXXX+XX++++++
++XX+XXX++++XXXX+XXX+X+++
++++X+XXX+XX++XXX+XXX+XX+
+++++++X+XXXXXXXXXXXX+XX+
++++++++++XXXXXXXXXX+X+++
++++++++++XX+XX+++X++++++
+++++++++++X+X+++++++++++
+++++++++XXXXXX++++++++++
++++++++++XXXX+++++++++++
+++++++++++XX++++++++++++
++++++++++X++X+++++++++++
+++++++++++XX++++++++++++
+++++++++++XX++++++++++++
+++++++++++++++++++++++++
+++++++++++++++++++++++++
+++++++++++++++++++++++++
+++++++++++++++++++++++++
+++++++++++++++++++++++++

+++++++++++++XX++++++++++
+++++++++++++XXX+++++++++
++++++++++++XXXXX++++++++
+++++++++++XXXXXX++++++++
+++++++++++XX+X+X++++++++
+++++XXX+++XX+XXXX+++++++
+++XXXXX+XXXXXXXX++++++++
+XXX+XXXXXXXXXXXXXX++++++
+XXX+XXX+X++XXXX+XXXXXX++
+++XX+XXX+XX+XXXXXXXX+XXX
+++++++X+XXXXXXXXXXXX+XXX
++++++++++XXXXXXXXXXXXX++
++++++++++XX+XX+++X++++++
+++++++++X+X+X+++++++++++
+++++++++XXXXXX++++++++++
+++++++++XXXXX+++++++++++
+++++++++XXXX++++++++++++
++++++++++X++X+++++++++++
++++++++++XXXX+++++++++++
+++++++++++XX++++++++++++
+++++++++++XX++++++++++++
+++++++++++++++++++++++++
+++++++++++++++++++++++++
+++++++++++++++++++++++++
+++++++++++++++++++++++++

+++++++++++++++++++++++++
+++++++++++++X+X+++++++++
++++++++++++XX++X++++++++
+++++++++++XX+XXX++++++++
+++++++++++X++X+X++++++++
+++++XXX+++++X+X+X+++++++
+++X+X+XXXXXXXX+XX+++++++
+X+++X+XX+XXXXXXX+X++++++
+X+++XX+XX++XXXXXXXXX+X++
+++X++XXX+XXXX+XXX++++++X
+++++++X+XXX+X+XX+++++++X
++++++++++X++X+XXXXXX+X++
++++++++++X+++X+++X++++++
+++++++++X+++X+++++++++++
+++++++++XXX+XX++++++++++
+++++++++X++XX+++++++++++
+++++++++XXXX++++++++++++
+++++++++++++++++++++++++
++++++++++X++X+++++++++++
+++++++++++++++++++++++++
+++++++++++XX++++++++++++
+++++++++++++++++++++++++
+++++++++++++++++++++++++
+++++++++++++++++++++++++
+++++++++++++++++++++++++

+++++++++++++XX++++++++++
+++++++++++++++++++++++++
++++++++++++X++X+++++++++
+++++++++++XXX+XX++++++++
++++++++++++XXXX+++++++++
+++++++X+++XXXXXX++++++++
++++X+XXX+X++XX+X++++++++
++X+++++XXX++XXX+XX++++++
++X++++XX+++++++X+XX+X+++
++++X+XXX++X++XXXXXX+++X+
+++++++X+XXXXXXX+XXX+++X+
++++++++++XXX+XXXXXX+X+++
++++++++++XX+XX+++X++++++
++++++++++XXXX+++++++++++
+++++++++XX+XXX++++++++++
++++++++++X++X+++++++++++
+++++++++++++++++++++++++
++++++++++X++X+++++++++++
+++++++++++++++++++++++++
+++++++++++XX++++++++++++
+++++++++++++++++++++++++
+++++++++++++++++++++++++
+++++++++++++++++++++++++
+++++++++++++++++++++++++
+++++++++++++++++++++++++

+++++++++++++XX++++++++++
+++++++++++++X+X+++++++++
++++++++++++X++XX++++++++
+++++++++++XXX+XX++++++++
+++++++++++XXXXXX++++++++
+++++XXX+++XXXXXXX+++++++
+++XXXXXXXXXXXX+X++++++++
+XX++X++XXX++XXXXXX++++++
+XX++++XXX+++++XXXXXXXX++
+++XX+XXX++X+XXXXXXX+++XX
+++++++X+XXXXXXX+XXX+++XX
++++++++++XXX+XXXXXXXXX++
++++++++++XX+XX+++X++++++
+++++++++XXXXX+++++++++++
+++++++++XX+XXX++++++++++
+++++++++XX++X+++++++++++
+++++++++XXX+++++++++++++
++++++++++X++X+++++++++++
++++++++++X++X+++++++++++
+++++++++++XX++++++++++++
+++++++++++XX++++++++++++
+++++++++++++++++++++++++
+++++++++++++++++++++++++
+++++++++++++++++++++++++
+++++++++++++++++++++++++

+++++++++++++++++++++++++
+++++++++++++XXX+++++++++
++++++++++++X+X+X++++++++
+++++++++++XX++XX++++++++
+++++++++++X+XXXX++++++++
+++++XXX+++++++X+X+++++++
+++X+X+X+XXXXXXXXX+++++++
+X+X+XX+X+X++XXXX+X++++++
+X+X+++++X+++++X+XXXX+X++
+++X++XXX++XXX+XXX++X+X+X
+++++++X+XXX+X+X++++X+X+X
++++++++++X++++XXXXXX+X++
++++++++++X+++X+++X++++++
+++++++++XX+XX+++++++++++
+++++++++XX++XX++++++++++
+++++++++X+X+X+++++++++++
+++++++++XXX+++++++++++++
+++++++++++++++++++++++++
++++++++++XXXX+++++++++++
+++++++++++++++++++++++++
+++++++++++XX++++++++++++
+++++++++++++++++++++++++
+++++++++++++++++++++++++
+++++++++++++++++++++++++
+++++++++++++++++++++++++

+++++++++++++XX++++++++++
++++++++++++X++X+++++++++
+++++++++++X++++X++++++++
+++++++++++X+XX+X++++++++
+++++++++++XXX+XX++++++++
++++++XXX++XXXXX+++++++++
+++++X++XXXXX+XX+++++++++
++++X++X+XXXXXXXXXXX+++++
++++X++XXX+X++X+XX++X++++
+++++X++XXXXXX+XXXX++X+++
++++++XXXXX+XX+XXXX++X+++
++++++++++XX+XXX+X++X++++
++++++++++XXXXX+X+XX+++++
+++++++++XX+XXX++++++++++
+++++++++X+XX+X++++++++++
+++++++++X++++X++++++++++
++++++++++X++X+++++++++++
+++++++++++XX++++++++++++
+++++++++++++++++++++++++
+++++++++++++++++++++++++
+++++++++++++++++++++++++
+++++++++++++++++++++++++
+++++++++++++++++++++++++
+++++++++++++++++++++++++
+++++++++++++++++++++++++

+++++++++++++XX++++++++++
++++++++++++XXXX+++++++++
+++++++++++X++++X++++++++
+++++++++++X+XX+X++++++++
+++++++++++XXXXXX++++++++
++++++XXX++XXXXX+++++++++
+++++X++XXXXX+XXX++++++++
+++XXX+XXXXXXXXXXXXX+++++
+++XXX+XXX+X++X+XX++X++++
+++++X++XXXXXX+XXXX+XXX++
++++++XXXXX+XX+XXXX+XXX++
++++++++++XXXXXX+X++X++++
++++++++++XXXXX+X+XX+++++
+++++++++XXXXXX++++++++++
+++++++++X+XX+X++++++++++
+++++++++X++++X++++++++++
++++++++++XXXX+++++++++++
+++++++++++XX++++++++++++
+++++++++++XX++++++++++++
+++++++++++++++++++++++++
+++++++++++++++++++++++++
+++++++++++++++++++++++++
+++++++++++++++++++++++++
+++++++++++++++++++++++++
+++++++++++++++++++++++++

+++++++++++++XX++++++++++
++++++++++++XXXX+++++++++
+++++++++++X+++XX++++++++
+++++++++++X+XXXX++++++++
+++++++++++XXXXXX++++++++
++++++XXX++XXXXXX++++++++
++++XXXXXXXXX+XXX++++++++
++XXXX+XXXXXXXXXXXXX+++++
++XXXX+XXX+X++X+XX++XX+++
++++XX++XXXXXX+XXXXXXXXX+
++++++XXXXXXXX+XXXXXXXXX+
++++++++++XXXXXX+X++XX+++
++++++++++XXXXX+X+XX+++++
+++++++++XXXXXX++++++++++
+++++++++XXXX+X++++++++++
+++++++++XX+++X++++++++++
++++++++++XXXX+++++++++++
++++++++++XXXX+++++++++++
+++++++++++XX++++++++++++
+++++++++++XX++++++++++++
+++++++++++++++++++++++++
+++++++++++++++++++++++++
+++++++++++++++++++++++++
+++++++++++++++++++++++++
+++++++++++++++++++++++++

+++++++++++++XX++++++++++
++++++++++++XXXX+++++++++
+++++++++++X+++XX++++++++
+++++++++++X+XXXX++++++++
+++++++++++XXXXXX++++++++
+++++XXXX++XXXXXXX+++++++
+++XXXXXXXXXXXXXX++++++++
+XXXXX+XXXXXXXXXXXXX+++++
+XXXXX+XXX+X++XXXXX+XXX++
+++XXX++XXXXXX+XXXXXXXXXX
++++++XXXXXXXX+XXXXXXXXXX
++++++++++XXXXXXXXX+XXX++
++++++++++XXXXX+X+XX+++++
+++++++++XXXXXX++++++++++
+++++++++XXXX+X++++++++++
+++++++++XX+++X++++++++++
+++++++++XXXXX+++++++++++
++++++++++XXXX+++++++++++
++++++++++XXXX+++++++++++
+++++++++++XX++++++++++++
+++++++++++XX++++++++++++
+++++++++++++++++++++++++
+++++++++++++++++++++++++
+++++++++++++++++++++++++
+++++++++++++++++++++++++

+++++++++++++++++++++++++
++++++++++++XX+X+++++++++
+++++++++++X++X+X++++++++
+++++++++++X++XXX++++++++
+++++++++++X+XXXX++++++++
+++++XXXX++++++X+X+++++++
+++X+X+X+XXXXXX+XX+++++++
+X++XXXXX+XXXXXXX+XX+++++
+X++XX+++X+X++XX+XX+X+X++
+++X+X++XXXX+XXXXX+++X++X
++++++XXXXXX+XXXX++++X++X
++++++++++X++X+XXXX+X+X++
++++++++++X+X+X+X+XX+++++
+++++++++XX+XXX++++++++++
+++++++++XXX++X++++++++++
+++++++++X+X++X++++++++++
+++++++++XXXXX+++++++++++
+++++++++++XX++++++++++++
++++++++++X++X+++++++++++
+++++++++++++++++++++++++
+++++++++++XX++++++++++++
+++++++++++++++++++++++++
+++++++++++++++++++++++++
+++++++++++++++++++++++++
+++++++++++++++++++++++++

+++++++++++++XX++++++++++
++++++++++++X++X+++++++++
+++++++++++X+XXXX++++++++
+++++++++++X+X+XX++++++++
+++++++++++XX+X+X++++++++
++++++XXX++XX+XXX++++++++
++++XXXX++X+++X+X++++++++
++X+X+X+XXX++XXXXXXX+++++
++X+X+XX+X+XXX+X++++XX+++
++++XX++XX+XXX+XX+XX+X+X+
++++++XXXXXXXX+X+XXX+X+X+
++++++++++XXX+XX+X++XX+++
++++++++++XXXXX+X+XX+++++
+++++++++X+X+XX++++++++++
+++++++++XX+X+X++++++++++
+++++++++XXXX+X++++++++++
++++++++++X++X+++++++++++
++++++++++XXXX+++++++++++
+++++++++++++++++++++++++
+++++++++++XX++++++++++++
+++++++++++++++++++++++++
+++++++++++++++++++++++++
+++++++++++++++++++++++++
+++++++++++++++++++++++++
+++++++++++++++++++++++++

+++++++++++++XX++++++++++
++++++++++++XX+X+++++++++
+++++++++++X+XXXX++++++++
+++++++++++X+X+XX++++++++
+++++++++++XX+X+X++++++++
+++++XXXX++XX+XXXX+++++++
+++XXXXX+XXXXXX+X++++++++
+XX+XXX+XXX++XXXXXXX+++++
+XX+X+XX+X+XXX+X+XX+XXX++
+++XXX++XX+XXX+XXXXX+X+XX
++++++XXXXXXXX+X+XXX+X+XX
++++++++++XXX+XXXXX+XXX++
++++++++++XXXXX+X+XX+++++
+++++++++X+X+XX++++++++++
+++++++++XX+X+X++++++++++
+++++++++XXXX+X++++++++++
+++++++++XXX+X+++++++++++
++++++++++XXXX+++++++++++
++++++++++X++X+++++++++++
+++++++++++XX++++++++++++
+++++++++++XX++++++++++++
+++++++++++++++++++++++++
+++++++++++++++++++++++++
+++++++++++++++++++++++++
+++++++++++++++++++++++++

+++++++++++++++++++++++++
++++++++++++XXXX+++++++++
+++++++++++X+X++X++++++++
+++++++++++X+++XX++++++++
+++++++++++X++X+X++++++++
+++++XXXX++++X+X+X+++++++
+++X+X+XXXXXXXXXXX+++++++
+X+XXX++X+X++XXXX+XX+++++
+X+XX+X+XX+XXX+XXXX+X+X++
+++X+X++XX+X+XXXXX++XXX+X
++++++XXXXXX+XXX++++XXX+X
++++++++++X++++XXXX+X+X++
++++++++++X+X+X+X+XX+++++
+++++++++X+++XX++++++++++
+++++++++XX+++X++++++++++
+++++++++X++X+X++++++++++
+++++++++XXX+X+++++++++++
+++++++++++XX++++++++++++
++++++++++XXXX+++++++++++
+++++++++++++++++++++++++
+++++++++++XX++++++++++++
+++++++++++++++++++++++++
+++++++++++++++++++++++++
+++++++++++++++++++++++++
+++++++++++++++++++++++++

+++++++++++++++++++++++++
++++++++++++XXXX+++++++++
+++++++++++X++++X++++++++
+++++++++++X+XX+X++++++++
+++++++++++XX+X+X++++++++
++++++XXX++XXXXX+++++++++
+++++X+++XXXX+XXX++++++++
+++X+X+XXXXXXXXX+XXX+++++
+++X+X+X+XX+++X+XX++X++++
+++++X++XXXX++++X+X+X+X++
++++++XXXXXX+XXXXXX+X+X++
++++++++++XXXXXX+X++X++++
++++++++++XXXXX+++XX+++++
+++++++++X+X+XX++++++++++
+++++++++X+XX+X++++++++++
+++++++++X++++X++++++++++
++++++++++XXXX+++++++++++
+++++++++++++++++++++++++
+++++++++++XX++++++++++++
+++++++++++++++++++++++++
+++++++++++++++++++++++++
+++++++++++++++++++++++++
+++++++++++++++++++++++++
+++++++++++++++++++++++++
+++++++++++++++++++++++++

+++++++++++++XX++++++++++
++++++++++++XXXX+++++++++
+++++++++++X+++XX++++++++
+++++++++++X+XXXX++++++++
+++++++++++XX+X+X++++++++
++++++XXX++XXXXXX++++++++
++++XXXX+XXXX+XXX++++++++
++XX+X+XXXXXXXXX+XXX+++++
++XX+X+X+XX+++X+XX++XX+++
++++XX++XXXX+++XX+XXX+XX+
++++++XXXXXXXXXXXXXXX+XX+
++++++++++XXXXXX+X++XX+++
++++++++++XXXXX+++XX+++++
+++++++++X+X+XX++++++++++
+++++++++XXXX+X++++++++++
+++++++++XX+++X++++++++++
++++++++++XXXX+++++++++++
++++++++++X++X+++++++++++
+++++++++++XX++++++++++++
+++++++++++XX++++++++++++
+++++++++++++++++++++++++
+++++++++++++++++++++++++
+++++++++++++++++++++++++
+++++++++++++++++++++++++
+++++++++++++++++++++++++

+++++++++++++XX++++++++++
++++++++++++XXXX+++++++++
+++++++++++X+++XX++++++++
+++++++++++X+XXXX++++++++
+++++++++++XX+X+X++++++++
+++++XXXX++XXXXXXX+++++++
+++XXXXX+XXXXXXXX++++++++
+XXX+X+XXXXXXXXXXXXX+++++
+XXX+X+X+XX+++XXXXX+XXX++
+++XXX++XXXX+X+XXXXXX+XXX
++++++XXXXXXXXXXXXXXX+XXX
++++++++++XXXXXXXXX+XXX++
++++++++++XXXXX+++XX+++++
+++++++++X+X+XX++++++++++
+++++++++XXXX+X++++++++++
+++++++++XX+++X++++++++++
+++++++++XXXXX+++++++++++
++++++++++X++X+++++++++++
++++++++++XXXX+++++++++++
+++++++++++XX++++++++++++
+++++++++++XX++++++++++++
+++++++++++++++++++++++++
+++++++++++++++++++++++++
+++++++++++++++++++++++++
+++++++++++++++++++++++++

+++++++++++++++++++++++++
++++++++++++XX+X+++++++++
+++++++++++X++X+X++++++++
+++++++++++X++XXX++++++++
+++++++++++X++X+X++++++++
+++++XXXX++++++X+X+++++++
+++X+X+XXXXXXXX+XX+++++++
+X+++XXXX+XXXXXXX+XX+++++
+X+++X++XXX+++XX+XX+X+X++
+++X+X++XXXXXXXXXX++++++X
++++++XXXXXX+X+XX+++++++X
++++++++++X++X+XXXX+X+X++
++++++++++X+X+X+++XX+++++
+++++++++X+++XX++++++++++
+++++++++XXX++X++++++++++
+++++++++X+X++X++++++++++
+++++++++XXXXX+++++++++++
+++++++++++++++++++++++++
++++++++++X++X+++++++++++
+++++++++++++++++++++++++
+++++++++++XX++++++++++++
+++++++++++++++++++++++++
+++++++++++++++++++++++++
+++++++++++++++++++++++++
+++++++++++++++++++++++++

+++++++++++++XX++++++++++
++++++++++++X++X+++++++++
+++++++++++X+XXXX++++++++
+++++++++++X+X+XX++++++++
+++++++++++XXXXXX++++++++
++++++XXX++XX+XXX++++++++
++++XXXXX+X+++X+X++++++++
++X+++X+XXX++XXX+XXX+++++
++X+++XXXXX+XX+X++++XX+++
++++XX++XX+X+++XXXXX+++X+
++++++XXXXXXXXXX+XXX+++X+
++++++++++XXX+XX+X++XX+++
++++++++++XXXXX+++XX+++++
+++++++++XXXXXX++++++++++
+++++++++XX+X+X++++++++++
+++++++++XXXX+X++++++++++
++++++++++X++X+++++++++++
++++++++++X++X+++++++++++
+++++++++++++++++++++++++
+++++++++++XX++++++++++++
+++++++++++++++++++++++++
+++++++++++++++++++++++++
+++++++++++++++++++++++++
+++++++++++++++++++++++++
+++++++++++++++++++++++++

+++++++++++++XX++++++++++
++++++++++++XX+X+++++++++
+++++++++++X+XXXX++++++++
+++++++++++X+X+XX++++++++
+++++++++++XXXXXX++++++++
+++++XXXX++XX+XXXX+++++++
+++XXXXXXXXXXXX+X++++++++
+XX++XX+XXX++XXXXXXX+++++
+XX+++XXXXX+XX+X+XX+XXX++
+++XXX++XX+X+X+XXXXX+++XX
++++++XXXXXXXXXX+XXX+++XX
++++++++++XXX+XXXXX+XXX++
++++++++++XXXXX+++XX+++++
+++++++++XXXXXX++++++++++
+++++++++XX+X+X++++++++++
+++++++++XXXX+X++++++++++
+++++++++XXX+X+++++++++++
++++++++++X++X+++++++++++
++++++++++X++X+++++++++++
+++++++++++XX++++++++++++
+++++++++++XX++++++++++++
+++++++++++++++++++++++++
+++++++++++++++++++++++++
+++++++++++++++++++++++++
+++++++++++++++++++++++++

+++++++++++++++++++++++++
++++++++++++XXXX+++++++++
+++++++++++X+X++X++++++++
+++++++++++X+++XX++++++++
+++++++++++X+XXXX++++++++
+++++XXXX++++X+X+X+++++++
+++X+X+X+XXXXXXXXX+++++++
+X+X+X++X+X++XXXX+XX+++++
+X+X++X++XX+XX+XXXX+X+X++
+++X+X++XX+XXXXXXX++X+X+X
++++++XXXXXX+X+X++++X+X+X
++++++++++X++++XXXX+X+X++
++++++++++X+X+X+++XX+++++
+++++++++XX+XXX++++++++++
+++++++++XX+++X++++++++++
+++++++++X++X+X++++++++++
+++++++++XXX+X+++++++++++
+++++++++++++++++++++++++
++++++++++XXXX+++++++++++
+++++++++++++++++++++++++
+++++++++++XX++++++++++++
+++++++++++++++++++++++++
+++++++++++++++++++++++++
+++++++++++++++++++++++++
+++++++++++++++++++++++++

+++++++++++++++++++++++++
+++++++++++++XX++++++++++
++++++++++++XXXX+++++++++
+++++++++++XXXXXX++++++++
+++++++++++XXX+XX++++++++
+++++++XXX+++++XX++++++++
++++++XXXX++XX+++++++++++
+++++XXX+++++++XXXX++++++
+++++XXXX+X+X+XXXXXX+++++
++++++XXX+X++XXX+XXXX++++
+++++++XX+++++X+X+XXX++++
++++++++++++XXXXXXXX+++++
+++++++++XX+++++XXX++++++
+++++++++XX+XXX++++++++++
+++++++++XXXXXX++++++++++
++++++++++XXXX+++++++++++
+++++++++++XX++++++++++++
+++++++++++++++++++++++++
+++++++++++++++++++++++++
+++++++++++++++++++++++++
+++++++++++++++++++++++++
+++++++++++++++++++++++++
+++++++++++++++++++++++++
+++++++++++++++++++++++++
+++++++++++++++++++++++++

+++++++++++++XX++++++++++
+++++++++++++XX++++++++++
++++++++++++XXXX+++++++++
+++++++++++XXXXXX++++++++
+++++++++++XXX+XX++++++++
+++++++XXX+++++XX++++++++
++++++XXXX++XX+++++++++++
++++XXXX+++XX++XXXX++++++
++++XXXXX+XXX+XXXXXX+++++
++++++XXX+XXXXXX+XXXXX+++
+++++++XX+++XXX+X+XXXX+++
++++++++++++XXXXXXXX+++++
+++++++++XX+++++XXX++++++
+++++++++XX+XXX++++++++++
+++++++++XXXXXX++++++++++
++++++++++XXXX+++++++++++
+++++++++++XX++++++++++++
+++++++++++XX++++++++++++
+++++++++++++++++++++++++
+++++++++++++++++++++++++
+++++++++++++++++++++++++
+++++++++++++++++++++++++
+++++++++++++++++++++++++
+++++++++++++++++++++++++
+++++++++++++++++++++++++

+++++++++++++XX++++++++++
+++++++++++++XX++++++++++
++++++++++++XXXX+++++++++
+++++++++++XXXXXX++++++++
+++++++++++XXXXXX++++++++
+++++++XXX++++XXX++++++++
++++++XXXX+XXX+XX++++++++
+++XXXXXXXXXXXXXXXX++++++
+++XXXXXX+XXX+XXXXXX+++++
++++++XXX+XXXXXXXXXXXXX++
+++++++XX+++XXX+X+XXXXX++
++++++++++++XXXXXXXX+++++
+++++++++XXX++++XXX++++++
+++++++++XXXXXX++++++++++
+++++++++XXXXXX++++++++++
++++++++++XXXX+++++++++++
+++++++++++XX++++++++++++
+++++++++++XX++++++++++++
+++++++++++XX++++++++++++
+++++++++++++++++++++++++
+++++++++++++++++++++++++
+++++++++++++++++++++++++
+++++++++++++++++++++++++
+++++++++++++++++++++++++
+++++++++++++++++++++++++

+++++++++++++XX++++++++++
+++++++++++++XX++++++++++
++++++++++++XXXX+++++++++
+++++++++++XXXXXX++++++++
+++++++++++XXXXXX++++++++
+++++++XXX+XX+XXX++++++++
++++X+XXXX+XXX+XX++++++++
++XXXXXXXXXXXXXXXXX++++++
++XXXXXXX+XXX+XXXXXX+X+++
++++X+XXX+XXXXXXXXXXXXXX+
+++++++XX++XXXXXXXXXXXXX+
+++++++++++XXXXXXXXX+X+++
+++++++++XXX+X++XXX++++++
+++++++++XXXXXX++++++++++
+++++++++XXXXXX++++++++++
++++++++++XXXX+++++++++++
+++++++++++XX++++++++++++
++++++++++XXXX+++++++++++
+++++++++++XX++++++++++++
+++++++++++XX++++++++++++
+++++++++++++++++++++++++
+++++++++++++++++++++++++
+++++++++++++++++++++++++
+++++++++++++++++++++++++
+++++++++++++++++++++++++

+++++++++++++XX++++++++++
+++++++++++++XXX+++++++++
++++++++++++XXXXX++++++++
+++++++++++XXXXXX++++++++
+++++++++++XXXXXX++++++++
+++++XXXXX+XX+XXXX+++++++
+++XXXXXXXXXXX+XX++++++++
+XXXXXXXXXXXXXXXXXX++++++
+XXXXXXXXXXXX+XXXXXXXXX++
+++XX+XXX+XXXXXXXXXXXXXXX
+++++++XX+XXXXXXXXXXXXXXX
+++++++++++XXXXXXXXXXXX++
+++++++++XXX+X++XXX++++++
+++++++++XXXXXX++++++++++
+++++++++XXXXXX++++++++++
+++++++++XXXXX+++++++++++
+++++++++XXXX++++++++++++
++++++++++XXXX+++++++++++
++++++++++XXXX+++++++++++
+++++++++++XX++++++++++++
+++++++++++XX++++++++++++
+++++++++++++++++++++++++
+++++++++++++++++++++++++
+++++++++++++++++++++++++
+++++++++++++++++++++++++

+++++++++++++++++++++++++
+++++++++++++X+X+++++++++
++++++++++++XX++X++++++++
+++++++++++XX+XXX++++++++
+++++++++++X+XXXX++++++++
+++++XXXXX+++X+X+X+++++++
+++X+X+X+XXXXX++XX+++++++
+X++XX+XX+XXXXXXX+X++++++
+X++XXX++XXXX+XX+XXXX+X++
+++X++XXX+XX+X+XXX+++X++X
+++++++XX+XX+X+XX++++X++X
+++++++++++++X+XXXXXX+X++
+++++++++XX+++++XXX++++++
+++++++++XX+XXX++++++++++
+++++++++XXX+XX++++++++++
+++++++++X++XX+++++++++++
+++++++++XXXX++++++++++++
+++++++++++XX++++++++++++
++++++++++X++X+++++++++++
+++++++++++++++++++++++++
+++++++++++XX++++++++++++
+++++++++++++++++++++++++
+++++++++++++++++++++++++
+++++++++++++++++++++++++
+++++++++++++++++++++++++

+++++++++++++XX++++++++++
+++++++++++++++++++++++++
++++++++++++X++X+++++++++
+++++++++++XXX+XX++++++++
+++++++++++XX+X+X++++++++
+++++++XXX+XXXXXX++++++++
++++X+XX+++++X++X++++++++
++X+X+++XXX++XXXXXX++++++
++X+X++X++XX+X++++XX+X+++
++++X+XXX++XXXXXX+XX+X+X+
+++++++XX++XXXXX+XXX+X+X+
+++++++++++XX+XXXXXX+X+++
+++++++++XXX+X++XXX++++++
+++++++++X+X+XX++++++++++
+++++++++XX+XXX++++++++++
++++++++++X++X+++++++++++
+++++++++++++++++++++++++
++++++++++XXXX+++++++++++
+++++++++++++++++++++++++
+++++++++++XX++++++++++++
+++++++++++++++++++++++++
+++++++++++++++++++++++++
+++++++++++++++++++++++++
+++++++++++++++++++++++++
+++++++++++++++++++++++++

+++++++++++++XX++++++++++
+++++++++++++X+X+++++++++
++++++++++++X++XX++++++++
+++++++++++XXX+XX++++++++
+++++++++++XX+X+X++++++++
+++++XXXXX+XXXXXXX+++++++
+++XXXXX+XXXXX++X++++++++
+XX+XX++XXX++XXXXXX++++++
+XX+X++X+XXX+X+X+XXXXXX++
+++XX+XXX++XXXXXXXXX+X+XX
+++++++XX+XXXXXX+XXX+X+XX
+++++++++++XX+XXXXXXXXX++
+++++++++XXX+X++XXX++++++
+++++++++X+X+XX++++++++++
+++++++++XX+XXX++++++++++
+++++++++XX++X+++++++++++
+++++++++XXX+++++++++++++
++++++++++XXXX+++++++++++
++++++++++X++X+++++++++++
+++++++++++XX++++++++++++
+++++++++++XX++++++++++++
+++++++++++++++++++++++++
+++++++++++++++++++++++++
+++++++++++++++++++++++++
+++++++++++++++++++++++++

+++++++++++++++++++++++++
+++++++++++++XXX+++++++++
++++++++++++X+X+X++++++++
+++++++++++XX++XX++++++++
+++++++++++X++X+X++++++++
+++++XXXXX+++++X+X+++++++
+++X+X+XXXXXXX+XXX+++++++
+X+XXXX+X+X++XXXX+X++++++
+X+XX+++XXXX+X+XXXXXX+X++
+++X++XXX++X+X+XXX++XXX+X
+++++++XX+XX+X+X++++XXX+X
+++++++++++++++XXXXXX+X++
+++++++++XX+++++XXX++++++
+++++++++X+++XX++++++++++
+++++++++XX++XX++++++++++
+++++++++X+X+X+++++++++++
+++++++++XXX+++++++++++++
+++++++++++XX++++++++++++
++++++++++XXXX+++++++++++
+++++++++++++++++++++++++
+++++++++++XX++++++++++++
+++++++++++++++++++++++++
+++++++++++++++++++++++++
+++++++++++++++++++++++++
+++++++++++++++++++++++++

+++++++++++++++++++++++++
+++++++++++++XX++++++++++
++++++++++++XXXX+++++++++
+++++++++++XXXXXX++++++++
+++++++++++XX+X+X++++++++
+++++++XXX++++XXX++++++++
++++++XX+X+XXX+XX++++++++
+++X+XXXXXXXXXXX+XX++++++
+++X+XXX++++X+XXXXXX+++++
++++++XXX+XX++X+X+XXX+X++
+++++++XX++X+X++X+XXX+X++
++++++++++++XXXXXXXX+++++
+++++++++XXX+++++XX++++++
+++++++++X+X+XX++++++++++
+++++++++XXXXXX++++++++++
++++++++++XXXX+++++++++++
+++++++++++XX++++++++++++
+++++++++++++++++++++++++
+++++++++++XX++++++++++++
+++++++++++++++++++++++++
+++++++++++++++++++++++++
+++++++++++++++++++++++++
+++++++++++++++++++++++++
+++++++++++++++++++++++++
+++++++++++++++++++++++++

+++++++++++++XX++++++++++
+++++++++++++XX++++++++++
++++++++++++XXXX+++++++++
+++++++++++XXXXXX++++++++
+++++++++++XX+X+X++++++++
+++++++XXX+XX+XXX++++++++
++++X+XX+X+XXX+XX++++++++
++XX+XXXXXXXXXXX+XX++++++
++XX+XXX++++X+XXXXXX+X+++
++++X+XXX+XX++XXX+XXX+XX+
+++++++XX++XXX+XXXXXX+XX+
+++++++++++XXXXXXXXX+X+++
+++++++++XXX+X+++XX++++++
+++++++++X+X+XX++++++++++
+++++++++XXXXXX++++++++++
++++++++++XXXX+++++++++++
+++++++++++XX++++++++++++
++++++++++X++X+++++++++++
+++++++++++XX++++++++++++
+++++++++++XX++++++++++++
+++++++++++++++++++++++++
+++++++++++++++++++++++++
+++++++++++++++++++++++++
+++++++++++++++++++++++++
+++++++++++++++++++++++++

+++++++++++++XX++++++++++
+++++++++++++XXX+++++++++
++++++++++++XXXXX++++++++
+++++++++++XXXXXX++++++++
+++++++++++XX+X+X++++++++
+++++XXXXX+XX+XXXX+++++++
+++XXXXX+XXXXX+XX++++++++
+XXX+XXXXXXXXXXXXXX++++++
+XXX+XXX+X++X+XXXXXXXXX++
+++XX+XXX+XX+XXXXXXXX+XXX
+++++++XX+XXXX+XXXXXX+XXX
+++++++++++XXXXXXXXXXXX++
+++++++++XXX+X+++XX++++++
+++++++++X+X+XX++++++++++
+++++++++XXXXXX++++++++++
+++++++++XXXXX+++++++++++
+++++++++XXXX++++++++++++
++++++++++X++X+++++++++++
++++++++++XXXX+++++++++++
+++++++++++XX++++++++++++
+++++++++++XX++++++++++++
+++++++++++++++++++++++++
+++++++++++++++++++++++++
+++++++++++++++++++++++++
+++++++++++++++++++++++++

+++++++++++++++++++++++++
+++++++++++++X+X+++++++++
++++++++++++XX++X++++++++
+++++++++++XX+XXX++++++++
+++++++++++X++X+X++++++++
+++++XXXXX+++X+X+X+++++++
+++X+X+XXXXXXX++XX+++++++
+X+++X+XX+XXXXXXX+X++++++
+X+++XX+XX++X+XX+XXXX+X++
+++X++XXX+XXXX+XXX++++++X
+++++++XX+XX+XXXX+++++++X
+++++++++++++X+XXXXXX+X++
+++++++++XX++++++XX++++++
+++++++++X+++XX++++++++++
+++++++++XXX+XX++++++++++
+++++++++X++XX+++++++++++
+++++++++XXXX++++++++++++
+++++++++++++++++++++++++
++++++++++X++X+++++++++++
+++++++++++++++++++++++++
+++++++++++XX++++++++++++
+++++++++++++++++++++++++
+++++++++++++++++++++++++
+++++++++++++++++++++++++
+++++++++++++++++++++++++

+++++++++++++XX++++++++++
+++++++++++++++++++++++++
++++++++++++X++X+++++++++
+++++++++++XXX+XX++++++++
+++++++++++XXXXXX++++++++
+++++++XXX+XXXXXX++++++++
++++X+XXX++++X++X++++++++
++X+++++XXX++XXX+XX++++++
++X++++XX++++X++++XX+X+++
++++X+XXX++X++XXXXXX+++X+
+++++++XX++XXX+X+XXX+++X+
+++++++++++XX+XXXXXX+X+++
+++++++++XXX+X+++XX++++++
+++++++++XXXXXX++++++++++
+++++++++XX+XXX++++++++++
++++++++++X++X+++++++++++
+++++++++++++++++++++++++
++++++++++X++X+++++++++++
+++++++++++++++++++++++++
+++++++++++XX++++++++++++
+++++++++++++++++++++++++
+++++++++++++++++++++++++
+++++++++++++++++++++++++
+++++++++++++++++++++++++
+++++++++++++++++++++++++

+++++++++++++XX++++++++++
+++++++++++++X+X+++++++++
++++++++++++X++XX++++++++
+++++++++++XXX+XX++++++++
+++++++++++XXXXXX++++++++
+++++XXXXX+XXXXXXX+++++++
+++XXXXXXXXXXX++X++++++++
+XX++X++XXX++XXXXXX++++++
+XX++++XXX+++X+X+XXXXXX++
+++XX+XXX++X+XXXXXXX+++XX
+++++++XX+XXXX+X+XXX+++XX
+++++++++++XX+XXXXXXXXX++
+++++++++XXX+X+++XX++++++
+++++++++XXXXXX++++++++++
+++++++++XX+XXX++++++++++
+++++++++XX++X+++++++++++
+++++++++XXX+++++++++++++
++++++++++X++X+++++++++++
++++++++++X++X+++++++++++
+++++++++++XX++++++++++++
+++++++++++XX++++++++++++
+++++++++++++++++++++++++
+++++++++++++++++++++++++
+++++++++++++++++++++++++
+++++++++++++++++++++++++

+++++++++++++++++++++++++
+++++++++++++XXX+++++++++
++++++++++++X+X+X++++++++
+++++++++++XX++XX++++++++
+++++++++++X+XXXX++++++++
+++++XXXXX+++++X+X+++++++
+++X+X+X+XXXXX+XXX+++++++
+X+X+XX+X+X++XXXX+X++++++
+X+X+++++X+++X+XXXXXX+X++
+++X++XXX++XXX+XXX++X+X+X
+++++++XX+XX+XXX++++X+X+X
+++++++++++++++XXXXXX+X++
+++++++++XX++++++XX++++++
+++++++++XX+XXX++++++++++
+++++++++XX++XX++++++++++
+++++++++X+X+X+++++++++++
+++++++++XXX+++++++++++++
+++++++++++++++++++++++++
++++++++++XXXX+++++++++++
+++++++++++++++++++++++++
+++++++++++XX++++++++++++
+++++++++++++++++++++++++
+++++++++++++++++++++++++
+++++++++++++++++++++++++
+++++++++++++++++++++++++

+++++++++++++XX++++++++++
++++++++++++X++X+++++++++
+++++++++++X++++X++++++++
+++++++++++X+XX+X++++++++
++++++++++++XXXX+++++++++
++++++XX+X++XXXXX++++++++
+++++X++XX++X++++++++++++
++++X++XXX+XXXXXX+XX+++++
++++X++XXX+X+XX++X++X++++
+++++X++XXXXXX+XXXX++X+++
++++++XX++++XXX+++X++X+++
+++++++++++++XXX+X++X++++
+++++++++XXXXX++XXXX+++++
++++++++++XXXX+++++++++++
+++++++++X+XX+X++++++++++
+++++++++X++++X++++++++++
++++++++++X++X+++++++++++
+++++++++++XX++++++++++++
+++++++++++++++++++++++++
+++++++++++++++++++++++++
+++++++++++++++++++++++++
+++++++++++++++++++++++++
+++++++++++++++++++++++++
+++++++++++++++++++++++++
+++++++++++++++++++++++++

+++++++++++++XX++++++++++
++++++++++++XXXX+++++++++
+++++++++++X++++X++++++++
+++++++++++X+XX+X++++++++
++++++++++++XXXX+++++++++
++++++XX+X++XXXXX++++++++
+++++X++XX+XX++XX++++++++
+++XXX+XXXXXXXXXX+XX+++++
+++XXX+XXX+X+XX++X++X++++
+++++X++XXXXXX+XXXX+XXX++
++++++XX++++XXX+X+X+XXX++
++++++++++++XXXX+X++X++++
+++++++++XXXXX++XXXX+++++
++++++++++XXXX+++++++++++
+++++++++X+XX+X++++++++++
+++++++++X++++X++++++++++
++++++++++XXXX+++++++++++
+++++++++++XX++++++++++++
+++++++++++XX++++++++++++
+++++++++++++++++++++++++
+++++++++++++++++++++++++
+++++++++++++++++++++++++
+++++++++++++++++++++++++
+++++++++++++++++++++++++
+++++++++++++++++++++++++

+++++++++++++XX++++++++++
++++++++++++XXXX+++++++++
+++++++++++X+++XX++++++++
+++++++++++X+XXXX++++++++
++++++++++++XXXX+++++++++
++++++XX+X+XXXXXX++++++++
++++XXXXXX+XX++XX++++++++
++XXXX+XXXXXXXXXXXXX+++++
++XXXX+XXX+X+XX++X++XX+++
++++XX++XXXXXX+XXXXXXXXX+
++++++XX+++XXXXXXXXXXXXX+
+++++++++++XXXXX+X++XX+++
+++++++++XXXXX++XXXX+++++
++++++++++XXXX+++++++++++
+++++++++XXXX+X++++++++++
+++++++++XX+++X++++++++++
++++++++++XXXX+++++++++++
++++++++++XXXX+++++++++++
+++++++++++XX++++++++++++
+++++++++++XX++++++++++++
+++++++++++++++++++++++++
+++++++++++++++++++++++++
+++++++++++++++++++++++++
+++++++++++++++++++++++++
+++++++++++++++++++++++++

+++++++++++++XX++++++++++
++++++++++++XXXX+++++++++
+++++++++++X+++XX++++++++
+++++++++++X+XXXX++++++++
+++++++++++XXXXXX++++++++
+++++XXX+X+XXXXXXX+++++++
+++XXXXXXXXXXX+XX++++++++
+XXXXX+XXXXXXXXXXXXX+++++
+XXXXX+XXX+X+XXX+XX+XXX++
+++XXX++XXXXXX+XXXXXXXXXX
++++++XX++XXXXXXXXXXXXXXX
+++++++++++XXXXXXXX+XXX++
+++++++++XXXXX++XXXX+++++
+++++++++XXXXX+++++++++++
+++++++++XXXX+X++++++++++
+++++++++XX+++X++++++++++
+++++++++XXXXX+++++++++++
++++++++++XXXX+++++++++++
++++++++++XXXX+++++++++++
+++++++++++XX++++++++++++
+++++++++++XX++++++++++++
+++++++++++++++++++++++++
+++++++++++++++++++++++++
+++++++++++++++++++++++++
+++++++++++++++++++++++++

+++++++++++++++++++++++++
++++++++++++XX+X+++++++++
+++++++++++X++X+X++++++++
+++++++++++X++XXX++++++++
+++++++++++X+XXXX++++++++
+++++XXX+X+++++X+X+++++++
+++X+X+X+XXXXX++XX+++++++
+X++XXXXX+XXXXXXX+XX+++++
+X++XX+++X+X+XXXXXX+X+X++
+++X+X++XXXX+XXXXX+++X++X
++++++XX++XX+X+XX++++X++X
+++++++++++++X+XXXX+X+X++
+++++++++XX+X+++XXXX+++++
+++++++++XX+XX+++++++++++
+++++++++XXX++X++++++++++
+++++++++X+X++X++++++++++
+++++++++XXXXX+++++++++++
+++++++++++XX++++++++++++
++++++++++X++X+++++++++++
+++++++++++++++++++++++++
+++++++++++XX++++++++++++
+++++++++++++++++++++++++
+++++++++++++++++++++++++
+++++++++++++++++++++++++
+++++++++++++++++++++++++

+++++++++++++XX++++++++++
++++++++++++X++X+++++++++
+++++++++++X+XXXX++++++++
+++++++++++X+X+XX++++++++
++++++++++++X+X++++++++++
++++++XX+X+XX+XXX++++++++
++++XXXX++++++++X++++++++
++X+X+X+XXX++XXXXXXX+++++
++X+X+XX+X+XX++XX+++XX+++
++++XX++XX+XXX+XX+XX+X+X+
++++++XX+++XXXXX+XXX+X+X+
+++++++++++XX+XX+X++XX+++
+++++++++XXXXX++XXXX+++++
+++++++++++X+X+++++++++++
+++++++++XX+X+X++++++++++
+++++++++XXXX+X++++++++++
++++++++++X++X+++++++++++
++++++++++XXXX+++++++++++
+++++++++++++++++++++++++
+++++++++++XX++++++++++++
+++++++++++++++++++++++++
+++++++++++++++++++++++++
+++++++++++++++++++++++++
+++++++++++++++++++++++++
+++++++++++++++++++++++++

+++++++++++++XX++++++++++
++++++++++++XX+X+++++++++
+++++++++++X+XXXX++++++++
+++++++++++X+X+XX++++++++
+++++++++++XX+X+X++++++++
+++++XXX+X+XX+XXXX+++++++
+++XXXXX+XXXXX++X++++++++
+XX+XXX+XXX++XXXXXXX+++++
+XX+X+XX+X+XX++XXXX+XXX++
+++XXX++XX+XXX+XXXXX+X+XX
++++++XX++XXXXXX+XXX+X+XX
+++++++++++XX+XXXXX+XXX++
+++++++++XXXXX++XXXX+++++
+++++++++X+X+X+++++++++++
+++++++++XX+X+X++++++++++
+++++++++XXXX+X++++++++++
+++++++++XXX+X+++++++++++
++++++++++XXXX+++++++++++
++++++++++X++X+++++++++++
+++++++++++XX++++++++++++
+++++++++++XX++++++++++++
+++++++++++++++++++++++++
+++++++++++++++++++++++++
+++++++++++++++++++++++++
+++++++++++++++++++++++++

+++++++++++++++++++++++++
++++++++++++XXXX+++++++++
+++++++++++X+X++X++++++++
+++++++++++X+++XX++++++++
+++++++++++X++X+X++++++++
+++++XXX+X+++X+X+X+++++++
+++X+X+XXXXXXX+XXX+++++++
+X+XXX++X+X++XXXX+XX+++++
+X+XX+X+XX+XX++X+XX+X+X++
+++X+X++XX+X+XXXXX++XXX+X
++++++XX++XX+X+X++++XXX+X
+++++++++++++++XXXX+X+X++
+++++++++XX+X+++XXXX+++++
+++++++++X+++X+++++++++++
+++++++++XX+++X++++++++++
+++++++++X++X+X++++++++++
+++++++++XXX+X+++++++++++
+++++++++++XX++++++++++++
++++++++++XXXX+++++++++++
+++++++++++++++++++++++++
+++++++++++XX++++++++++++
+++++++++++++++++++++++++
+++++++++++++++++++++++++
+++++++++++++++++++++++++
+++++++++++++++++++++++++

+++++++++++++++++++++++++
++++++++++++XXXX+++++++++
+++++++++++X++++X++++++++
+++++++++++X+XX+X++++++++
++++++++++++X+X++++++++++
++++++XX+X++XXXXX++++++++
+++++X+++X+XX++XX++++++++
+++X+X+XXXXXXXXX++XX+++++
+++X+X+X+XX++XX++X++X++++
+++++X++XXXX++++X+X+X+X++
++++++XX+++X+X++X+X+X+X++
++++++++++++XXXX+X++X++++
+++++++++XXXXX+++XXX+++++
+++++++++++X+X+++++++++++
+++++++++X+XX+X++++++++++
+++++++++X++++X++++++++++
++++++++++XXXX+++++++++++
+++++++++++++++++++++++++
+++++++++++XX++++++++++++
+++++++++++++++++++++++++
+++++++++++++++++++++++++
+++++++++++++++++++++++++
+++++++++++++++++++++++++
+++++++++++++++++++++++++
+++++++++++++++++++++++++

+++++++++++++XX++++++++++
++++++++++++XXXX+++++++++
+++++++++++X+++XX++++++++
+++++++++++X+XXXX++++++++
++++++++++++X+X++++++++++
++++++XX+X+XXXXXX++++++++
++++XXXX+X+XX++XX++++++++
++XX+X+XXXXXXXXX+XXX+++++
++XX+X+X+XX++XX++X++XX+++
++++XX++XXXX+++XX+XXX+XX+
++++++XX+++XXX+XXXXXX+XX+
+++++++++++XXXXX+X++XX+++
+++++++++XXXXX+++XXX+++++
+++++++++++X+X+++++++++++
+++++++++XXXX+X++++++++++
+++++++++XX+++X++++++++++
++++++++++XXXX+++++++++++
++++++++++X++X+++++++++++
+++++++++++XX++++++++++++
+++++++++++XX++++++++++++
+++++++++++++++++++++++++
+++++++++++++++++++++++++
+++++++++++++++++++++++++
+++++++++++++++++++++++++
+++++++++++++++++++++++++

+++++++++++++XX++++++++++
++++++++++++XXXX+++++++++
+++++++++++X+++XX++++++++
+++++++++++X+XXXX++++++++
+++++++++++XX+X+X++++++++
+++++XXX+X+XXXXXXX+++++++
+++XXXXX+XXXXX+XX++++++++
+XXX+X+XXXXXXXXXXXXX+++++
+XXX+X+X+XX++XXX+XX+XXX++
+++XXX++XXXX+X+XXXXXX+XXX
++++++XX++XXXX+XXXXXX+XXX
+++++++++++XXXXXXXX+XXX++
+++++++++XXXXX+++XXX+++++
+++++++++X+X+X+++++++++++
+++++++++XXXX+X++++++++++
+++++++++XX+++X++++++++++
+++++++++XXXXX+++++++++++
++++++++++X++X+++++++++++
++++++++++XXXX+++++++++++
+++++++++++XX++++++++++++
+++++++++++XX++++++++++++
+++++++++++++++++++++++++
+++++++++++++++++++++++++
+++++++++++++++++++++++++
+++++++++++++++++++++++++

+++++++++++++++++++++++++
++++++++++++XX+X+++++++++
+++++++++++X++X+X++++++++
+++++++++++X++XXX++++++++
+++++++++++X++X+X++++++++
+++++XXX+X+++++X+X+++++++
+++X+X+XXXXXXX++XX+++++++
+X+++XXXX+XXXXXXX+XX+++++
+X+++X++XXX++XXXXXX+X+X++
+++X+X++XXXXXXXXXX++++++X
++++++XX++XX+XXXX+++++++X
+++++++++++++X+XXXX+X+X++
+++++++++XX+X++++XXX+++++
+++++++++X+++X+++++++++++
+++++++++XXX++X++++++++++
+++++++++X+X++X++++++++++
+++++++++XXXXX+++++++++++
+++++++++++++++++++++++++
++++++++++X++X+++++++++++
+++++++++++++++++++++++++
+++++++++++XX++++++++++++
+++++++++++++++++++++++++
+++++++++++++++++++++++++
+++++++++++++++++++++++++
+++++++++++++++++++++++++

+++++++++++++XX++++++++++
++++++++++++X++X+++++++++
+++++++++++X+XXXX++++++++
+++++++++++X+X+XX++++++++
++++++++++++XXXX+++++++++
++++++XX+X+XX+XXX++++++++
++++XXXXX+++++++X++++++++
++X+++X+XXX++XXX+XXX+++++
++X+++XXXXX+X++XX+++XX+++
++++XX++XX+X+++XXXXX+++X+
++++++XX+++XXX+X+XXX+++X+
+++++++++++XX+XX+X++XX+++
+++++++++XXXXX+++XXX+++++
++++++++++XXXX+++++++++++
+++++++++XX+X+X++++++++++
+++++++++XXXX+X++++++++++
++++++++++X++X+++++++++++
++++++++++X++X+++++++++++
+++++++++++++++++++++++++
+++++++++++XX++++++++++++
+++++++++++++++++++++++++
+++++++++++++++++++++++++
+++++++++++++++++++++++++
+++++++++++++++++++++++++
+++++++++++++++++++++++++

+++++++++++++XX++++++++++
++++++++++++XX+X+++++++++
+++++++++++X+XXXX++++++++
+++++++++++X+X+XX++++++++
+++++++++++XXXXXX++++++++
+++++XXX+X+XX+XXXX+++++++
+++XXXXXXXXXXX++X++++++++
+XX++XX+XXX++XXXXXXX+++++
+XX+++XXXXX+X++XXXX+XXX++
+++XXX++XX+X+X+XXXXX+++XX
++++++XX++XXXX+X+XXX+++XX
+++++++++++XX+XXXXX+XXX++
+++++++++XXXXX+++XXX+++++
+++++++++XXXXX+++++++++++
+++++++++XX+X+X++++++++++
+++++++++XXXX+X++++++++++
+++++++++XXX+X+++++++++++
++++++++++X++X+++++++++++
++++++++++X++X+++++++++++
+++++++++++XX++++++++++++
+++++++++++XX++++++++++++
+++++++++++++++++++++++++
+++++++++++++++++++++++++
+++++++++++++++++++++++++
+++++++++++++++++++++++++

+++++++++++++++++++++++++
++++++++++++XXXX+++++++++
+++++++++++X+X++X++++++++
+++++++++++X+++XX++++++++
+++++++++++X+XXXX++++++++
+++++XXX+X+++X+X+X+++++++
+++X+X+X+XXXXX+XXX+++++++
+X+X+X++X+X++XXXX+XX+++++
+X+X++X++XX+X++X+XX+X+X++
+++X+X++XX+XXXXXXX++X+X+X
++++++XX++XX+XXX++++X+X+X
+++++++++++++++XXXX+X+X++
+++++++++XX+X++++XXX+++++
+++++++++XX+XX+++++++++++
+++++++++XX+++X++++++++++
+++++++++X++X+X++++++++++
+++++++++XXX+X+++++++++++
+++++++++++++++++++++++++
++++++++++XXXX+++++++++++
+++++++++++++++++++++++++
+++++++++++XX++++++++++++
+++++++++++++++++++++++++
+++++++++++++++++++++++++
+++++++++++++++++++++++++
+++++++++++++++++++++++++

+++++++++++++++++++++++++
+++++++++++++++++++++++++
+++++++++++++XX++++++++++
++++++++++++XXXX+++++++++
++++++++++++XXXX+++++++++
+++++++++++X+++X+++++++++
+++++++XXXXXXXXX+++++++++
++++++XXX+X++++XX++++++++
++++++XXX+X++X+X+XX++++++
+++++++XX+X+XX+X+XXX+++++
+++++++++XX+X++X+XXX+++++
++++++++++XXXXXXXXX++++++
++++++++++X+++X++++++++++
++++++++++XXXX+++++++++++
++++++++++XXXX+++++++++++
+++++++++++XX++++++++++++
+++++++++++++++++++++++++
+++++++++++++++++++++++++
+++++++++++++++++++++++++
+++++++++++++++++++++++++
+++++++++++++++++++++++++
+++++++++++++++++++++++++
+++++++++++++++++++++++++
+++++++++++++++++++++++++
+++++++++++++++++++++++++

+++++++++++++++++++++++++
+++++++++++++XX++++++++++
++++++++++++XXXX+++++++++
+++++++++++XXXXXX++++++++
++++++++++++XXXX+++++++++
+++++++X+++X+++X+++++++++
++++++XXXXXXXXXX+++++++++
+++++XXXX+X++++XX+X++++++
+++++XXXX+X+XXXX+XXX+++++
++++++XXX+X+XX+X+XXXX++++
+++++++X+XX+X++X+XXXX++++
++++++++++XXXXXXXXXX+++++
++++++++++X+++X+++X++++++
++++++++++XXXX+++++++++++
+++++++++XXXXXX++++++++++
++++++++++XXXX+++++++++++
+++++++++++XX++++++++++++
+++++++++++++++++++++++++
+++++++++++++++++++++++++
+++++++++++++++++++++++++
+++++++++++++++++++++++++
+++++++++++++++++++++++++
+++++++++++++++++++++++++
+++++++++++++++++++++++++
+++++++++++++++++++++++++

+++++++++++++XX++++++++++
+++++++++++++XX++++++++++
++++++++++++XXXX+++++++++
+++++++++++XXXXXX++++++++
++++++++++++XXXX+++++++++
+++++++X+++X+++X+++++++++
++++++XXXXXXXXXX+++++++++
++++XXXXX+XXX++XX+X++++++
++++XXXXX+XXXXXX+XXX+++++
++++++XXX+XXXX+X+XXXXX+++
+++++++X+XX+XX+X+XXXXX+++
++++++++++XXXXXXXXXX+++++
++++++++++X+++X+X+X++++++
++++++++++XXXX+++++++++++
+++++++++XXXXXX++++++++++
++++++++++XXXX+++++++++++
+++++++++++XX++++++++++++
+++++++++++XX++++++++++++
+++++++++++++++++++++++++
+++++++++++++++++++++++++
+++++++++++++++++++++++++
+++++++++++++++++++++++++
+++++++++++++++++++++++++
+++++++++++++++++++++++++
+++++++++++++++++++++++++

+++++++++++++XX++++++++++
+++++++++++++XX++++++++++
++++++++++++XXXX+++++++++
+++++++++++XXXXXX++++++++
++++++++++++XXXX+++++++++
+++++++X+++X++XX+++++++++
++++++XXXXXXXXXXX++++++++
+++XXXXXXXXXXXXXX+X++++++
+++XXXXXX+XXXXXX+XXX+++++
++++++XXX+XXXX+XXXXXXXX++
+++++++X+XX+XX+XXXXXXXX++
++++++++++XXXXXXXXXX+++++
++++++++++XX++X+X+X++++++
++++++++++XXXX+++++++++++
+++++++++XXXXXX++++++++++
++++++++++XXXX+++++++++++
+++++++++++XX++++++++++++
+++++++++++XX++++++++++++
+++++++++++XX++++++++++++
+++++++++++++++++++++++++
+++++++++++++++++++++++++
+++++++++++++++++++++++++
+++++++++++++++++++++++++
+++++++++++++++++++++++++
+++++++++++++++++++++++++

+++++++++++++XX++++++++++
+++++++++++++XX++++++++++
++++++++++++XXXX+++++++++
+++++++++++XXXXXX++++++++
++++++++++++XXXX+++++++++
+++++++X+++XX+XXX++++++++
++++X+XXXXXXXXXXX++++++++
++XXXXXXXXXXXXXXXXX++++++
++XXXXXXX+XXXXXX+XXX+X+++
++++X+XXX+XXXX+XXXXXXXXX+
+++++++X+XXXXX+XXXXXXXXX+
++++++++++XXXXXXXXXX+X+++
++++++++++XX+XX+X+X++++++
++++++++++XXXX+++++++++++
+++++++++XXXXXX++++++++++
++++++++++XXXX+++++++++++
+++++++++++XX++++++++++++
++++++++++XXXX+++++++++++
+++++++++++XX++++++++++++
+++++++++++XX++++++++++++
+++++++++++++++++++++++++
+++++++++++++++++++++++++
+++++++++++++++++++++++++
+++++++++++++++++++++++++
+++++++++++++++++++++++++

+++++++++++++XX++++++++++
+++++++++++++XXX+++++++++
++++++++++++XXXXX++++++++
+++++++++++XXXXXX++++++++
+++++++++++XXXXXX++++++++
+++++XXX+++XX+XXXX+++++++
+++XXXXXXXXXXXXXX++++++++
+XXXXXXXXXXXXXXXXXX++++++
+XXXXXXXXXXXXXXX+XXXXXX++
+++XX+XXX+XXXX+XXXXXXXXXX
+++++++X+XXXXX+XXXXXXXXXX
++++++++++XXXXXXXXXXXXX++
++++++++++XX+XX+X+X++++++
+++++++++XXXXX+++++++++++
+++++++++XXXXXX++++++++++
+++++++++XXXXX+++++++++++
+++++++++XXXX++++++++++++
++++++++++XXXX+++++++++++
++++++++++XXXX+++++++++++
+++++++++++XX++++++++++++
+++++++++++XX++++++++++++
+++++++++++++++++++++++++
+++++++++++++++++++++++++
+++++++++++++++++++++++++
+++++++++++++++++++++++++

+++++++++++++++++++++++++
+++++++++++++X+X+++++++++
++++++++++++XX++X++++++++
+++++++++++XX+XXX++++++++
+++++++++++X+XXXX++++++++
+++++XXX+++++X+X+X+++++++
+++X+X+X+XXXXXX+XX+++++++
+X++XX+XX+XXXXXXX+X++++++
+X++XXX++XXXXXXXXXXXX+X++
+++X++XXX+XX+XXXXX+++X++X
+++++++X+XXX+XXXX++++X++X
++++++++++X++X+XXXXXX+X++
++++++++++X+++X+X+X++++++
+++++++++XX+XX+++++++++++
+++++++++XXX+XX++++++++++
+++++++++X++XX+++++++++++
+++++++++XXXX++++++++++++
+++++++++++XX++++++++++++
++++++++++X++X+++++++++++
+++++++++++++++++++++++++
+++++++++++XX++++++++++++
+++++++++++++++++++++++++
+++++++++++++++++++++++++
+++++++++++++++++++++++++
+++++++++++++++++++++++++

+++++++++++++XX++++++++++
+++++++++++++++++++++++++
++++++++++++X++X+++++++++
+++++++++++XXX+XX++++++++
++++++++++++X+X++++++++++
+++++++X+++XXXXXX++++++++
++++X+XX++X++XX+X++++++++
++X+X+++XXX++XXXXXX++++++
++X+X++X++XX++++X+XX+X+++
++++X+XXX++XXX+XX+XX+X+X+
+++++++X+XXXXX+X+XXX+X+X+
++++++++++XXX+XXXXXX+X+++
++++++++++XX+XX+X+X++++++
+++++++++++X+X+++++++++++
+++++++++XX+XXX++++++++++
++++++++++X++X+++++++++++
+++++++++++++++++++++++++
++++++++++XXXX+++++++++++
+++++++++++++++++++++++++
+++++++++++XX++++++++++++
+++++++++++++++++++++++++
+++++++++++++++++++++++++
+++++++++++++++++++++++++
+++++++++++++++++++++++++
+++++++++++++++++++++++++

+++++++++++++XX++++++++++
+++++++++++++X+X+++++++++
++++++++++++X++XX++++++++
+++++++++++XXX+XX++++++++
+++++++++++XX+X+X++++++++
+++++XXX+++XXXXXXX+++++++
+++XXXXX+XXXXXX+X++++++++
+XX+XX++XXX++XXXXXX++++++
+XX+X++X+XXX+++XXXXXXXX++
+++XX+XXX++XXX+XXXXX+X+XX
+++++++X+XXXXX+X+XXX+X+XX
++++++++++XXX+XXXXXXXXX++
++++++++++XX+XX+X+X++++++
+++++++++X+X+X+++++++++++
+++++++++XX+XXX++++++++++
+++++++++XX++X+++++++++++
+++++++++XXX+++++++++++++
++++++++++XXXX+++++++++++
++++++++++X++X+++++++++++
+++++++++++XX++++++++++++
+++++++++++XX++++++++++++
+++++++++++++++++++++++++
+++++++++++++++++++++++++
+++++++++++++++++++++++++
+++++++++++++++++++++++++

+++++++++++++++++++++++++
+++++++++++++XXX+++++++++
++++++++++++X+X+X++++++++
+++++++++++XX++XX++++++++
+++++++++++X++X+X++++++++
+++++XXX+++++++X+X+++++++
+++X+X+XXXXXXXXXXX+++++++
+X+XXXX+X+X++XXXX+X++++++
+X+XX+++XXXX+++X+XXXX+X++
+++X++XXX++X+XXXXX++XXX+X
+++++++X+XXX+XXX++++XXX+X
++++++++++X++++XXXXXX+X++
++++++++++X+++X+X+X++++++
+++++++++X+++X+++++++++++
+++++++++XX++XX++++++++++
+++++++++X+X+X+++++++++++
+++++++++XXX+++++++++++++
+++++++++++XX++++++++++++
++++++++++XXXX+++++++++++
+++++++++++++++++++++++++
+++++++++++XX++++++++++++
+++++++++++++++++++++++++
+++++++++++++++++++++++++
+++++++++++++++++++++++++
+++++++++++++++++++++++++

+++++++++++++++++++++++++
+++++++++++++XX++++++++++
++++++++++++XXXX+++++++++
+++++++++++XXXXXX++++++++
++++++++++++X+X++++++++++
+++++++X+++X++XX+++++++++
++++++XX+XXXXXXXX++++++++
+++X+XXXXXXXXXXX++X++++++
+++X+XXX++++XXXX+XXX+++++
++++++XXX+XX++++X+XXX+X++
+++++++X+XXX+XXXXXXXX+X++
++++++++++XXXXXXXXXX+++++
++++++++++XX++X+++X++++++
+++++++++++X+X+++++++++++
+++++++++XXXXXX++++++++++
++++++++++XXXX+++++++++++
+++++++++++XX++++++++++++
+++++++++++++++++++++++++
+++++++++++XX++++++++++++
+++++++++++++++++++++++++
+++++++++++++++++++++++++
+++++++++++++++++++++++++
+++++++++++++++++++++++++
+++++++++++++++++++++++++
+++++++++++++++++++++++++

+++++++++++++XX++++++++++
+++++++++++++XX++++++++++
++++++++++++XXXX+++++++++
+++++++++++XXXXXX++++++++
++++++++++++X+X++++++++++
+++++++X+++XX+XXX++++++++
++++X+XX+XXXXXXXX++++++++
++XX+XXXXXXXXXXX+XX++++++
++XX+XXX++++XXXX+XXX+X+++
++++X+XXX+XX+++XX+XXX+XX+
+++++++X+XXXXXXXXXXXX+XX+
++++++++++XXXXXXXXXX+X+++
++++++++++XX+XX+++X++++++
+++++++++++X+X+++++++++++
+++++++++XXXXXX++++++++++
++++++++++XXXX+++++++++++
+++++++++++XX++++++++++++
++++++++++X++X+++++++++++
+++++++++++XX++++++++++++
+++++++++++XX++++++++++++
+++++++++++++++++++++++++
+++++++++++++++++++++++++
+++++++++++++++++++++++++
+++++++++++++++++++++++++
+++++++++++++++++++++++++

+++++++++++++XX++++++++++
+++++++++++++XXX+++++++++
++++++++++++XXXXX++++++++
+++++++++++XXXXXX++++++++
+++++++++++XX+X+X++++++++
+++++XXX+++XX+XXXX+++++++
+++XXXXX+XXXXXXXX++++++++
+XXX+XXXXXXXXXXXXXX++++++
+XXX+XXX+X++XXXX+XXXXXX++
+++XX+XXX+XX+X+XXXXXX+XXX
+++++++X+XXXXXXXXXXXX+XXX
++++++++++XXXXXXXXXXXXX++
++++++++++XX+XX+++X++++++
+++++++++X+X+X+++++++++++
+++++++++XXXXXX++++++++++
+++++++++XXXXX+++++++++++
+++++++++XXXX++++++++++++
++++++++++X++X+++++++++++
++++++++++XXXX+++++++++++
+++++++++++XX++++++++++++
+++++++++++XX++++++++++++
+++++++++++++++++++++++++
+++++++++++++++++++++++++
+++++++++++++++++++++++++
+++++++++++++++++++++++++

+++++++++++++++++++++++++
+++++++++++++X+X+++++++++
++++++++++++XX++X++++++++
+++++++++++XX+XXX++++++++
+++++++++++X++X+X++++++++
+++++XXX+++++X+X+X+++++++
+++X+X+XXXXXXXX+XX+++++++
+X+++X+XX+XXXXXXX+X++++++
+X+++XX+XX++XXXXXXXXX+X++
+++X++XXX+XXXXXXXX++++++X
+++++++X+XXX+X+XX+++++++X
++++++++++X++X+XXXXXX+X++
++++++++++X+++X+++X++++++
+++++++++X+++X+++++++++++
+++++++++XXX+XX++++++++++
+++++++++X++XX+++++++++++
+++++++++XXXX++++++++++++
+++++++++++++++++++++++++
++++++++++X++X+++++++++++
+++++++++++++++++++++++++
+++++++++++XX++++++++++++
+++++++++++++++++++++++++
+++++++++++++++++++++++++
+++++++++++++++++++++++++
+++++++++++++++++++++++++

+++++++++++++XX++++++++++
+++++++++++++++++++++++++
++++++++++++X++X+++++++++
+++++++++++XXX+XX++++++++
++++++++++++XXXX+++++++++
+++++++X+++XXXXXX++++++++
++++X+XXX+X++XX+X++++++++
++X+++++XXX++XXX+XX++++++
++X++++XX+++++++X+XX+X+++
++++X+XXX++X+++XXXXX+++X+
+++++++X+XXXXXXX+XXX+++X+
++++++++++XXX+XXXXXX+X+++
++++++++++XX+XX+++X++++++
++++++++++XXXX+++++++++++
+++++++++XX+XXX++++++++++
++++++++++X++X+++++++++++
+++++++++++++++++++++++++
++++++++++X++X+++++++++++
+++++++++++++++++++++++++
+++++++++++XX++++++++++++
+++++++++++++++++++++++++
+++++++++++++++++++++++++
+++++++++++++++++++++++++
+++++++++++++++++++++++++
+++++++++++++++++++++++++

+++++++++++++XX++++++++++
+++++++++++++X+X+++++++++
++++++++++++X++XX++++++++
+++++++++++XXX+XX++++++++
+++++++++++XXXXXX++++++++
+++++XXX+++XXXXXXX+++++++
+++XXXXXXXXXXXX+X++++++++
+XX++X++XXX++XXXXXX++++++
+XX++++XXX+++++XXXXXXXX++
+++XX+XXX++X+X+XXXXX+++XX
+++++++X+XXXXXXX+XXX+++XX
++++++++++XXX+XXXXXXXXX++
++++++++++XX+XX+++X++++++
+++++++++XXXXX+++++++++++
+++++++++XX+XXX++++++++++
+++++++++XX++X+++++++++++
+++++++++XXX+++++++++++++
++++++++++X++X+++++++++++
++++++++++X++X+++++++++++
+++++++++++XX++++++++++++
+++++++++++XX++++++++++++
+++++++++++++++++++++++++
+++++++++++++++++++++++++
+++++++++++++++++++++++++
+++++++++++++++++++++++++

+++++++++++++++++++++++++
+++++++++++++XXX+++++++++
++++++++++++X+X+X++++++++
+++++++++++XX++XX++++++++
+++++++++++X+XXXX++++++++
+++++XXX+++++++X+X+++++++
+++X+X+X+XXXXXXXXX+++++++
+X+X+XX+X+X++XXXX+X++++++
+X+X+++++X+++++X+XXXX+X++
+++X++XXX++XXXXXXX++X+X+X
+++++++X+XXX+X+X++++X+X+X
++++++++++X++++XXXXXX+X++
++++++++++X+++X+++X++++++
+++++++++XX+XX+++++++++++
+++++++++XX++XX++++++++++
+++++++++X+X+X+++++++++++
+++++++++XXX+++++++++++++
+++++++++++++++++++++++++
++++++++++XXXX+++++++++++
+++++++++++++++++++++++++
+++++++++++XX++++++++++++
+++++++++++++++++++++++++
+++++++++++++++++++++++++
+++++++++++++++++++++++++
+++++++++++++++++++++++++

+++++++++++++XX++++++++++
++++++++++++X++X+++++++++
+++++++++++X++++X++++++++
+++++++++++X+XX+X++++++++
+++++++++++XXX+XX++++++++
++++++XXX++XXXXX+++++++++
+++++X++XXXXX+XX+++++++++
++++X++X+XXXXXXXXXXX+++++
++++X++XXX+X++X+XX++X++++
+++++X++XXXXXXXXXXX++X+++
++++++XXXXX+XX+XXXX++X+++
++++++++++XX+XXX+X++X++++
++++++++++XXXXX+X+XX+++++
+++++++++XX+XXX++++++++++
+++++++++X+XX+X++++++++++
+++++++++X++++X++++++++++
++++++++++X++X+++++++++++
+++++++++++XX++++++++++++
+++++++++++++++++++++++++
+++++++++++++++++++++++++
+++++++++++++++++++++++++
+++++++++++++++++++++++++
+++++++++++++++++++++++++
+++++++++++++++++++++++++
+++++++++++++++++++++++++

+++++++++++++XX++++++++++
++++++++++++XXXX+++++++++
+++++++++++X++++X++++++++
+++++++++++X+XX+X++++++++
+++++++++++XXXXXX++++++++
++++++XXX++XXXXX+++++++++
+++++X++XXXXX+XXX++++++++
+++XXX+XXXXXXXXXXXXX+++++
+++XXX+XXX+X++X+XX++X++++
+++++X++XXXXXXXXXXX+XXX++
++++++XXXXX+XX+XXXX+XXX++
++++++++++XXXXXX+X++X++++
++++++++++XXXXX+X+XX+++++
+++++++++XXXXXX++++++++++
+++++++++X+XX+X++++++++++
+++++++++X++++X++++++++++
++++++++++XXXX+++++++++++
+++++++++++XX++++++++++++
+++++++++++XX++++++++++++
+++++++++++++++++++++++++
+++++++++++++++++++++++++
+++++++++++++++++++++++++
+++++++++++++++++++++++++
+++++++++++++++++++++++++
+++++++++++++++++++++++++

+++++++++++++XX++++++++++
++++++++++++XXXX+++++++++
+++++++++++X+++XX++++++++
+++++++++++X+XXXX++++++++
+++++++++++XXXXXX++++++++
++++++XXX++XXXXXX++++++++
++++XXXXXXXXX+XXX++++++++
++XXXX+XXXXXXXXXXXXX+++++
++XXXX+XXX+X++X+XX++XX+++
++++XX++XXXXXXXXXXXXXXXX+
++++++XXXXXXXX+XXXXXXXXX+
++++++++++XXXXXX+X++XX+++
++++++++++XXXXX+X+XX+++++
+++++++++XXXXXX++++++++++
+++++++++XXXX+X++++++++++
+++++++++XX+++X++++++++++
++++++++++XXXX+++++++++++
++++++++++XXXX+++++++++++
+++++++++++XX++++++++++++
+++++++++++XX++++++++++++
+++++++++++++++++++++++++
+++++++++++++++++++++++++
+++++++++++++++++++++++++
+++++++++++++++++++++++++
+++++++++++++++++++++++++

+++++++++++++XX++++++++++
++++++++++++XXXX+++++++++
+++++++++++X+++XX++++++++
+++++++++++X+XXXX++++++++
+++++++++++XXXXXX++++++++
+++++XXXX++XXXXXXX+++++++
+++XXXXXXXXXXXXXX++++++++
+XXXXX+XXXXXXXXXXXXX+++++
+XXXXX+XXX+X++XXXXX+XXX++
+++XXX++XXXXXXXXXXXXXXXXX
++++++XXXXXXXX+XXXXXXXXXX
++++++++++XXXXXXXXX+XXX++
++++++++++XXXXX+X+XX+++++
+++++++++XXXXXX++++++++++
+++++++++XXXX+X++++++++++
+++++++++XX+++X++++++++++
+++++++++XXXXX+++++++++++
++++++++++XXXX+++++++++++
++++++++++XXXX+++++++++++
+++++++++++XX++++++++++++
+++++++++++XX++++++++++++
+++++++++++++++++++++++++
+++++++++++++++++++++++++
+++++++++++++++++++++++++
+++++++++++++++++++++++++

+++++++++++++++++++++++++
++++++++++++XX+X+++++++++
+++++++++++X++X+X++++++++
+++++++++++X++XXX++++++++
+++++++++++X+XXXX++++++++
+++++XXXX++++++X+X+++++++
+++X+X+X+XXXXXX+XX+++++++
+X++XXXXX+XXXXXXX+XX+++++
+X++XX+++X+X++XX+XX+X+X++
+++X+X++XXXX+X+XXX+++X++X
++++++XXXXXX+XXXX++++X++X
++++++++++X++X+XXXX+X+X++
++++++++++X+X+X+X+XX+++++
+++++++++XX+XXX++++++++++
+++++++++XXX++X++++++++++
+++++++++X+X++X++++++++++
+++++++++XXXXX+++++++++++
+++++++++++XX++++++++++++
++++++++++X++X+++++++++++
+++++++++++++++++++++++++
+++++++++++XX++++++++++++
+++++++++++++++++++++++++
+++++++++++++++++++++++++
+++++++++++++++++++++++++
+++++++++++++++++++++++++

+++++++++++++XX++++++++++
++++++++++++X++X+++++++++
+++++++++++X+XXXX++++++++
+++++++++++X+X+XX++++++++
+++++++++++XX+X+X++++++++
++++++XXX++XX+XXX++++++++
++++XXXX++X+++X+X++++++++
++X+X+X+XXX++XXXXXXX+++++
++X+X+XX+X+XXX+X++++XX+++
++++XX++XX+XXXXXX+XX+X+X+
++++++XXXXXXXX+X+XXX+X+X+
++++++++++XXX+XX+X++XX+++
++++++++++XXXXX+X+XX+++++
+++++++++X+X+XX++++++++++
+++++++++XX+X+X++++++++++
+++++++++XXXX+X++++++++++
++++++++++X++X+++++++++++
++++++++++XXXX+++++++++++
+++++++++++++++++++++++++
+++++++++++XX++++++++++++
+++++++++++++++++++++++++
+++++++++++++++++++++++++
+++++++++++++++++++++++++
+++++++++++++++++++++++++
+++++++++++++++++++++++++

+++++++++++++XX++++++++++
++++++++++++XX+X+++++++++
+++++++++++X+XXXX++++++++
+++++++++++X+X+XX++++++++
+++++++++++XX+X+X++++++++
+++++XXXX++XX+XXXX+++++++
+++XXXXX+XXXXXX+X++++++++
+XX+XXX+XXX++XXXXXXX+++++
+XX+X+XX+X+XXX+X+XX+XXX++
+++XXX++XX+XXXXXXXXX+X+XX
++++++XXXXXXXX+X+XXX+X+XX
++++++++++XXX+XXXXX+XXX++
++++++++++XXXXX+X+XX+++++
+++++++++X+X+XX++++++++++
+++++++++XX+X+X++++++++++
+++++++++XXXX+X++++++++++
+++++++++XXX+X+++++++++++
++++++++++XXXX+++++++++++
++++++++++X++X+++++++++++
+++++++++++XX++++++++++++
+++++++++++XX++++++++++++
+++++++++++++++++++++++++
+++++++++++++++++++++++++
+++++++++++++++++++++++++
+++++++++++++++++++++++++

+++++++++++++++++++++++++
++++++++++++XXXX+++++++++
+++++++++++X+X++X++++++++
+++++++++++X+++XX++++++++
+++++++++++X++X+X++++++++
+++++XXXX++++X+X+X+++++++
+++X+X+XXXXXXXXXXX+++++++
+X+XXX++X+X++XXXX+XX+++++
+X+XX+X+XX+XXX+XXXX+X+X++
+++X+X++XX+X+X+XXX++XXX+X
++++++XXXXXX+XXX++++XXX+X
++++++++++X++++XXXX+X+X++
++++++++++X+X+X+X+XX+++++
+++++++++X+++XX++++++++++
+++++++++XX+++X++++++++++
+++++++++X++X+X++++++++++
+++++++++XXX+X+++++++++++
+++++++++++XX++++++++++++
++++++++++XXXX+++++++++++
+++++++++++++++++++++++++
+++++++++++XX++++++++++++
+++++++++++++++++++++++++
+++++++++++++++++++++++++
+++++++++++++++++++++++++
+++++++++++++++++++++++++

+++++++++++++++++++++++++
++++++++++++XXXX+++++++++
+++++++++++X++++X++++++++
+++++++++++X+XX+X++++++++
+++++++++++XX+X+X++++++++
++++++XXX++XXXXX+++++++++
+++++X+++XXXX+XXX++++++++
+++X+X+XXXXXXXXX+XXX+++++
+++X+X+X+XX+++X+XX++X++++
+++++X++XXXX++X+X+X+X+X++
++++++XXXXXX+XXXXXX+X+X++
++++++++++XXXXXX+X++X++++
++++++++++XXXXX+++XX+++++
+++++++++X+X+XX++++++++++
+++++++++X+XX+X++++++++++
+++++++++X++++X++++++++++
++++++++++XXXX+++++++++++
+++++++++++++++++++++++++
+++++++++++XX++++++++++++
+++++++++++++++++++++++++
+++++++++++++++++++++++++
+++++++++++++++++++++++++
+++++++++++++++++++++++++
+++++++++++++++++++++++++
+++++++++++++++++++++++++

+++++++++++++XX++++++++++
++++++++++++XXXX+++++++++
+++++++++++X+++XX++++++++
+++++++++++X+XXXX++++++++
+++++++++++XX+X+X++++++++
++++++XXX++XXXXXX++++++++
++++XXXX+XXXX+XXX++++++++
++XX+X+XXXXXXXXX+XXX+++++
++XX+X+X+XX+++X+XX++XX+++
++++XX++XXXX++XXX+XXX+XX+
++++++XXXXXXXXXXXXXXX+XX+
++++++++++XXXXXX+X++XX+++
++++++++++XXXXX+++XX+++++
+++++++++X+X+XX++++++++++
+++++++++XXXX+X++++++++++
+++++++++XX+++X++++++++++
++++++++++XXXX+++++++++++
++++++++++X++X+++++++++++
+++++++++++XX++++++++++++
+++++++++++XX++++++++++++
+++++++++++++++++++++++++
+++++++++++++++++++++++++
+++++++++++++++++++++++++
+++++++++++++++++++++++++
+++++++++++++++++++++++++

+++++++++++++XX++++++++++
++++++++++++XXXX+++++++++
+++++++++++X+++XX++++++++
+++++++++++X+XXXX++++++++
+++++++++++XX+X+X++++++++
+++++XXXX++XXXXXXX+++++++
+++XXXXX+XXXXXXXX++++++++
+XXX+X+XXXXXXXXXXXXX+++++
+XXX+X+X+XX+++XXXXX+XXX++
+++XXX++XXXX+XXXXXXXX+XXX
++++++XXXXXXXXXXXXXXX+XXX
++++++++++XXXXXXXXX+XXX++
++++++++++XXXXX+++XX+++++
+++++++++X+X+XX++++++++++
+++++++++XXXX+X++++++++++
+++++++++XX+++X++++++++++
+++++++++XXXXX+++++++++++
++++++++++X++X+++++++++++
++++++++++XXXX+++++++++++
+++++++++++XX++++++++++++
+++++++++++XX++++++++++++
+++++++++++++++++++++++++
+++++++++++++++++++++++++
+++++++++++++++++++++++++
+++++++++++++++++++++++++

+++++++++++++++++++++++++
++++++++++++XX+X+++++++++
+++++++++++X++X+X++++++++
+++++++++++X++XXX++++++++
+++++++++++X++X+X++++++++
+++++XXXX++++++X+X+++++++
+++X+X+XXXXXXXX+XX+++++++
+X+++XXXX+XXXXXXX+XX+++++
+X+++X++XXX+++XX+XX+X+X++
+++X+X++XXXXXX+XXX++++++X
++++++XXXXXX+X+XX+++++++X
++++++++++X++X+XXXX+X+X++
++++++++++X+X+X+++XX+++++
+++++++++X+++XX++++++++++
+++++++++XXX++X++++++++++
+++++++++X+X++X++++++++++
+++++++++XXXXX+++++++++++
+++++++++++++++++++++++++
++++++++++X++X+++++++++++
+++++++++++++++++++++++++
+++++++++++XX++++++++++++
+++++++++++++++++++++++++
+++++++++++++++++++++++++
+++++++++++++++++++++++++
+++++++++++++++++++++++++

+++++++++++++XX++++++++++
++++++++++++X++X+++++++++
+++++++++++X+XXXX++++++++
+++++++++++X+X+XX++++++++
+++++++++++XXXXXX++++++++
++++++XXX++XX+XXX++++++++
++++XXXXX+X+++X+X++++++++
++X+++X+XXX++XXX+XXX+++++
++X+++XXXXX+XX+X++++XX+++
++++XX++XX+X++XXXXXX+++X+
++++++XXXXXXXXXX+XXX+++X+
++++++++++XXX+XX+X++XX+++
++++++++++XXXXX+++XX+++++
+++++++++XXXXXX++++++++++
+++++++++XX+X+X++++++++++
+++++++++XXXX+X++++++++++
++++++++++X++X+++++++++++
++++++++++X++X+++++++++++
+++++++++++++++++++++++++
+++++++++++XX++++++++++++
+++++++++++++++++++++++++
+++++++++++++++++++++++++
+++++++++++++++++++++++++
+++++++++++++++++++++++++
+++++++++++++++++++++++++

+++++++++++++XX++++++++++
++++++++++++XX+X+++++++++
+++++++++++X+XXXX++++++++
+++++++++++X+X+XX++++++++
+++++++++++XXXXXX++++++++
+++++XXXX++XX+XXXX+++++++
+++XXXXXXXXXXXX+X++++++++
+XX++XX+XXX++XXXXXXX+++++
+XX+++XXXXX+XX+X+XX+XXX++
+++XXX++XX+X+XXXXXXX+++XX
++++++XXXXXXXXXX+XXX+++XX
++++++++++XXX+XXXXX+XXX++
++++++++++XXXXX+++XX+++++
+++++++++XXXXXX++++++++++
+++++++++XX+X+X++++++++++
+++++++++XXXX+X++++++++++
+++++++++XXX+X+++++++++++
++++++++++X++X+++++++++++
++++++++++X++X+++++++++++
+++++++++++XX++++++++++++
+++++++++++XX++++++++++++
+++++++++++++++++++++++++
+++++++++++++++++++++++++
+++++++++++++++++++++++++
+++++++++++++++++++++++++

+++++++++++++++++++++++++
++++++++++++XXXX+++++++++
+++++++++++X+X++X++++++++
+++++++++++X+++XX++++++++
+++++++++++X+XXXX++++++++
+++++XXXX++++X+X+X+++++++
+++X+X+X+XXXXXXXXX+++++++
+X+X+X++X+X++XXXX+XX+++++
+X+X++X++XX+XX+XXXX+X+X++
+++X+X++XX+XXX+XXX++X+X+X
++++++XXXXXX+X+X++++X+X+X
++++++++++X++++XXXX+X+X++
++++++++++X+X+X+++XX+++++
+++++++++XX+XXX++++++++++
+++++++++XX+++X++++++++++
+++++++++X++X+X++++++++++
+++++++++XXX+X+++++++++++
+++++++++++++++++++++++++
++++++++++XXXX+++++++++++
+++++++++++++++++++++++++
+++++++++++XX++++++++++++
+++++++++++++++++++++++++
+++++++++++++++++++++++++
+++++++++++++++++++++++++
+++++++++++++++++++++++++

+++++++++++++++++++++++++
+++++++++++++XX++++++++++
++++++++++++XXXX+++++++++
+++++++++++XXXXXX++++++++
+++++++++++XXX+XX++++++++
+++++++XXX+++++XX++++++++
++++++XXXX++XX+++++++++++
+++++XXX+++++++XXXX++++++
+++++XXXX+X+X+XXXXXX+++++
++++++XXX+X++X+X+XXXX++++
+++++++XX+++X+X+X+XXX++++
++++++++++++XXXXXXXX+++++
+++++++++XX+++++XXX++++++
+++++++++XX+XXX++++++++++
+++++++++XXXXXX++++++++++
++++++++++XXXX+++++++++++
+++++++++++XX++++++++++++
+++++++++++++++++++++++++
+++++++++++++++++++++++++
+++++++++++++++++++++++++
+++++++++++++++++++++++++
+++++++++++++++++++++++++
+++++++++++++++++++++++++
+++++++++++++++++++++++++
+++++++++++++++++++++++++

+++++++++++++XX++++++++++
+++++++++++++XX++++++++++
++++++++++++XXXX+++++++++
+++++++++++XXXXXX++++++++
+++++++++++XXX+XX++++++++
+++++++XXX+++++XX++++++++
++++++XXXX++XX+++++++++++
++++XXXX+++XX++XXXX++++++
++++XXXXX+XXX+XXXXXX+++++
++++++XXX+XXXX+X+XXXXX+++
+++++++XX+++XXX+X+XXXX+++
++++++++++++XXXXXXXX+++++
+++++++++XX+++++XXX++++++
+++++++++XX+XXX++++++++++
+++++++++XXXXXX++++++++++
++++++++++XXXX+++++++++++
+++++++++++XX++++++++++++
+++++++++++XX++++++++++++
+++++++++++++++++++++++++
+++++++++++++++++++++++++
+++++++++++++++++++++++++
+++++++++++++++++++++++++
+++++++++++++++++++++++++
+++++++++++++++++++++++++
+++++++++++++++++++++++++

+++++++++++++XX++++++++++
+++++++++++++XX++++++++++
++++++++++++XXXX+++++++++
+++++++++++XXXXXX++++++++
+++++++++++XXXXXX++++++++
+++++++XXX++++XXX++++++++
++++++XXXX+XXX+XX++++++++
+++XXXXXXXXXXXXXXXX++++++
+++XXXXXX+XXX+XXXXXX+++++
++++++XXX+XXXX+XXXXXXXX++
+++++++XX+++XXX+X+XXXXX++
++++++++++++XXXXXXXX+++++
+++++++++XXX++++XXX++++++
+++++++++XXXXXX++++++++++
+++++++++XXXXXX++++++++++
++++++++++XXXX+++++++++++
+++++++++++XX++++++++++++
+++++++++++XX++++++++++++
+++++++++++XX++++++++++++
+++++++++++++++++++++++++
+++++++++++++++++++++++++
+++++++++++++++++++++++++
+++++++++++++++++++++++++
+++++++++++++++++++++++++
+++++++++++++++++++++++++

+++++++++++++XX++++++++++
+++++++++++++XX++++++++++
++++++++++++XXXX+++++++++
+++++++++++XXXXXX++++++++
+++++++++++XXXXXX++++++++
+++++++XXX+XX+XXX++++++++
++++X+XXXX+XXX+XX++++++++
++XXXXXXXXXXXXXXXXX++++++
++XXXXXXX+XXX+XXXXXX+X+++
++++X+XXX+XXXX+XXXXXXXXX+
+++++++XX++XXXXXXXXXXXXX+
+++++++++++XXXXXXXXX+X+++
+++++++++XXX+X++XXX++++++
+++++++++XXXXXX++++++++++
+++++++++XXXXXX++++++++++
++++++++++XXXX+++++++++++
+++++++++++XX++++++++++++
++++++++++XXXX+++++++++++
+++++++++++XX++++++++++++
+++++++++++XX++++++++++++
+++++++++++++++++++++++++
+++++++++++++++++++++++++
+++++++++++++++++++++++++
+++++++++++++++++++++++++
+++++++++++++++++++++++++

+++++++++++++XX++++++++++
+++++++++++++XXX+++++++++
++++++++++++XXXXX++++++++
+++++++++++XXXXXX++++++++
+++++++++++XXXXXX++++++++
+++++XXXXX+XX+XXXX+++++++
+++XXXXXXXXXXX+XX++++++++
+XXXXXXXXXXXXXXXXXX++++++
+XXXXXXXXXXXX+XXXXXXXXX++
+++XX+XXX+XXXX+XXXXXXXXXX
+++++++XX+XXXXXXXXXXXXXXX
+++++++++++XXXXXXXXXXXX++
+++++++++XXX+X++XXX++++++
+++++++++XXXXXX++++++++++
+++++++++XXXXXX++++++++++
+++++++++XXXXX+++++++++++
+++++++++XXXX++++++++++++
++++++++++XXXX+++++++++++
++++++++++XXXX+++++++++++
+++++++++++XX++++++++++++
+++++++++++XX++++++++++++
+++++++++++++++++++++++++
+++++++++++++++++++++++++
+++++++++++++++++++++++++
+++++++++++++++++++++++++

+++++++++++++++++++++++++
+++++++++++++X+X+++++++++
++++++++++++XX++X++++++++
+++++++++++XX+XXX++++++++
+++++++++++X+XXXX++++++++
+++++XXXXX+++X+X+X+++++++
+++X+X+X+XXXXX++XX+++++++
+X++XX+XX+XXXXXXX+X++++++
+X++XXX++XXXX+XX+XXXX+X++
+++X++XXX+XX+XXXXX+++X++X
+++++++XX+XX+X+XX++++X++X
+++++++++++++X+XXXXXX+X++
+++++++++XX+++++XXX++++++
+++++++++XX+XXX++++++++++
+++++++++XXX+XX++++++++++
+++++++++X++XX+++++++++++
+++++++++XXXX++++++++++++
+++++++++++XX++++++++++++
++++++++++X++X+++++++++++
+++++++++++++++++++++++++
+++++++++++XX++++++++++++
+++++++++++++++++++++++++
+++++++++++++++++++++++++
+++++++++++++++++++++++++
+++++++++++++++++++++++++

+++++++++++++XX++++++++++
+++++++++++++++++++++++++
++++++++++++X++X+++++++++
+++++++++++XXX+XX++++++++
+++++++++++XX+X+X++++++++
+++++++XXX+XXXXXX++++++++
++++X+XX+++++X++X++++++++
++X+X+++XXX++XXXXXX++++++
++X+X++X++XX+X++++XX+X+++
++++X+XXX++XXX+XX+XX+X+X+
+++++++XX++XXXXX+XXX+X+X+
+++++++++++XX+XXXXXX+X+++
+++++++++XXX+X++XXX++++++
+++++++++X+X+XX++++++++++
+++++++++XX+XXX++++++++++
++++++++++X++X+++++++++++
+++++++++++++++++++++++++
++++++++++XXXX+++++++++++
+++++++++++++++++++++++++
+++++++++++XX++++++++++++
+++++++++++++++++++++++++
+++++++++++++++++++++++++
+++++++++++++++++++++++++
+++++++++++++++++++++++++
+++++++++++++++++++++++++

+++++++++++++XX++++++++++
+++++++++++++X+X+++++++++
++++++++++++X++XX++++++++
+++++++++++XXX+XX++++++++
+++++++++++XX+X+X++++++++
+++++XXXXX+XXXXXXX+++++++
+++XXXXX+XXXXX++X++++++++
+XX+XX++XXX++XXXXXX++++++
+XX+X++X+XXX+X+X+XXXXXX++
+++XX+XXX++XXX+XXXXX+X+XX
+++++++XX+XXXXXX+XXX+X+XX
+++++++++++XX+XXXXXXXXX++
+++++++++XXX+X++XXX++++++
+++++++++X+X+XX++++++++++
+++++++++XX+XXX++++++++++
+++++++++XX++X+++++++++++
+++++++++XXX+++++++++++++
++++++++++XXXX+++++++++++
++++++++++X++X+++++++++++
+++++++++++XX++++++++++++
+++++++++++XX++++++++++++
+++++++++++++++++++++++++
+++++++++++++++++++++++++
+++++++++++++++++++++++++
+++++++++++++++++++++++++

+++++++++++++++++++++++++
+++++++++++++XXX+++++++++
++++++++++++X+X+X++++++++
+++++++++++XX++XX++++++++
+++++++++++X++X+X++++++++
+++++XXXXX+++++X+X+++++++
+++X+X+XXXXXXX+XXX+++++++
+X+XXXX+X+X++XXXX+X++++++
+X+XX+++XXXX+X+XXXXXX+X++
+++X++XXX++X+XXXXX++XXX+X
+++++++XX+XX+X+X++++XXX+X
+++++++++++++++XXXXXX+X++
+++++++++XX+++++XXX++++++
+++++++++X+++XX++++++++++
+++++++++XX++XX++++++++++
+++++++++X+X+X+++++++++++
+++++++++XXX+++++++++++++
+++++++++++XX++++++++++++
++++++++++XXXX+++++++++++
+++++++++++++++++++++++++
+++++++++++XX++++++++++++
+++++++++++++++++++++++++
+++++++++++++++++++++++++
+++++++++++++++++++++++++
+++++++++++++++++++++++++

+++++++++++++++++++++++++
+++++++++++++XX++++++++++
++++++++++++XXXX+++++++++
+++++++++++XXXXXX++++++++
+++++++++++XX+X+X++++++++
+++++++XXX++++XXX++++++++
++++++XX+X+XXX+XX++++++++
+++X+XXXXXXXXXXX+XX++++++
+++X+XXX++++X+XXXXXX+++++
++++++XXX+XX++++X+XXX+X++
+++++++XX++X+X++X+XXX+X++
++++++++++++XXXXXXXX+++++
+++++++++XXX+++++XX++++++
+++++++++X+X+XX++++++++++
+++++++++XXXXXX++++++++++
++++++++++XXXX+++++++++++
+++++++++++XX++++++++++++
+++++++++++++++++++++++++
+++++++++++XX++++++++++++
+++++++++++++++++++++++++
+++++++++++++++++++++++++
+++++++++++++++++++++++++
+++++++++++++++++++++++++
+++++++++++++++++++++++++
+++++++++++++++++++++++++

+++++++++++++XX++++++++++
+++++++++++++XX++++++++++
++++++++++++XXXX+++++++++
+++++++++++XXXXXX++++++++
+++++++++++XX+X+X++++++++
+++++++XXX+XX+XXX++++++++
++++X+XX+X+XXX+XX++++++++
++XX+XXXXXXXXXXX+XX++++++
++XX+XXX++++X+XXXXXX+X+++
++++X+XXX+XX+++XX+XXX+XX+
+++++++XX++XXX+XXXXXX+XX+
+++++++++++XXXXXXXXX+X+++
+++++++++XXX+X+++XX++++++
+++++++++X+X+XX++++++++++
+++++++++XXXXXX++++++++++
++++++++++XXXX+++++++++++
+++++++++++XX++++++++++++
++++++++++X++X+++++++++++
+++++++++++XX++++++++++++
+++++++++++XX++++++++++++
+++++++++++++++++++++++++
+++++++++++++++++++++++++
+++++++++++++++++++++++++
+++++++++++++++++++++++++
+++++++++++++++++++++++++

+++++++++++++XX++++++++++
+++++++++++++XXX+++++++++
++++++++++++XXXXX++++++++
+++++++++++XXXXXX++++++++
+++++++++++XX+X+X++++++++
+++++XXXXX+XX+XXXX+++++++
+++XXXXX+XXXXX+XX++++++++
+XXX+XXXXXXXXXXXXXX++++++
+XXX+XXX+X++X+XXXXXXXXX++
+++XX+XXX+XX+X+XXXXXX+XXX
+++++++XX+XXXX+XXXXXX+XXX
+++++++++++XXXXXXXXXXXX++
+++++++++XXX+X+++XX++++++
+++++++++X+X+XX++++++++++
+++++++++XXXXXX++++++++++
+++++++++XXXXX+++++++++++
+++++++++XXXX++++++++++++
++++++++++X++X+++++++++++
++++++++++XXXX+++++++++++
+++++++++++XX++++++++++++
+++++++++++XX++++++++++++
+++++++++++++++++++++++++
+++++++++++++++++++++++++
+++++++++++++++++++++++++
+++++++++++++++++++++++++

+++++++++++++++++++++++++
+++++++++++++X+X+++++++++
++++++++++++XX++X++++++++
+++++++++++XX+XXX++++++++
+++++++++++X++X+X++++++++
+++++XXXXX+++X+X+X+++++++
+++X+X+XXXXXXX++XX+++++++
+X+++X+XX+XXXXXXX+X++++++
+X+++XX+XX++X+XX+XXXX+X++
+++X++XXX+XXXXXXXX++++++X
+++++++XX+XX+XXXX+++++++X
+++++++++++++X+XXXXXX+X++
+++++++++XX++++++XX++++++
+++++++++X+++XX++++++++++
+++++++++XXX+XX++++++++++
+++++++++X++XX+++++++++++
+++++++++XXXX++++++++++++
+++++++++++++++++++++++++
++++++++++X++X+++++++++++
+++++++++++++++++++++++++
+++++++++++XX++++++++++++
+++++++++++++++++++++++++
+++++++++++++++++++++++++
+++++++++++++++++++++++++
+++++++++++++++++++++++++

+++++++++++++XX++++++++++
+++++++++++++++++++++++++
++++++++++++X++X+++++++++
+++++++++++XXX+XX++++++++
+++++++++++XXXXXX++++++++
+++++++XXX+XXXXXX++++++++
++++X+XXX++++X++X++++++++
++X+++++XXX++XXX+XX++++++
++X++++XX++++X++++XX+X+++
++++X+XXX++X+++XXXXX+++X+
+++++++XX++XXX+X+XXX+++X+
+++++++++++XX+XXXXXX+X+++
+++++++++XXX+X+++XX++++++
+++++++++XXXXXX++++++++++
+++++++++XX+XXX++++++++++
++++++++++X++X+++++++++++
+++++++++++++++++++++++++
++++++++++X++X+++++++++++
+++++++++++++++++++++++++
+++++++++++XX++++++++++++
+++++++++++++++++++++++++
+++++++++++++++++++++++++
+++++++++++++++++++++++++
+++++++++++++++++++++++++
+++++++++++++++++++++++++

+++++++++++++XX++++++++++
+++++++++++++X+X+++++++++
++++++++++++X++XX++++++++
+++++++++++XXX+XX++++++++
+++++++++++XXXXXX++++++++
+++++XXXXX+XXXXXXX+++++++
+++XXXXXXXXXXX++X++++++++
+XX++X++XXX++XXXXXX++++++
+XX++++XXX+++X+X+XXXXXX++
+++XX+XXX++X+X+XXXXX+++XX
+++++++XX+XXXX+X+XXX+++XX
+++++++++++XX+XXXXXXXXX++
+++++++++XXX+X+++XX++++++
+++++++++XXXXXX++++++++++
+++++++++XX+XXX++++++++++
+++++++++XX++X+++++++++++
+++++++++XXX+++++++++++++
++++++++++X++X+++++++++++
++++++++++X++X+++++++++++
+++++++++++XX++++++++++++
+++++++++++XX++++++++++++
+++++++++++++++++++++++++
+++++++++++++++++++++++++
+++++++++++++++++++++++++
+++++++++++++++++++++++++

+++++++++++++++++++++++++
+++++++++++++XXX+++++++++
++++++++++++X+X+X++++++++
+++++++++++XX++XX++++++++
+++++++++++X+XXXX++++++++
+++++XXXXX+++++X+X+++++++
+++X+X+X+XXXXX+XXX+++++++
+X+X+XX+X+X++XXXX+X++++++
+X+X+++++X+++X+XXXXXX+X++
+++X++XXX++XXXXXXX++X+X+X
+++++++XX+XX+XXX++++X+X+X
+++++++++++++++XXXXXX+X++
+++++++++XX++++++XX++++++
+++++++++XX+XXX++++++++++
+++++++++XX++XX++++++++++
+++++++++X+X+X+++++++++++
+++++++++XXX+++++++++++++
+++++++++++++++++++++++++
++++++++++XXXX+++++++++++
+++++++++++++++++++++++++
+++++++++++XX++++++++++++
+++++++++++++++++++++++++
+++++++++++++++++++++++++
+++++++++++++++++++++++++
+++++++++++++++++++++++++

+++++++++++++XX++++++++++
++++++++++++X++X+++++++++
+++++++++++X++++X++++++++
+++++++++++X+XX+X++++++++
++++++++++++XXXX+++++++++
++++++XX+X++XXXXX++++++++
+++++X++XX++X++++++++++++
++++X++XXX+XXXXXX+XX+++++
++++X++XXX+X+XX++X++X++++
+++++X++XXXXXXXXXXX++X+++
++++++XX++++XXX+++X++X+++
+++++++++++++XXX+X++X++++
+++++++++XXXXX++XXXX+++++
++++++++++XXXX+++++++++++
+++++++++X+XX+X++++++++++
+++++++++X++++X++++++++++
++++++++++X++X+++++++++++
+++++++++++XX++++++++++++
+++++++++++++++++++++++++
+++++++++++++++++++++++++
+++++++++++++++++++++++++
+++++++++++++++++++++++++
+++++++++++++++++++++++++
+++++++++++++++++++++++++
+++++++++++++++++++++++++

+++++++++++++XX++++++++++
++++++++++++XXXX+++++++++
+++++++++++X++++X++++++++
+++++++++++X+XX+X++++++++
++++++++++++XXXX+++++++++
++++++XX+X++XXXXX++++++++
+++++X++XX+XX++XX++++++++
+++XXX+XXXXXXXXXX+XX+++++
+++XXX+XXX+X+XX++X++X++++
+++++X++XXXXXXXXXXX+XXX++
++++++XX++++XXX+X+X+XXX++
++++++++++++XXXX+X++X++++
+++++++++XXXXX++XXXX+++++
++++++++++XXXX+++++++++++
+++++++++X+XX+X++++++++++
+++++++++X++++X++++++++++
++++++++++XXXX+++++++++++
+++++++++++XX++++++++++++
+++++++++++XX++++++++++++
+++++++++++++++++++++++++
+++++++++++++++++++++++++
+++++++++++++++++++++++++
+++++++++++++++++++++++++
+++++++++++++++++++++++++
+++++++++++++++++++++++++

+++++++++++++XX++++++++++
++++++++++++XXXX+++++++++
+++++++++++X+++XX++++++++
+++++++++++X+XXXX++++++++
++++++++++++XXXX+++++++++
++++++XX+X+XXXXXX++++++++
++++XXXXXX+XX++XX++++++++
++XXXX+XXXXXXXXXXXXX+++++
++XXXX+XXX+X+XX++X++XX+++
++++XX++XXXXXXXXXXXXXXXX+
++++++XX+++XXXXXXXXXXXXX+
+++++++++++XXXXX+X++XX+++
+++++++++XXXXX++XXXX+++++
++++++++++XXXX+++++++++++
+++++++++XXXX+X++++++++++
+++++++++XX+++X++++++++++
++++++++++XXXX+++++++++++
++++++++++XXXX+++++++++++
+++++++++++XX++++++++++++
+++++++++++XX++++++++++++
+++++++++++++++++++++++++
+++++++++++++++++++++++++
+++++++++++++++++++++++++
+++++++++++++++++++++++++
+++++++++++++++++++++++++

+++++++++++++XX++++++++++
++++++++++++XXXX+++++++++
+++++++++++X+++XX++++++++
+++++++++++X+XXXX++++++++
+++++++++++XXXXXX++++++++
+++++XXX+X+XXXXXXX+++++++
+++XXXXXXXXXXX+XX++++++++
+XXXXX+XXXXXXXXXXXXX+++++
+XXXXX+XXX+X+XXX+XX+XXX++
+++XXX++XXXXXXXXXXXXXXXXX
++++++XX++XXXXXXXXXXXXXXX
+++++++++++XXXXXXXX+XXX++
+++++++++XXXXX++XXXX+++++
+++++++++XXXXX+++++++++++
+++++++++XXXX+X++++++++++
+++++++++XX+++X++++++++++
+++++++++XXXXX+++++++++++
++++++++++XXXX+++++++++++
++++++++++XXXX+++++++++++
+++++++++++XX++++++++++++
+++++++++++XX++++++++++++
+++++++++++++++++++++++++
+++++++++++++++++++++++++
+++++++++++++++++++++++++
+++++++++++++++++++++++++

+++++++++++++++++++++++++
++++++++++++XX+X+++++++++
+++++++++++X++X+X++++++++
+++++++++++X++XXX++++++++
+++++++++++X+XXXX++++++++
+++++XXX+X+++++X+X+++++++
+++X+X+X+XXXXX++XX+++++++
+X++XXXXX+XXXXXXX+XX+++++
+X++XX+++X+X+XXXXXX+X+X++
+++X+X++XXXX+X+XXX+++X++X
++++++XX++XX+X+XX++++X++X
+++++++++++++X+XXXX+X+X++
+++++++++XX+X+++XXXX+++++
+++++++++XX+XX+++++++++++
+++++++++XXX++X++++++++++
+++++++++X+X++X++++++++++
+++++++++XXXXX+++++++++++
+++++++++++XX++++++++++++
++++++++++X++X+++++++++++
+++++++++++++++++++++++++
+++++++++++XX++++++++++++
+++++++++++++++++++++++++
+++++++++++++++++++++++++
+++++++++++++++++++++++++
+++++++++++++++++++++++++

+++++++++++++XX++++++++++
++++++++++++X++X+++++++++
+++++++++++X+XXXX++++++++
+++++++++++X+X+XX++++++++
++++++++++++X+X++++++++++
++++++XX+X+XX+XXX++++++++
++++XXXX++++++++X++++++++
++X+X+X+XXX++XXXXXXX+++++
++X+X+XX+X+XX++XX+++XX+++
++++XX++XX+XXXXXX+XX+X+X+
++++++XX+++XXXXX+XXX+X+X+
+++++++++++XX+XX+X++XX+++
+++++++++XXXXX++XXXX+++++
+++++++++++X+X+++++++++++
+++++++++XX+X+X++++++++++
+++++++++XXXX+X++++++++++
++++++++++X++X+++++++++++
++++++++++XXXX+++++++++++
+++++++++++++++++++++++++
+++++++++++XX++++++++++++
+++++++++++++++++++++++++
+++++++++++++++++++++++++
+++++++++++++++++++++++++
+++++++++++++++++++++++++
+++++++++++++++++++++++++

+++++++++++++XX++++++++++
++++++++++++XX+X+++++++++
+++++++++++X+XXXX++++++++
+++++++++++X+X+XX++++++++
+++++++++++XX+X+X++++++++
+++++XXX+X+XX+XXXX+++++++
+++XXXXX+XXXXX++X++++++++
+XX+XXX+XXX++XXXXXXX+++++
+XX+X+XX+X+XX++XXXX+XXX++
+++XXX++XX+XXXXXXXXX+X+XX
++++++XX++XXXXXX+XXX+X+XX
+++++++++++XX+XXXXX+XXX++
+++++++++XXXXX++XXXX+++++
+++++++++X+X+X+++++++++++
+++++++++XX+X+X++++++++++
+++++++++XXXX+X++++++++++
+++++++++XXX+X+++++++++++
++++++++++XXXX+++++++++++
++++++++++X++X+++++++++++
+++++++++++XX++++++++++++
+++++++++++XX++++++++++++
+++++++++++++++++++++++++
+++++++++++++++++++++++++
+++++++++++++++++++++++++
+++++++++++++++++++++++++

+++++++++++++++++++++++++
++++++++++++XXXX+++++++++
+++++++++++X+X++X++++++++
+++++++++++X+++XX++++++++
+++++++++++X++X+X++++++++
+++++XXX+X+++X+X+X+++++++
+++X+X+XXXXXXX+XXX+++++++
+X+XXX++X+X++XXXX+XX+++++
+X+XX+X+XX+XX++X+XX+X+X++
+++X+X++XX+X+X+XXX++XXX+X
++++++XX++XX+X+X++++XXX+X
+++++++++++++++XXXX+X+X++
+++++++++XX+X+++XXXX+++++
+++++++++X+++X+++++++++++
+++++++++XX+++X++++++++++
+++++++++X++X+X++++++++++
+++++++++XXX+X+++++++++++
+++++++++++XX++++++++++++
++++++++++XXXX+++++++++++
+++++++++++++++++++++++++
+++++++++++XX++++++++++++
+++++++++++++++++++++++++
+++++++++++++++++++++++++
+++++++++++++++++++++++++
+++++++++++++++++++++++++

+++++++++++++++++++++++++
++++++++++++XXXX+++++++++
+++++++++++X++++X++++++++
+++++++++++X+XX+X++++++++
++++++++++++X+X++++++++++
++++++XX+X++XXXXX++++++++
+++++X+++X+XX++XX++++++++
+++X+X+XXXXXXXXX++XX+++++
+++X+X+X+XX++XX++X++X++++
+++++X++XXXX++X+X+X+X+X++
++++++XX+++X+X++X+X+X+X++
++++++++++++XXXX+X++X++++
+++++++++XXXXX+++XXX+++++
+++++++++++X+X+++++++++++
+++++++++X+XX+X++++++++++
+++++++++X++++X++++++++++
++++++++++XXXX+++++++++++
+++++++++++++++++++++++++
+++++++++++XX++++++++++++
+++++++++++++++++++++++++
+++++++++++++++++++++++++
+++++++++++++++++++++++++
+++++++++++++++++++++++++
+++++++++++++++++++++++++
+++++++++++++++++++++++++

+++++++++++++XX++++++++++
++++++++++++XXXX+++++++++
+++++++++++X+++XX++++++++
+++++++++++X+XXXX++++++++
++++++++++++X+X++++++++++
++++++XX+X+XXXXXX++++++++
++++XXXX+X+XX++XX++++++++
++XX+X+XXXXXXXXX+XXX+++++
++XX+X+X+XX++XX++X++XX+++
++++XX++XXXX++XXX+XXX+XX+
++++++XX+++XXX+XXXXXX+XX+
+++++++++++XXXXX+X++XX+++
+++++++++XXXXX+++XXX+++++
+++++++++++X+X+++++++++++
+++++++++XXXX+X++++++++++
+++++++++XX+++X++++++++++
++++++++++XXXX+++++++++++
++++++++++X++X+++++++++++
+++++++++++XX++++++++++++
+++++++++++XX++++++++++++
+++++++++++++++++++++++++
+++++++++++++++++++++++++
+++++++++++++++++++++++++
+++++++++++++++++++++++++
+++++++++++++++++++++++++

+++++++++++++XX++++++++++
++++++++++++XXXX+++++++++
+++++++++++X+++XX++++++++
+++++++++++X+XXXX++++++++
+++++++++++XX+X+X++++++++
+++++XXX+X+XXXXXXX+++++++
+++XXXXX+XXXXX+XX++++++++
+XXX+X+XXXXXXXXXXXXX+++++
+XXX+X+X+XX++XXX+XX+XXX++
+++XXX++XXXX+XXXXXXXX+XXX
++++++XX++XXXX+XXXXXX+XXX
+++++++++++XXXXXXXX+XXX++
+++++++++XXXXX+++XXX+++++
+++++++++X+X+X+++++++++++
+++++++++XXXX+X++++++++++
+++++++++XX+++X++++++++++
+++++++++XXXXX+++++++++++
++++++++++X++X+++++++++++
++++++++++XXXX+++++++++++
+++++++++++XX++++++++++++
+++++++++++XX++++++++++++
+++++++++++++++++++++++++
+++++++++++++++++++++++++
+++++++++++++++++++++++++
+++++++++++++++++++++++++

+++++++++++++++++++++++++
++++++++++++XX+X+++++++++
+++++++++++X++X+X++++++++
+++++++++++X++XXX++++++++
+++++++++++X++X+X++++++++
+++++XXX+X+++++X+X+++++++
+++X+X+XXXXXXX++XX+++++++
+X+++XXXX+XXXXXXX+XX+++++
+X+++X++XXX++XXXXXX+X+X++
+++X+X++XXXXXX+XXX++++++X
++++++XX++XX+XXXX+++++++X
+++++++++++++X+XXXX+X+X++
+++++++++XX+X++++XXX+++++
+++++++++X+++X+++++++++++
+++++++++XXX++X++++++++++
+++++++++X+X++X++++++++++
+++++++++XXXXX+++++++++++
+++++++++++++++++++++++++
++++++++++X++X+++++++++++
+++++++++++++++++++++++++
+++++++++++XX++++++++++++
+++++++++++++++++++++++++
+++++++++++++++++++++++++
+++++++++++++++++++++++++
+++++++++++++++++++++++++

+++++++++++++XX++++++++++
++++++++++++X++X+++++++++
+++++++++++X+XXXX++++++++
+++++++++++X+X+XX++++++++
++++++++++++XXXX+++++++++
++++++XX+X+XX+XXX++++++++
++++XXXXX+++++++X++++++++
++X+++X+XXX++XXX+XXX+++++
++X+++XXXXX+X++XX+++XX+++
++++XX++XX+X++XXXXXX+++X+
++++++XX+++XXX+X+XXX+++X+
+++++++++++XX+XX+X++XX+++
+++++++++XXXXX+++XXX+++++
++++++++++XXXX+++++++++++
+++++++++XX+X+X++++++++++
+++++++++XXXX+X++++++++++
++++++++++X++X+++++++++++
++++++++++X++X+++++++++++
+++++++++++++++++++++++++
+++++++++++XX++++++++++++
+++++++++++++++++++++++++
+++++++++++++++++++++++++
+++++++++++++++++++++++++
+++++++++++++++++++++++++
+++++++++++++++++++++++++

+++++++++++++XX++++++++++
++++++++++++XX+X+++++++++
+++++++++++X+XXXX++++++++
+++++++++++X+X+XX++++++++
+++++++++++XXXXXX++++++++
+++++XXX+X+XX+XXXX+++++++
+++XXXXXXXXXXX++X++++++++
+XX++XX+XXX++XXXXXXX+++++
+XX+++XXXXX+X++XXXX+XXX++
+++XXX++XX+X+XXXXXXX+++XX
++++++XX++XXXX+X+XXX+++XX
+++++++++++XX+XXXXX+XXX++
+++++++++XXXXX+++XXX+++++
+++++++++XXXXX+++++++++++
+++++++++XX+X+X++++++++++
+++++++++XXXX+X++++++++++
+++++++++XXX+X+++++++++++
++++++++++X++X+++++++++++
++++++++++X++X+++++++++++
+++++++++++XX++++++++++++
+++++++++++XX++++++++++++
+++++++++++++++++++++++++
+++++++++++++++++++++++++
+++++++++++++++++++++++++
+++++++++++++++++++++++++

+++++++++++++++++++++++++
++++++++++++XXXX+++++++++
+++++++++++X+X++X++++++++
+++++++++++X+++XX++++++++
+++++++++++X+XXXX++++++++
+++++XXX+X+++X+X+X+++++++
+++X+X+X+XXXXX+XXX+++++++
+X+X+X++X+X++XXXX+XX+++++
+X+X++X++XX+X++X+XX+X+X++
+++X+X++XX+XXX+XXX++X+X+X
++++++XX++XX+XXX++++X+X+X
+++++++++++++++XXXX+X+X++
+++++++++XX+X++++XXX+++++
+++++++++XX+XX+++++++++++
+++++++++XX+++X++++++++++
+++++++++X++X+X++++++++++
+++++++++XXX+X+++++++++++
+++++++++++++++++++++++++
++++++++++XXXX+++++++++++
+++++++++++++++++++++++++
+++++++++++XX++++++++++++
+++++++++++++++++++++++++
+++++++++++++++++++++++++
+++++++++++++++++++++++++
+++++++++++++++++++++++++

